{"numTotalTestSuites":138,"numPassedTestSuites":123,"numFailedTestSuites":15,"numPendingTestSuites":0,"numTotalTests":784,"numPassedTests":743,"numFailedTests":37,"numPendingTests":4,"numTodoTests":0,"snapshot":{"added":0,"failure":false,"filesAdded":0,"filesRemoved":0,"filesRemovedList":[],"filesUnmatched":0,"filesUpdated":0,"matched":8,"total":8,"unchecked":0,"uncheckedKeysByFile":[],"unmatched":0,"updated":0,"didUpdate":false},"startTime":1789702601637,"success":false,"testResults":[{"assertionResults":[{"ancestorTitles":["desktop backend controller"],"fullName":"desktop backend controller shares preparation and startup between concurrent retries","status":"passed","title":"shares preparation and startup between concurrent retries","duration":12.972999999999956,"failureMessages":[],"meta":{},"tags":[]},{"ancestorTitles":["desktop backend controller"],"fullName":"desktop backend controller waits for pending preparation on close and never spawns afterward","status":"passed","title":"waits for pending preparation on close and never spawns afterward","duration":7.117300000000114,"failureMessages":[],"meta":{},"tags":[]},{"ancestorTitles":["desktop backend controller"],"fullName":"desktop backend controller stops a pending child once and waits for startup and child exit on close","status":"passed","title":"stops a pending child once and waits for startup and child exit on close","duration":2.4190000000000964,"failureMessages":[],"meta":{},"tags":[]},{"ancestorTitles":["desktop backend controller"],"fullName":"desktop backend controller publishes preparation errors and permits retry","status":"passed","title":"publishes preparation errors and permits retry","duration":2.491999999999962,"failureMessages":[],"meta":{},"tags":[]},{"ancestorTitles":["desktop backend controller"],"fullName":"desktop backend controller cleans up a failed startup before rejecting and displays the actual failure","status":"passed","title":"cleans up a failed startup before rejecting and displays the actual failure","duration":1.7369000000001051,"failureMessages":[],"meta":{},"tags":[]},{"ancestorTitles":["desktop backend controller"],"fullName":"desktop backend controller waits for failed ready child cleanup before preparing a retry","status":"passed","title":"waits for failed ready child cleanup before preparing a retry","duration":2.182900000000018,"failureMessages":[],"meta":{},"tags":[]},{"ancestorTitles":["desktop backend controller"],"fullName":"desktop backend controller does not publish ready when the child fails as readiness settles","status":"passed","title":"does not publish ready when the child fails as readiness settles","duration":2.7392999999999574,"failureMessages":[],"meta":{},"tags":[]},{"ancestorTitles":["desktop backend controller"],"fullName":"desktop backend controller ignores failure callbacks caused by intentional stop and permits subsequent start","status":"passed","title":"ignores failure callbacks caused by intentional stop and permits subsequent start","duration":2.006099999999833,"failureMessages":[],"meta":{},"tags":[]},{"ancestorTitles":["desktop backend controller"],"fullName":"desktop backend controller propagates cleanup failure and prevents retry from overlapping the remaining child","status":"passed","title":"propagates cleanup failure and prevents retry from overlapping the remaining child","duration":2.732200000000148,"failureMessages":[],"meta":{},"tags":[]}],"startTime":1789702687515,"endTime":1789702687551.7322,"status":"passed","message":"","name":"D:/code/维小智/deepseek-harness/apps/desktop/tests/backend-controller.spec.ts"},{"assertionResults":[{"ancestorTitles":["bundled desktop plugins"],"fullName":"bundled desktop plugins keeps every bundled plugin out of the workspace dependency graph","status":"passed","title":"keeps every bundled plugin out of the workspace dependency graph","duration":6.331700000000183,"failureMessages":[],"meta":{},"tags":[]},{"ancestorTitles":["bundled desktop plugins"],"fullName":"bundled desktop plugins pins exact versions rather than ranges","status":"passed","title":"pins exact versions rather than ranges","duration":1.6041000000000167,"failureMessages":[],"meta":{},"tags":[]}],"startTime":1789702691124,"endTime":1789702691132.604,"status":"passed","message":"","name":"D:/code/维小智/deepseek-harness/apps/desktop/tests/bundled-plugins.spec.ts"},{"assertionResults":[{"ancestorTitles":["desktop core package set"],"fullName":"desktop core package set pins the direct dsh dependency and every internal package to local tarballs","status":"passed","title":"pins the direct dsh dependency and every internal package to local tarballs","duration":153.04099999999994,"failureMessages":[],"meta":{},"tags":[]},{"ancestorTitles":["desktop core package set"],"fullName":"desktop core package set rejects version drift, descriptor disorder, corruption, and extra files","status":"passed","title":"rejects version drift, descriptor disorder, corruption, and extra files","duration":103.41999999999985,"failureMessages":[],"meta":{},"tags":[]},{"ancestorTitles":["desktop core package set"],"fullName":"desktop core package set rejects registry resolutions for names supplied by the local package set","status":"passed","title":"rejects registry resolutions for names supplied by the local package set","duration":3.074999999999818,"failureMessages":[],"meta":{},"tags":[]}],"startTime":1789702678993,"endTime":1789702679252.075,"status":"passed","message":"","name":"D:/code/维小智/deepseek-harness/apps/desktop/tests/core-package-set.spec.ts"},{"assertionResults":[{"ancestorTitles":["COS operation total deadlines"],"fullName":"COS operation total deadlines aborts a stalled versioning retry within the original operation budget","status":"passed","title":"aborts a stalled versioning retry within the original operation budget","duration":232.54010000000017,"failureMessages":[],"meta":{},"tags":[]},{"ancestorTitles":["COS operation total deadlines"],"fullName":"COS operation total deadlines aborts an active download despite ongoing data and closes its request","status":"passed","title":"aborts an active download despite ongoing data and closes its request","duration":36.734699999999975,"failureMessages":[],"meta":{},"tags":[]},{"ancestorTitles":["COS operation total deadlines"],"fullName":"COS operation total deadlines aborts a PUT awaiting confirmation without resending the object","status":"passed","title":"aborts a PUT awaiting confirmation without resending the object","duration":37.246399999999994,"failureMessages":[],"meta":{},"tags":[]},{"ancestorTitles":["COS operation total deadlines"],"fullName":"COS operation total deadlines clears the deadline after success and leaves another client running","status":"passed","title":"clears the deadline after success and leaves another client running","duration":75.20179999999982,"failureMessages":[],"meta":{},"tags":[]}],"startTime":1789702675504,"endTime":1789702675886.202,"status":"passed","message":"","name":"D:/code/维小智/deepseek-harness/apps/desktop/tests/cos-operation.spec.ts"},{"assertionResults":[{"ancestorTitles":["desktop auto-update environment"],"fullName":"desktop auto-update environment defaults packages and uploads to the test deployment","status":"passed","title":"defaults packages and uploads to the test deployment","duration":9.772400000000061,"failureMessages":[],"meta":{},"tags":[]},{"ancestorTitles":["desktop auto-update environment"],"fullName":"desktop auto-update environment selects the production URL for packages and bucket for uploads","status":"passed","title":"selects the production URL for packages and bucket for uploads","duration":1.3233000000000175,"failureMessages":[],"meta":{},"tags":[]},{"ancestorTitles":["desktop auto-update environment"],"fullName":"desktop auto-update environment requires the selected deployment origin for packages and bucket only for uploads","status":"passed","title":"requires the selected deployment origin for packages and bucket only for uploads","duration":4.378099999999904,"failureMessages":[],"meta":{},"tags":[]},{"ancestorTitles":["desktop auto-update environment"],"fullName":"desktop auto-update environment rejects a test download URL that is not an HTTPS origin","status":"passed","title":"rejects a test download URL that is not an HTTPS origin","duration":1.4714000000001306,"failureMessages":[],"meta":{},"tags":[]},{"ancestorTitles":["desktop auto-update environment"],"fullName":"desktop auto-update environment rejects unknown deployments and targets","status":"passed","title":"rejects unknown deployments and targets","duration":2.5733000000000175,"failureMessages":[],"meta":{},"tags":[]},{"ancestorTitles":["desktop auto-update environment"],"fullName":"desktop auto-update environment uses Nightly metadata for stable and prerelease Desktop versions","status":"passed","title":"uses Nightly metadata for stable and prerelease Desktop versions","duration":2.1327000000001135,"failureMessages":[],"meta":{},"tags":[]}],"startTime":1789702689119,"endTime":1789702689141.1328,"status":"passed","message":"","name":"D:/code/维小智/deepseek-harness/apps/desktop/tests/desktop-auto-update-environment.spec.ts"},{"assertionResults":[{"ancestorTitles":["desktop build paths"],"fullName":"desktop build paths isolates every mutable build directory by complete target","status":"passed","title":"isolates every mutable build directory by complete target","duration":9.445099999999911,"failureMessages":[],"meta":{},"tags":[]},{"ancestorTitles":["desktop build paths"],"fullName":"desktop build paths shares only the immutable upstream download cache","status":"passed","title":"shares only the immutable upstream download cache","duration":1.559500000000071,"failureMessages":[],"meta":{},"tags":[]},{"ancestorTitles":["desktop build paths"],"fullName":"desktop build paths resolves environment overrides and rejects unsupported targets","status":"passed","title":"resolves environment overrides and rejects unsupported targets","duration":3.7170000000000982,"failureMessages":[],"meta":{},"tags":[]}],"startTime":1789702689800,"endTime":1789702689814.717,"status":"passed","message":"","name":"D:/code/维小智/deepseek-harness/apps/desktop/tests/desktop-build-paths.spec.ts"},{"assertionResults":[{"ancestorTitles":["Desktop local packaging configuration"],"fullName":"Desktop local packaging configuration selects the platform file, preserves literal secrets, and excludes stale ambient release settings","status":"passed","title":"selects the platform file, preserves literal secrets, and excludes stale ambient release settings","duration":118.05389999999989,"failureMessages":[],"meta":{},"tags":[]},{"ancestorTitles":["Desktop local packaging configuration"],"fullName":"Desktop local packaging configuration loads mandatory update origins and options only from the platform file without changing its parent","status":"passed","title":"loads mandatory update origins and options only from the platform file without changing its parent","duration":86.10870000000023,"failureMessages":[],"meta":{},"tags":[]},{"ancestorTitles":["Desktop local packaging configuration"],"fullName":"Desktop local packaging configuration requires the local file even when ambient configuration exists and rejects other-platform fields","status":"passed","title":"requires the local file even when ambient configuration exists and rejects other-platform fields","duration":111.70670000000018,"failureMessages":[],"meta":{},"tags":[]},{"ancestorTitles":["Desktop local packaging configuration"],"fullName":"Desktop local packaging configuration checks application and update configuration before Windows credentials while preserving unsigned and preparation modes","status":"passed","title":"checks application and update configuration before Windows credentials while preserving unsigned and preparation modes","duration":14.753899999999703,"failureMessages":[],"meta":{},"tags":[]},{"ancestorTitles":["Desktop local packaging configuration"],"fullName":"Desktop local packaging configuration rejects incomplete macOS identity and credentials and checks referenced files without contacting Apple","status":"passed","title":"rejects incomplete macOS identity and credentials and checks referenced files without contacting Apple","duration":94.67410000000018,"failureMessages":[],"meta":{},"tags":[]}],"startTime":1789702674721,"endTime":1789702675152.674,"status":"passed","message":"","name":"D:/code/维小智/deepseek-harness/apps/desktop/tests/desktop-package-environment.spec.ts"},{"assertionResults":[{"ancestorTitles":[],"fullName":"selects the test policy and authentication together","status":"passed","title":"selects the test policy and authentication together","duration":134.01759999999967,"failureMessages":[],"meta":{},"tags":[]},{"ancestorTitles":[],"fullName":"selects the production policy and authentication together","status":"passed","title":"selects the production policy and authentication together","duration":3.312999999999647,"failureMessages":[],"meta":{},"tags":[]},{"ancestorTitles":[],"fullName":"requires only the selected origin, defaults to test, and accepts explicit page restrictions","status":"passed","title":"requires only the selected origin, defaults to test, and accepts explicit page restrictions","duration":31.429200000000037,"failureMessages":[],"meta":{},"tags":[]},{"ancestorTitles":[],"fullName":"rejects invalid selected origin undefined","status":"passed","title":"rejects invalid selected origin undefined","duration":12.92950000000019,"failureMessages":[],"meta":{},"tags":[]},{"ancestorTitles":[],"fullName":"rejects invalid selected origin ","status":"passed","title":"rejects invalid selected origin ","duration":1.3215000000000146,"failureMessages":[],"meta":{},"tags":[]},{"ancestorTitles":[],"fullName":"rejects invalid selected origin http://harness-test.deepseek.com","status":"passed","title":"rejects invalid selected origin http://harness-test.deepseek.com","duration":2.091599999999744,"failureMessages":[],"meta":{},"tags":[]},{"ancestorTitles":[],"fullName":"rejects invalid selected origin https://user:secret@harness-test.deepseek.com","status":"passed","title":"rejects invalid selected origin https://user:secret@harness-test.deepseek.com","duration":2.47420000000011,"failureMessages":[],"meta":{},"tags":[]},{"ancestorTitles":[],"fullName":"rejects invalid selected origin https://harness-test.deepseek.com/api","status":"passed","title":"rejects invalid selected origin https://harness-test.deepseek.com/api","duration":1.0282999999999447,"failureMessages":[],"meta":{},"tags":[]},{"ancestorTitles":[],"fullName":"rejects invalid selected origin https://harness-test.deepseek.com/?secret=value","status":"passed","title":"rejects invalid selected origin https://harness-test.deepseek.com/?secret=value","duration":10.263500000000022,"failureMessages":[],"meta":{},"tags":[]},{"ancestorTitles":[],"fullName":"rejects invalid or conflicting shared options {","status":"passed","title":"rejects invalid or conflicting shared options {","duration":11.070099999999911,"failureMessages":[],"meta":{},"tags":[]},{"ancestorTitles":[],"fullName":"rejects invalid or conflicting shared options null","status":"passed","title":"rejects invalid or conflicting shared options null","duration":0.7355000000002292,"failureMessages":[],"meta":{},"tags":[]},{"ancestorTitles":[],"fullName":"rejects invalid or conflicting shared options []","status":"passed","title":"rejects invalid or conflicting shared options []","duration":0.5407000000000153,"failureMessages":[],"meta":{},"tags":[]},{"ancestorTitles":[],"fullName":"rejects invalid or conflicting shared options {\"origin\":\"https://old.example.com\"}","status":"passed","title":"rejects invalid or conflicting shared options {\"origin\":\"https://old.example.com\"}","duration":0.47240000000010696,"failureMessages":[],"meta":{},"tags":[]},{"ancestorTitles":[],"fullName":"rejects invalid or conflicting shared options {\"authentication\":\"anonymous\"}","status":"passed","title":"rejects invalid or conflicting shared options {\"authentication\":\"anonymous\"}","duration":9.980699999999615,"failureMessages":[],"meta":{},"tags":[]},{"ancestorTitles":[],"fullName":"rejects invalid or conflicting shared options {\"allowedPageOrigins\":[]}","status":"passed","title":"rejects invalid or conflicting shared options {\"allowedPageOrigins\":[]}","duration":10.383899999999812,"failureMessages":[],"meta":{},"tags":[]},{"ancestorTitles":[],"fullName":"rejects invalid or conflicting shared options {\"allowedPageOrigins\":[\"http://example.com\"]}","status":"passed","title":"rejects invalid or conflicting shared options {\"allowedPageOrigins\":[\"http://example.com\"]}","duration":0.6729000000000269,"failureMessages":[],"meta":{},"tags":[]},{"ancestorTitles":[],"fullName":"fails before signing/preparation when policy is absent in {\"unsigned\":true}","status":"passed","title":"fails before signing/preparation when policy is absent in {\"unsigned\":true}","duration":15.41969999999992,"failureMessages":[],"meta":{},"tags":[]},{"ancestorTitles":[],"fullName":"fails before signing/preparation when policy is absent in {\"prepareOnly\":true}","status":"passed","title":"fails before signing/preparation when policy is absent in {\"prepareOnly\":true}","duration":1.9718000000002576,"failureMessages":[],"meta":{},"tags":[]},{"ancestorTitles":[],"fullName":"fails before signing/preparation when policy is absent in {}","status":"passed","title":"fails before signing/preparation when policy is absent in {}","duration":0.7635000000000218,"failureMessages":[],"meta":{},"tags":[]}],"startTime":1789702687680,"endTime":1789702687932.7634,"status":"passed","message":"","name":"D:/code/维小智/deepseek-harness/apps/desktop/tests/desktop-policy-environment.spec.ts"},{"assertionResults":[{"ancestorTitles":["desktop upload plan"],"fullName":"desktop upload plan publishes fixed feeds referencing versioned binaries without overriding CDN cache policy","status":"passed","title":"publishes fixed feeds referencing versioned binaries without overriding CDN cache policy","duration":420.34130000000005,"failureMessages":[],"meta":{},"tags":[]},{"ancestorTitles":["desktop upload plan"],"fullName":"desktop upload plan validates macOS artifacts and puts channel metadata last","status":"passed","title":"validates macOS artifacts and puts channel metadata last","duration":177.19259999999986,"failureMessages":[],"meta":{},"tags":[]},{"ancestorTitles":["desktop upload plan"],"fullName":"desktop upload plan uploads the prerelease channel metadata emitted by electron-builder","status":"passed","title":"uploads the prerelease channel metadata emitted by electron-builder","duration":357.43409999999994,"failureMessages":[],"meta":{},"tags":[]},{"ancestorTitles":["desktop upload plan"],"fullName":"desktop upload plan validates the Windows installer with the emitted external blockmap and production destination","status":"passed","title":"validates the Windows installer with the emitted external blockmap and production destination","duration":306.0119999999997,"failureMessages":[],"meta":{},"tags":[]},{"ancestorTitles":["desktop upload plan"],"fullName":"desktop upload plan rejects a missing Windows blockmap before publishing its feed","status":"passed","title":"rejects a missing Windows blockmap before publishing its feed","duration":402.2763,"failureMessages":[],"meta":{},"tags":[]},{"ancestorTitles":["desktop upload plan"],"fullName":"desktop upload plan rejects a empty Windows blockmap before publishing its feed","status":"passed","title":"rejects a empty Windows blockmap before publishing its feed","duration":503.0807999999997,"failureMessages":[],"meta":{},"tags":[]},{"ancestorTitles":["desktop upload plan"],"fullName":"desktop upload plan rejects a completed build from another desktop version, dsh version, or deployment","status":"passed","title":"rejects a completed build from another desktop version, dsh version, or deployment","duration":879.9213,"failureMessages":[],"meta":{},"tags":[]},{"ancestorTitles":["desktop upload plan"],"fullName":"desktop upload plan rejects stale architecture metadata and modified updater bytes","status":"passed","title":"rejects stale architecture metadata and modified updater bytes","duration":411.77710000000025,"failureMessages":[],"meta":{},"tags":[]}],"startTime":1789702660378,"endTime":1789702663836.777,"status":"passed","message":"","name":"D:/code/维小智/deepseek-harness/apps/desktop/tests/desktop-upload-plan.spec.ts"},{"assertionResults":[{"ancestorTitles":["release upload audit with the real COS SDK and an isolated loopback origin"],"fullName":"release upload audit with the real COS SDK and an isolated loopback origin retains test plan, feed bytes, intent, receipt and hashes before advancing","status":"passed","title":"retains test plan, feed bytes, intent, receipt and hashes before advancing","duration":691.2757999999999,"failureMessages":[],"meta":{},"tags":[]},{"ancestorTitles":["release upload audit with the real COS SDK and an isolated loopback origin"],"fullName":"release upload audit with the real COS SDK and an isolated loopback origin retains production plan, feed bytes, intent, receipt and hashes before advancing","status":"passed","title":"retains production plan, feed bytes, intent, receipt and hashes before advancing","duration":625.4236999999998,"failureMessages":[],"meta":{},"tags":[]},{"ancestorTitles":["release upload audit with the real COS SDK and an isolated loopback origin"],"fullName":"release upload audit with the real COS SDK and an isolated loopback origin retains failure at PUT 1 without retry or later upload, excluding raw SDK diagnostics","status":"passed","title":"retains failure at PUT 1 without retry or later upload, excluding raw SDK diagnostics","duration":441.19999999999936,"failureMessages":[],"meta":{},"tags":[]},{"ancestorTitles":["release upload audit with the real COS SDK and an isolated loopback origin"],"fullName":"release upload audit with the real COS SDK and an isolated loopback origin retains failure at PUT 2 without retry or later upload, excluding raw SDK diagnostics","status":"passed","title":"retains failure at PUT 2 without retry or later upload, excluding raw SDK diagnostics","duration":387.21349999999984,"failureMessages":[],"meta":{},"tags":[]},{"ancestorTitles":["release upload audit with the real COS SDK and an isolated loopback origin"],"fullName":"release upload audit with the real COS SDK and an isolated loopback origin cannot repeat the write when a client leaves every SDK retry option at its default","status":"passed","title":"cannot repeat the write when a client leaves every SDK retry option at its default","duration":216.1993999999995,"failureMessages":[],"meta":{},"tags":[]},{"ancestorTitles":["release upload audit with the real COS SDK and an isolated loopback origin"],"fullName":"release upload audit with the real COS SDK and an isolated loopback origin reports a dropped connection at PUT 1 once without sending the object again","status":"passed","title":"reports a dropped connection at PUT 1 once without sending the object again","duration":257.64649999999983,"failureMessages":[],"meta":{},"tags":[]},{"ancestorTitles":["release upload audit with the real COS SDK and an isolated loopback origin"],"fullName":"release upload audit with the real COS SDK and an isolated loopback origin reports a dropped connection at PUT 2 once without sending the object again","status":"passed","title":"reports a dropped connection at PUT 2 once without sending the object again","duration":355.91640000000007,"failureMessages":[],"meta":{},"tags":[]},{"ancestorTitles":["release upload audit with the real COS SDK and an isolated loopback origin"],"fullName":"release upload audit with the real COS SDK and an isolated loopback origin refuses networking when the audit parent cannot be created","status":"passed","title":"refuses networking when the audit parent cannot be created","duration":72.59910000000036,"failureMessages":[],"meta":{},"tags":[]},{"ancestorTitles":["release upload audit with the real COS SDK and an isolated loopback origin"],"fullName":"release upload audit with the real COS SDK and an isolated loopback origin stops before the next PUT when a response cannot be recorded","status":"passed","title":"stops before the next PUT when a response cannot be recorded","duration":443.6704,"failureMessages":[],"meta":{},"tags":[]},{"ancestorTitles":["release upload audit with the real COS SDK and an isolated loopback origin"],"fullName":"release upload audit with the real COS SDK and an isolated loopback origin keeps independent runs without overwriting prior evidence","status":"passed","title":"keeps independent runs without overwriting prior evidence","duration":936.8101000000006,"failureMessages":[],"meta":{},"tags":[]}],"startTime":1789702661493,"endTime":1789702665922.81,"status":"passed","message":"","name":"D:/code/维小智/deepseek-harness/apps/desktop/tests/desktop-upload-run.spec.ts"},{"assertionResults":[{"ancestorTitles":["desktop development project"],"fullName":"desktop development project manages development plugins without modifying the linked workspace packages","status":"passed","title":"manages development plugins without modifying the linked workspace packages","duration":727.8282999999999,"failureMessages":[],"meta":{},"tags":[]},{"ancestorTitles":["desktop development project"],"fullName":"desktop development project rejects a CLI package from another release","status":"passed","title":"rejects a CLI package from another release","duration":97.53769999999986,"failureMessages":[],"meta":{},"tags":[]}],"startTime":1789702672099,"endTime":1789702672924.5376,"status":"passed","message":"","name":"D:/code/维小智/deepseek-harness/apps/desktop/tests/development-project.spec.ts"},{"assertionResults":[{"ancestorTitles":["Desktop directory picker"],"fullName":"Desktop directory picker restores and focuses the parent window and shares an unanswered dialog","status":"passed","title":"restores and focuses the parent window and shares an unanswered dialog","duration":18.59159999999997,"failureMessages":[],"meta":{},"tags":[]},{"ancestorTitles":["Desktop directory picker"],"fullName":"Desktop directory picker releases a failed dialog so the user can retry","status":"passed","title":"releases a failed dialog so the user can retry","duration":5.178100000000086,"failureMessages":[],"meta":{},"tags":[]},{"ancestorTitles":["Desktop directory picker"],"fullName":"Desktop directory picker discards the selected path after the parent is destroyed","status":"passed","title":"discards the selected path after the parent is destroyed","duration":1.544399999999996,"failureMessages":[],"meta":{},"tags":[]},{"ancestorTitles":["Desktop directory picker"],"fullName":"Desktop directory picker rejects other windows, subframes, shell pages, remote pages, and missing windows","status":"passed","title":"rejects other windows, subframes, shell pages, remote pages, and missing windows","duration":5.14020000000005,"failureMessages":[],"meta":{},"tags":[]}],"startTime":1789702686844,"endTime":1789702686874.1401,"status":"passed","message":"","name":"D:/code/维小智/deepseek-harness/apps/desktop/tests/directory-picker.spec.ts"},{"assertionResults":[{"ancestorTitles":["enterprise environment address"],"fullName":"enterprise environment address keeps a deployment path prefix and drops a trailing slash","status":"passed","title":"keeps a deployment path prefix and drops a trailing slash","duration":5.843899999999849,"failureMessages":[],"meta":{},"tags":[]},{"ancestorTitles":["enterprise environment address"],"fullName":"enterprise environment address rejects an address the client cannot append /client/enroll to","status":"passed","title":"rejects an address the client cannot append /client/enroll to","duration":4.572800000000143,"failureMessages":[],"meta":{},"tags":[]},{"ancestorTitles":["enterprise manifest parsing"],"fullName":"enterprise manifest parsing reads the declared default and every channel in order","status":"passed","title":"reads the declared default and every channel in order","duration":2.514699999999948,"failureMessages":[],"meta":{},"tags":[]},{"ancestorTitles":["enterprise manifest parsing"],"fullName":"enterprise manifest parsing names an entry without a key so it stays selectable","status":"passed","title":"names an entry without a key so it stays selectable","duration":0.9575999999999567,"failureMessages":[],"meta":{},"tags":[]},{"ancestorTitles":["enterprise manifest parsing"],"fullName":"enterprise manifest parsing fails loud instead of degrading to a disabled gate","status":"passed","title":"fails loud instead of degrading to a disabled gate","duration":3.841899999999896,"failureMessages":[],"meta":{},"tags":[]},{"ancestorTitles":["locked enterprise channel"],"fullName":"locked enterprise channel locks ordinary users to the declared default","status":"passed","title":"locks ordinary users to the declared default","duration":2.6521000000000186,"failureMessages":[],"meta":{},"tags":[]},{"ancestorTitles":["locked enterprise channel"],"fullName":"locked enterprise channel lets the packaging environment override the default channel","status":"passed","title":"lets the packaging environment override the default channel","duration":0.7175000000002001,"failureMessages":[],"meta":{},"tags":[]},{"ancestorTitles":["locked enterprise channel"],"fullName":"locked enterprise channel rejects a channel that is not in the shipped manifest","status":"passed","title":"rejects a channel that is not in the shipped manifest","duration":0.8466999999998279,"failureMessages":[],"meta":{},"tags":[]},{"ancestorTitles":["locked enterprise channel"],"fullName":"locked enterprise channel falls back to the first channel when the manifest declares no default","status":"passed","title":"falls back to the first channel when the manifest declares no default","duration":0.7779000000000451,"failureMessages":[],"meta":{},"tags":[]},{"ancestorTitles":["runtime environment fallback"],"fullName":"runtime environment fallback is absent when no address is configured","status":"passed","title":"is absent when no address is configured","duration":0.8330000000000837,"failureMessages":[],"meta":{},"tags":[]},{"ancestorTitles":["runtime environment fallback"],"fullName":"runtime environment fallback builds channels from the development environment variables","status":"passed","title":"builds channels from the development environment variables","duration":0.871599999999944,"failureMessages":[],"meta":{},"tags":[]},{"ancestorTitles":["login page IPC guard"],"fullName":"login page IPC guard accepts the exact page the login window loads","status":"passed","title":"accepts the exact page the login window loads","duration":1.282799999999952,"failureMessages":[],"meta":{},"tags":[]},{"ancestorTitles":["login page IPC guard"],"fullName":"login page IPC guard rejects every frame that is not the login page itself","status":"passed","title":"rejects every frame that is not the login page itself","duration":2.8541000000000167,"failureMessages":[],"meta":{},"tags":[]}],"startTime":1789702688529,"endTime":1789702688559.854,"status":"passed","message":"","name":"D:/code/维小智/deepseek-harness/apps/desktop/tests/enterprise-environments.spec.ts"},{"assertionResults":[{"ancestorTitles":[],"fullName":"offers only exit and restart for a listener conflict in en","status":"passed","title":"offers only exit and restart for a listener conflict in en","duration":27.2025000000001,"failureMessages":[],"meta":{},"tags":[]},{"ancestorTitles":[],"fullName":"offers only exit and restart for a listener conflict in zh-CN","status":"passed","title":"offers only exit and restart for a listener conflict in zh-CN","duration":4.101899999999887,"failureMessages":[],"meta":{},"tags":[]},{"ancestorTitles":[],"fullName":"offers the same listener conflict recovery on win32","status":"passed","title":"offers the same listener conflict recovery on win32","duration":2.5631000000000768,"failureMessages":[],"meta":{},"tags":[]},{"ancestorTitles":[],"fullName":"offers the same listener conflict recovery on darwin","status":"passed","title":"offers the same listener conflict recovery on darwin","duration":1.7343000000000757,"failureMessages":[],"meta":{},"tags":[]},{"ancestorTitles":[],"fullName":"offers the same listener conflict recovery on linux","status":"passed","title":"offers the same listener conflict recovery on linux","duration":1.2801999999999225,"failureMessages":[],"meta":{},"tags":[]},{"ancestorTitles":[],"fullName":"records the en native recovery dialog","status":"passed","title":"records the en native recovery dialog","duration":3.4103000000000065,"failureMessages":[],"meta":{},"tags":[]},{"ancestorTitles":[],"fullName":"records the zh-CN native recovery dialog","status":"passed","title":"records the zh-CN native recovery dialog","duration":8.116400000000112,"failureMessages":[],"meta":{},"tags":[]},{"ancestorTitles":[],"fullName":"locks the first report before the dialog settles and never resets after an action","status":"passed","title":"locks the first report before the dialog settles and never resets after an action","duration":23.12649999999985,"failureMessages":[],"meta":{},"tags":[]},{"ancestorTitles":[],"fullName":"waits for shutdown before executing choice 0","status":"passed","title":"waits for shutdown before executing choice 0","duration":30.967799999999897,"failureMessages":[],"meta":{},"tags":[]},{"ancestorTitles":[],"fullName":"waits for shutdown before executing choice 1","status":"passed","title":"waits for shutdown before executing choice 1","duration":1.414600000000064,"failureMessages":[],"meta":{},"tags":[]},{"ancestorTitles":[],"fullName":"waits for shutdown before executing choice 2","status":"passed","title":"waits for shutdown before executing choice 2","duration":1.2687000000000808,"failureMessages":[],"meta":{},"tags":[]},{"ancestorTitles":[],"fullName":"reports a user-requested disable failure and allows exit without restarting","status":"passed","title":"reports a user-requested disable failure and allows exit without restarting","duration":2.720399999999927,"failureMessages":[],"meta":{},"tags":[]},{"ancestorTitles":[],"fullName":"allows exit after shutdown cleanup fails","status":"passed","title":"allows exit after shutdown cleanup fails","duration":1.192299999999932,"failureMessages":[],"meta":{},"tags":[]},{"ancestorTitles":[],"fullName":"bounds long diagnostics and recovery-operation errors in en","status":"passed","title":"bounds long diagnostics and recovery-operation errors in en","duration":5.435799999999972,"failureMessages":[],"meta":{},"tags":[]},{"ancestorTitles":[],"fullName":"bounds long diagnostics and recovery-operation errors in zh-CN","status":"passed","title":"bounds long diagnostics and recovery-operation errors in zh-CN","duration":30.355000000000018,"failureMessages":[],"meta":{},"tags":[]}],"startTime":1789702684477,"endTime":1789702684622.355,"status":"passed","message":"","name":"D:/code/维小智/deepseek-harness/apps/desktop/tests/fatal-recovery.spec.ts"},{"assertionResults":[{"ancestorTitles":["desktop host process"],"fullName":"desktop host process correlates task inspections and admission changes over private IPC","status":"passed","title":"correlates task inspections and admission changes over private IPC","duration":740.6100000000001,"failureMessages":[],"meta":{},"tags":[]},{"ancestorTitles":["desktop host process"],"fullName":"desktop host process refuses installation when exit lacks successful teardown acknowledgement: process.exit(17)","status":"passed","title":"refuses installation when exit lacks successful teardown acknowledgement: process.exit(17)","duration":622.5855000000001,"failureMessages":[],"meta":{},"tags":[]},{"ancestorTitles":["desktop host process"],"fullName":"desktop host process refuses installation when exit lacks successful teardown acknowledgement: process.exit(0)","status":"passed","title":"refuses installation when exit lacks successful teardown acknowledgement: process.exit(0)","duration":686.8192999999997,"failureMessages":[],"meta":{},"tags":[]},{"ancestorTitles":["desktop host process"],"fullName":"desktop host process returns the Web authentication URL and waits for graceful shutdown","status":"passed","title":"returns the Web authentication URL and waits for graceful shutdown","duration":1080.1432,"failureMessages":[],"meta":{},"tags":[]},{"ancestorTitles":["desktop host process"],"fullName":"desktop host process passes external dependencies and runtime profile resolution to the Host","status":"passed","title":"passes external dependencies and runtime profile resolution to the Host","duration":865.6647000000003,"failureMessages":[],"meta":{},"tags":[]},{"ancestorTitles":["desktop host process"],"fullName":"desktop host process reports a fatal event after readiness once","status":"passed","title":"reports a fatal event after readiness once","duration":891.5276999999996,"failureMessages":[],"meta":{},"tags":[]},{"ancestorTitles":["desktop host process"],"fullName":"desktop host process reports a child crash after readiness with its stderr diagnostic","status":"passed","title":"reports a child crash after readiness with its stderr diagnostic","duration":889.7744000000002,"failureMessages":[],"meta":{},"tags":[]},{"ancestorTitles":["desktop host process"],"fullName":"desktop host process retains only recent diagnostics from a noisy child","status":"passed","title":"retains only recent diagnostics from a noisy child","duration":621.8797000000004,"failureMessages":[],"meta":{},"tags":[]},{"ancestorTitles":["desktop host process"],"fullName":"desktop host process settles teardown when the executable cannot be spawned","status":"passed","title":"settles teardown when the executable cannot be spawned","duration":104.51220000000012,"failureMessages":[],"meta":{},"tags":[]},{"ancestorTitles":["desktop host process"],"fullName":"desktop host process loads the resource entry with a separate profile and inherits runtime and package-manager configuration","status":"passed","title":"loads the resource entry with a separate profile and inherits runtime and package-manager configuration","duration":837.7403999999997,"failureMessages":[],"meta":{},"tags":[]},{"ancestorTitles":["desktop host process"],"fullName":"desktop host process rejects startup when the child fails before readiness: process.send({ type: 'fatal', message: 'startup failed' }); process.disconnect()","status":"passed","title":"rejects startup when the child fails before readiness: process.send({ type: 'fatal', message: 'startup failed' }); process.disconnect()","duration":516.8353999999999,"failureMessages":[],"meta":{},"tags":[]},{"ancestorTitles":["desktop host process"],"fullName":"desktop host process rejects startup when the child fails before readiness: process.send({ type: 'ready', url: 4 })","status":"passed","title":"rejects startup when the child fails before readiness: process.send({ type: 'ready', url: 4 })","duration":617.3649000000005,"failureMessages":[],"meta":{},"tags":[]},{"ancestorTitles":["desktop host process"],"fullName":"desktop host process rejects startup when the child fails before readiness: process.exit(0)","status":"passed","title":"rejects startup when the child fails before readiness: process.exit(0)","duration":628.5509000000002,"failureMessages":[],"meta":{},"tags":[]}],"startTime":1789702633713,"endTime":1789702642817.5508,"status":"passed","message":"","name":"D:/code/维小智/deepseek-harness/apps/desktop/tests/host-process.spec.ts"},{"assertionResults":[{"ancestorTitles":["Desktop Host update task protection"],"fullName":"Desktop Host update task protection counts running agent work without stopping it","status":"passed","title":"counts running agent work without stopping it","duration":22.263400000000047,"failureMessages":[],"meta":{},"tags":[]},{"ancestorTitles":["Desktop Host update task protection"],"fullName":"Desktop Host update task protection counts nextTurn agent work without stopping it","status":"passed","title":"counts nextTurn agent work without stopping it","duration":4.459599999999909,"failureMessages":[],"meta":{},"tags":[]},{"ancestorTitles":["Desktop Host update task protection"],"fullName":"Desktop Host update task protection counts nextStep agent work without stopping it","status":"passed","title":"counts nextStep agent work without stopping it","duration":4.150300000000016,"failureMessages":[],"meta":{},"tags":[]},{"ancestorTitles":["Desktop Host update task protection"],"fullName":"Desktop Host update task protection counts global and agent-owned running jobs","status":"passed","title":"counts global and agent-owned running jobs","duration":5.221199999999953,"failureMessages":[],"meta":{},"tags":[]},{"ancestorTitles":["Desktop Host update task protection"],"fullName":"Desktop Host update task protection counts global and agent-owned stopping jobs","status":"passed","title":"counts global and agent-owned stopping jobs","duration":4.5236999999999625,"failureMessages":[],"meta":{},"tags":[]},{"ancestorTitles":["Desktop Host update task protection"],"fullName":"Desktop Host update task protection does not warn for reads but drains admitted requests before completing the lock","status":"passed","title":"does not warn for reads but drains admitted requests before completing the lock","duration":19.236499999999978,"failureMessages":[],"meta":{},"tags":[]},{"ancestorTitles":["Desktop Host update task protection"],"fullName":"Desktop Host update task protection detects task creation by an admitted write before handing off the lock","status":"passed","title":"detects task creation by an admitted write before handing off the lock","duration":5.318899999999985,"failureMessages":[],"meta":{},"tags":[]},{"ancestorTitles":["Desktop Host update task protection"],"fullName":"Desktop Host update task protection rejects a draining lock invalidated by unlock","status":"passed","title":"rejects a draining lock invalidated by unlock","duration":11.299999999999955,"failureMessages":[],"meta":{},"tags":[]},{"ancestorTitles":["Desktop Host update task protection"],"fullName":"Desktop Host update task protection rejects a draining lock invalidated by dispose","status":"passed","title":"rejects a draining lock invalidated by dispose","duration":6.818899999999985,"failureMessages":[],"meta":{},"tags":[]},{"ancestorTitles":["Desktop Host update task protection"],"fullName":"Desktop Host update task protection releases request accounting when the bridge rejects","status":"passed","title":"releases request accounting when the bridge rejects","duration":5.050100000000157,"failureMessages":[],"meta":{},"tags":[]},{"ancestorTitles":["Desktop Host update task protection"],"fullName":"Desktop Host update task protection removes admission on disposal and refuses further inspection","status":"passed","title":"removes admission on disposal and refuses further inspection","duration":9.276499999999942,"failureMessages":[],"meta":{},"tags":[]},{"ancestorTitles":["Desktop Host update task protection"],"fullName":"Desktop Host update task protection does not classify unavailable task services as idle","status":"passed","title":"does not classify unavailable task services as idle","duration":6.565500000000156,"failureMessages":[],"meta":{},"tags":[]}],"startTime":1789702681859,"endTime":1789702681963.5654,"status":"passed","message":"","name":"D:/code/维小智/deepseek-harness/apps/desktop/tests/host-update-tasks.spec.ts"},{"assertionResults":[{"ancestorTitles":["installed-update bootstrap"],"fullName":"installed-update bootstrap executes the generated entry for both versions with isolated persistent paths before main imports","status":"passed","title":"executes the generated entry for both versions with isolated persistent paths before main imports","duration":1530.8833,"failureMessages":[],"meta":{},"tags":[]},{"ancestorTitles":["installed-update bootstrap"],"fullName":"installed-update bootstrap refuses foreign metadata before creating any data directory or changing the environment","status":"passed","title":"refuses foreign metadata before creating any data directory or changing the environment","duration":15.070099999999911,"failureMessages":[],"meta":{},"tags":[]},{"ancestorTitles":["installed-update bootstrap"],"fullName":"installed-update bootstrap rejects altered origin in a retained manifest","status":"passed","title":"rejects altered origin in a retained manifest","duration":64.32020000000011,"failureMessages":[],"meta":{},"tags":[]},{"ancestorTitles":["installed-update bootstrap"],"fullName":"installed-update bootstrap rejects altered bucket in a retained manifest","status":"passed","title":"rejects altered bucket in a retained manifest","duration":103.99629999999979,"failureMessages":[],"meta":{},"tags":[]},{"ancestorTitles":["installed-update bootstrap"],"fullName":"installed-update bootstrap rejects altered appId in a retained manifest","status":"passed","title":"rejects altered appId in a retained manifest","duration":119.15169999999989,"failureMessages":[],"meta":{},"tags":[]},{"ancestorTitles":["installed-update bootstrap"],"fullName":"installed-update bootstrap rejects altered root in a retained manifest","status":"passed","title":"rejects altered root in a retained manifest","duration":111.56399999999985,"failureMessages":[],"meta":{},"tags":[]},{"ancestorTitles":["installed-update bootstrap"],"fullName":"installed-update bootstrap rejects altered feedKey in a retained manifest","status":"passed","title":"rejects altered feedKey in a retained manifest","duration":98.30650000000014,"failureMessages":[],"meta":{},"tags":[]},{"ancestorTitles":["installed-update bootstrap"],"fullName":"installed-update bootstrap rejects altered binPrefix in a retained manifest","status":"passed","title":"rejects altered binPrefix in a retained manifest","duration":145.67669999999998,"failureMessages":[],"meta":{},"tags":[]},{"ancestorTitles":["installed-update bootstrap"],"fullName":"installed-update bootstrap rejects altered versions in a retained manifest","status":"passed","title":"rejects altered versions in a retained manifest","duration":160.06410000000005,"failureMessages":[],"meta":{},"tags":[]},{"ancestorTitles":["installed-update bootstrap"],"fullName":"installed-update bootstrap rejects altered source in a retained manifest","status":"passed","title":"rejects altered source in a retained manifest","duration":140.61509999999998,"failureMessages":[],"meta":{},"tags":[]},{"ancestorTitles":["installed-update bootstrap"],"fullName":"installed-update bootstrap loads the original manifest without adding credential fields to bootstrap output","status":"passed","title":"loads the original manifest without adding credential fields to bootstrap output","duration":232.00649999999996,"failureMessages":[],"meta":{},"tags":[]}],"startTime":1789702662127,"endTime":1789702664851.0066,"status":"passed","message":"","name":"D:/code/维小智/deepseek-harness/apps/desktop/tests/installed-update-bootstrap.spec.ts"},{"assertionResults":[{"ancestorTitles":["installed-update application inputs and builder configuration"],"fullName":"installed-update application inputs and builder configuration freezes shipped files once without copying credentials or claiming dependency and boot qualification","status":"passed","title":"freezes shipped files once without copying credentials or claiming dependency and boot qualification","duration":2175.4001,"failureMessages":[],"meta":{},"tags":[]},{"ancestorTitles":["installed-update application inputs and builder configuration"],"fullName":"installed-update application inputs and builder configuration rejects modified frozen application bytes","status":"passed","title":"rejects modified frozen application bytes","duration":2445.8935999999994,"failureMessages":[],"meta":{},"tags":[]},{"ancestorTitles":["installed-update application inputs and builder configuration"],"fullName":"installed-update application inputs and builder configuration rejects added frozen application bytes","status":"passed","title":"rejects added frozen application bytes","duration":2459.6471999999994,"failureMessages":[],"meta":{},"tags":[]},{"ancestorTitles":["installed-update application inputs and builder configuration"],"fullName":"installed-update application inputs and builder configuration rejects missing frozen application bytes","status":"passed","title":"rejects missing frozen application bytes","duration":2026.8873000000003,"failureMessages":[],"meta":{},"tags":[]},{"ancestorTitles":["installed-update application inputs and builder configuration"],"fullName":"installed-update application inputs and builder configuration keeps signed NSIS hooks and one isolated identity/feed while selecting each private runtime and output","status":"failed","title":"keeps signed NSIS hooks and one isolated identity/feed while selecting each private runtime and output","duration":8414.479700000002,"failureMessages":["Error: STACK_TRACE_ERROR\n    at task (file:///D:/code/%E7%BB%B4%E5%B0%8F%E6%99%BA/deepseek-harness/node_modules/.pnpm/@vitest+runner@4.1.8/node_modules/@vitest/runner/dist/chunk-artifact.js:1784:27)\n    at Object.<anonymous> (file:///D:/code/%E7%BB%B4%E5%B0%8F%E6%99%BA/deepseek-harness/node_modules/.pnpm/@vitest+runner@4.1.8/node_modules/@vitest/runner/dist/chunk-artifact.js:1817:16)\n    at Object.<anonymous> (file:///D:/code/%E7%BB%B4%E5%B0%8F%E6%99%BA/deepseek-harness/node_modules/.pnpm/@vitest+runner@4.1.8/node_modules/@vitest/runner/dist/chunk-artifact.js:1563:28)\n    at chain (file:///D:/code/%E7%BB%B4%E5%B0%8F%E6%99%BA/deepseek-harness/node_modules/.pnpm/@vitest+runner@4.1.8/node_modules/@vitest/runner/dist/chunk-artifact.js:599:14)\n    at D:/code/维小智/deepseek-harness/apps/desktop/tests/installed-update-builder.spec.ts:113:30\n    at file:///D:/code/%E7%BB%B4%E5%B0%8F%E6%99%BA/deepseek-harness/node_modules/.pnpm/@vitest+runner@4.1.8/node_modules/@vitest/runner/dist/chunk-artifact.js:1889:40\n    at runWithSuite (file:///D:/code/%E7%BB%B4%E5%B0%8F%E6%99%BA/deepseek-harness/node_modules/.pnpm/@vitest+runner@4.1.8/node_modules/@vitest/runner/dist/chunk-artifact.js:2258:8)\n    at Object.collect (file:///D:/code/%E7%BB%B4%E5%B0%8F%E6%99%BA/deepseek-harness/node_modules/.pnpm/@vitest+runner@4.1.8/node_modules/@vitest/runner/dist/chunk-artifact.js:1889:10)\n    at Object.collect (file:///D:/code/%E7%BB%B4%E5%B0%8F%E6%99%BA/deepseek-harness/node_modules/.pnpm/@vitest+runner@4.1.8/node_modules/@vitest/runner/dist/chunk-artifact.js:1893:54)\n    at processTicksAndRejections (node:internal/process/task_queues:104:5)"],"meta":{},"tags":[]},{"ancestorTitles":["installed-update application inputs and builder configuration"],"fullName":"installed-update application inputs and builder configuration retains a failed preparation without a completion receipt and refuses an unrelated version","status":"failed","title":"retains a failed preparation without a completion receipt and refuses an unrelated version","duration":5104.116099999999,"failureMessages":["Error: STACK_TRACE_ERROR\n    at task (file:///D:/code/%E7%BB%B4%E5%B0%8F%E6%99%BA/deepseek-harness/node_modules/.pnpm/@vitest+runner@4.1.8/node_modules/@vitest/runner/dist/chunk-artifact.js:1784:27)\n    at Object.<anonymous> (file:///D:/code/%E7%BB%B4%E5%B0%8F%E6%99%BA/deepseek-harness/node_modules/.pnpm/@vitest+runner@4.1.8/node_modules/@vitest/runner/dist/chunk-artifact.js:1817:16)\n    at Object.<anonymous> (file:///D:/code/%E7%BB%B4%E5%B0%8F%E6%99%BA/deepseek-harness/node_modules/.pnpm/@vitest+runner@4.1.8/node_modules/@vitest/runner/dist/chunk-artifact.js:1563:28)\n    at chain (file:///D:/code/%E7%BB%B4%E5%B0%8F%E6%99%BA/deepseek-harness/node_modules/.pnpm/@vitest+runner@4.1.8/node_modules/@vitest/runner/dist/chunk-artifact.js:599:14)\n    at D:/code/维小智/deepseek-harness/apps/desktop/tests/installed-update-builder.spec.ts:144:30\n    at file:///D:/code/%E7%BB%B4%E5%B0%8F%E6%99%BA/deepseek-harness/node_modules/.pnpm/@vitest+runner@4.1.8/node_modules/@vitest/runner/dist/chunk-artifact.js:1889:40\n    at runWithSuite (file:///D:/code/%E7%BB%B4%E5%B0%8F%E6%99%BA/deepseek-harness/node_modules/.pnpm/@vitest+runner@4.1.8/node_modules/@vitest/runner/dist/chunk-artifact.js:2258:8)\n    at Object.collect (file:///D:/code/%E7%BB%B4%E5%B0%8F%E6%99%BA/deepseek-harness/node_modules/.pnpm/@vitest+runner@4.1.8/node_modules/@vitest/runner/dist/chunk-artifact.js:1889:10)\n    at Object.collect (file:///D:/code/%E7%BB%B4%E5%B0%8F%E6%99%BA/deepseek-harness/node_modules/.pnpm/@vitest+runner@4.1.8/node_modules/@vitest/runner/dist/chunk-artifact.js:1893:54)\n    at processTicksAndRejections (node:internal/process/task_queues:104:5)"],"meta":{},"tags":[]},{"ancestorTitles":["installed-update application inputs and builder configuration"],"fullName":"installed-update application inputs and builder configuration rejects incompatible qualification settings {\"DSH_DESKTOP_AUTO_UPDATE_ENV\":\"production\"}","status":"passed","title":"rejects incompatible qualification settings {\"DSH_DESKTOP_AUTO_UPDATE_ENV\":\"production\"}","duration":1764.132700000002,"failureMessages":[],"meta":{},"tags":[]},{"ancestorTitles":["installed-update application inputs and builder configuration"],"fullName":"installed-update application inputs and builder configuration rejects incompatible qualification settings {\"DSH_DESKTOP_UNSIGNED\":\"1\"}","status":"passed","title":"rejects incompatible qualification settings {\"DSH_DESKTOP_UNSIGNED\":\"1\"}","duration":1738.4786999999997,"failureMessages":[],"meta":{},"tags":[]},{"ancestorTitles":["installed-update application inputs and builder configuration"],"fullName":"installed-update application inputs and builder configuration rejects incompatible qualification settings {\"DOWNLOAD_TEST_ORIGIN\":\"https://download.deepseek.com\"}","status":"passed","title":"rejects incompatible qualification settings {\"DOWNLOAD_TEST_ORIGIN\":\"https://download.deepseek.com\"}","duration":1664.8313999999991,"failureMessages":[],"meta":{},"tags":[]}],"startTime":1789702607215,"endTime":1789702635016.8313,"status":"failed","message":"","name":"D:/code/维小智/deepseek-harness/apps/desktop/tests/installed-update-builder.spec.ts"},{"assertionResults":[{"ancestorTitles":["qualification COS transport with real SDK serialization over a loopback origin"],"fullName":"qualification COS transport with real SDK serialization over a loopback origin sends one streamed PUT with explicit length, MD5, no-store policy and a signed non-overwrite header","status":"passed","title":"sends one streamed PUT with explicit length, MD5, no-store policy and a signed non-overwrite header","duration":320.63229999999976,"failureMessages":[],"meta":{},"tags":[]},{"ancestorTitles":["qualification COS transport with real SDK serialization over a loopback origin"],"fullName":"qualification COS transport with real SDK serialization over a loopback origin streams a file-backed object with its declared length","status":"passed","title":"streams a file-backed object with its declared length","duration":169.6511999999998,"failureMessages":[],"meta":{},"tags":[]},{"ancestorTitles":["qualification COS transport with real SDK serialization over a loopback origin"],"fullName":"qualification COS transport with real SDK serialization over a loopback origin reads bucket versioning \"\" as disabled=true","status":"passed","title":"reads bucket versioning \"\" as disabled=true","duration":62.27410000000009,"failureMessages":[],"meta":{},"tags":[]},{"ancestorTitles":["qualification COS transport with real SDK serialization over a loopback origin"],"fullName":"qualification COS transport with real SDK serialization over a loopback origin reads bucket versioning \"<Status>Enabled</Status>\" as disabled=false","status":"passed","title":"reads bucket versioning \"<Status>Enabled</Status>\" as disabled=false","duration":26.816699999999855,"failureMessages":[],"meta":{},"tags":[]},{"ancestorTitles":["qualification COS transport with real SDK serialization over a loopback origin"],"fullName":"qualification COS transport with real SDK serialization over a loopback origin reads bucket versioning \"<Status>Suspended</Status>\" as disabled=false","status":"passed","title":"reads bucket versioning \"<Status>Suspended</Status>\" as disabled=false","duration":33.83879999999999,"failureMessages":[],"meta":{},"tags":[]},{"ancestorTitles":["qualification COS transport with real SDK serialization over a loopback origin"],"fullName":"qualification COS transport with real SDK serialization over a loopback origin does not retry an uncertain PUT failure","status":"passed","title":"does not retry an uncertain PUT failure","duration":43.90000000000009,"failureMessages":[],"meta":{},"tags":[]},{"ancestorTitles":["qualification COS transport with real SDK serialization over a loopback origin"],"fullName":"qualification COS transport with real SDK serialization over a loopback origin enforces the qualification versioning total deadline","status":"passed","title":"enforces the qualification versioning total deadline","duration":66.16480000000001,"failureMessages":[],"meta":{},"tags":[]},{"ancestorTitles":["qualification COS transport with real SDK serialization over a loopback origin"],"fullName":"qualification COS transport with real SDK serialization over a loopback origin enforces the qualification read total deadline","status":"passed","title":"enforces the qualification read total deadline","duration":30.340799999999945,"failureMessages":[],"meta":{},"tags":[]},{"ancestorTitles":["qualification COS transport with real SDK serialization over a loopback origin"],"fullName":"qualification COS transport with real SDK serialization over a loopback origin enforces the qualification put total deadline","status":"passed","title":"enforces the qualification put total deadline","duration":28.620300000000043,"failureMessages":[],"meta":{},"tags":[]},{"ancestorTitles":["qualification COS transport with real SDK serialization over a loopback origin"],"fullName":"qualification COS transport with real SDK serialization over a loopback origin hashes exact received object bytes without buffering the whole object","status":"passed","title":"hashes exact received object bytes without buffering the whole object","duration":30.862500000000182,"failureMessages":[],"meta":{},"tags":[]},{"ancestorTitles":["qualification COS transport with real SDK serialization over a loopback origin"],"fullName":"qualification COS transport with real SDK serialization over a loopback origin distinguishes confirmed object absence from permission errors","status":"passed","title":"distinguishes confirmed object absence from permission errors","duration":43.85640000000012,"failureMessages":[],"meta":{},"tags":[]},{"ancestorTitles":["qualification COS transport with real SDK serialization over a loopback origin"],"fullName":"qualification COS transport with real SDK serialization over a loopback origin fails a read whose transfer ends before the declared length","status":"passed","title":"fails a read whose transfer ends before the declared length","duration":37.447400000000016,"failureMessages":[],"meta":{},"tags":[]},{"ancestorTitles":["qualification COS transport with real SDK serialization over a loopback origin"],"fullName":"qualification COS transport with real SDK serialization over a loopback origin hashes public response bytes at the exact URL and rejects redirects or unrelated destinations","status":"passed","title":"hashes public response bytes at the exact URL and rejects redirects or unrelated destinations","duration":35.50099999999975,"failureMessages":[],"meta":{},"tags":[]},{"ancestorTitles":["qualification COS transport with real SDK serialization over a loopback origin"],"fullName":"qualification COS transport with real SDK serialization over a loopback origin refuses production settings without creating a request","status":"passed","title":"refuses production settings without creating a request","duration":29.77579999999989,"failureMessages":[],"meta":{},"tags":[]},{"ancestorTitles":["qualification COS transport with real SDK serialization over a loopback origin"],"fullName":"qualification COS transport with real SDK serialization over a loopback origin rejects mismatched upload bytes and unsafe keys before sending a request","status":"passed","title":"rejects mismatched upload bytes and unsafe keys before sending a request","duration":13.074999999999818,"failureMessages":[],"meta":{},"tags":[]}],"startTime":1789702669179,"endTime":1789702670154.075,"status":"passed","message":"","name":"D:/code/维小智/deepseek-harness/apps/desktop/tests/installed-update-cos.spec.ts"},{"assertionResults":[{"ancestorTitles":["qualification distribution file planning"],"fullName":"qualification distribution file planning keeps two binary sets separate from successive bodies at one fixed feed URL without publication authority","status":"passed","title":"keeps two binary sets separate from successive bodies at one fixed feed URL without publication authority","duration":251.1226999999999,"failureMessages":[],"meta":{},"tags":[]},{"ancestorTitles":["qualification distribution file planning"],"fullName":"qualification distribution file planning rejects changed-bytes before producing any distribution plan","status":"passed","title":"rejects changed-bytes before producing any distribution plan","duration":277.33529999999996,"failureMessages":[],"meta":{},"tags":[]},{"ancestorTitles":["qualification distribution file planning"],"fullName":"qualification distribution file planning rejects missing-map before producing any distribution plan","status":"passed","title":"rejects missing-map before producing any distribution plan","duration":211.96420000000012,"failureMessages":[],"meta":{},"tags":[]},{"ancestorTitles":["qualification distribution file planning"],"fullName":"qualification distribution file planning rejects foreign-url before producing any distribution plan","status":"passed","title":"rejects foreign-url before producing any distribution plan","duration":139.19180000000006,"failureMessages":[],"meta":{},"tags":[]},{"ancestorTitles":["qualification distribution file planning"],"fullName":"qualification distribution file planning rejects wrong-version before producing any distribution plan","status":"passed","title":"rejects wrong-version before producing any distribution plan","duration":145.29320000000007,"failureMessages":[],"meta":{},"tags":[]},{"ancestorTitles":["qualification distribution file planning"],"fullName":"qualification distribution file planning rejects legacy-hash before producing any distribution plan","status":"passed","title":"rejects legacy-hash before producing any distribution plan","duration":148.97069999999985,"failureMessages":[],"meta":{},"tags":[]}],"startTime":1789702669467,"endTime":1789702670642.9707,"status":"passed","message":"","name":"D:/code/维小智/deepseek-harness/apps/desktop/tests/installed-update-distribution.spec.ts"},{"assertionResults":[{"ancestorTitles":["installed update network plan"],"fullName":"installed update network plan binds an exclusive local plan to verified original application bytes without network changes","status":"passed","title":"binds an exclusive local plan to verified original application bytes without network changes","duration":184.66949999999997,"failureMessages":[],"meta":{},"tags":[]},{"ancestorTitles":["installed update network plan"],"fullName":"installed update network plan rejects failed-receipt before creating a fault plan","status":"passed","title":"rejects failed-receipt before creating a fault plan","duration":403.8800000000001,"failureMessages":[],"meta":{},"tags":[]},{"ancestorTitles":["installed update network plan"],"fullName":"installed update network plan rejects wrong-run before creating a fault plan","status":"passed","title":"rejects wrong-run before creating a fault plan","duration":260.47040000000015,"failureMessages":[],"meta":{},"tags":[]},{"ancestorTitles":["installed update network plan"],"fullName":"installed update network plan rejects wrong-version before creating a fault plan","status":"passed","title":"rejects wrong-version before creating a fault plan","duration":172.11990000000014,"failureMessages":[],"meta":{},"tags":[]},{"ancestorTitles":["installed update network plan"],"fullName":"installed update network plan rejects invalid-signature before creating a fault plan","status":"passed","title":"rejects invalid-signature before creating a fault plan","duration":201.34829999999965,"failureMessages":[],"meta":{},"tags":[]},{"ancestorTitles":["installed update network plan"],"fullName":"installed update network plan rejects changed-file before creating a fault plan","status":"passed","title":"rejects changed-file before creating a fault plan","duration":181.66620000000012,"failureMessages":[],"meta":{},"tags":[]},{"ancestorTitles":["installed update network plan"],"fullName":"installed update network plan rejects renamed-file before creating a fault plan","status":"passed","title":"rejects renamed-file before creating a fault plan","duration":224.28030000000035,"failureMessages":[],"meta":{},"tags":[]},{"ancestorTitles":["installed update network plan"],"fullName":"installed update network plan rejects outside-receipt before creating a fault plan","status":"passed","title":"rejects outside-receipt before creating a fault plan","duration":209.60410000000047,"failureMessages":[],"meta":{},"tags":[]},{"ancestorTitles":["operator firewall script with all firewall cmdlets substituted"],"fullName":"operator firewall script with all firewall cmdlets substituted records block without touching host firewall state","status":"passed","title":"records block without touching host firewall state","duration":4106.6403,"failureMessages":[],"meta":{},"tags":[]},{"ancestorTitles":["operator firewall script with all firewall cmdlets substituted"],"fullName":"operator firewall script with all firewall cmdlets substituted records creation-failure without touching host firewall state","status":"passed","title":"records creation-failure without touching host firewall state","duration":3740.5774999999994,"failureMessages":[],"meta":{},"tags":[]},{"ancestorTitles":["operator firewall script with all firewall cmdlets substituted"],"fullName":"operator firewall script with all firewall cmdlets substituted records existing without touching host firewall state","status":"passed","title":"records existing without touching host firewall state","duration":3455.471300000001,"failureMessages":[],"meta":{},"tags":[]},{"ancestorTitles":["operator firewall script with all firewall cmdlets substituted"],"fullName":"operator firewall script with all firewall cmdlets substituted records foreign without touching host firewall state","status":"passed","title":"records foreign without touching host firewall state","duration":3799.0008000000016,"failureMessages":[],"meta":{},"tags":[]},{"ancestorTitles":["operator firewall script with all firewall cmdlets substituted"],"fullName":"operator firewall script with all firewall cmdlets substituted records declined without touching host firewall state","status":"passed","title":"records declined without touching host firewall state","duration":4386.449499999999,"failureMessages":[],"meta":{},"tags":[]},{"ancestorTitles":["operator firewall script with all firewall cmdlets substituted"],"fullName":"operator firewall script with all firewall cmdlets substituted records changed without touching host firewall state","status":"passed","title":"records changed without touching host firewall state","duration":3857.4148999999998,"failureMessages":[],"meta":{},"tags":[]},{"ancestorTitles":["operator firewall script with all firewall cmdlets substituted"],"fullName":"operator firewall script with all firewall cmdlets substituted records changed-during-confirmation without touching host firewall state","status":"passed","title":"records changed-during-confirmation without touching host firewall state","duration":4391.806100000002,"failureMessages":[],"meta":{},"tags":[]},{"ancestorTitles":["operator firewall script with all firewall cmdlets substituted"],"fullName":"operator firewall script with all firewall cmdlets substituted records restore without touching host firewall state","status":"passed","title":"records restore without touching host firewall state","duration":3544.1912000000048,"failureMessages":[],"meta":{},"tags":[]},{"ancestorTitles":["operator firewall script with all firewall cmdlets substituted"],"fullName":"operator firewall script with all firewall cmdlets substituted records restore-absent without touching host firewall state","status":"passed","title":"records restore-absent without touching host firewall state","duration":3425.0853999999963,"failureMessages":[],"meta":{},"tags":[]},{"ancestorTitles":["operator firewall script with all firewall cmdlets substituted"],"fullName":"operator firewall script with all firewall cmdlets substituted records restore-failure without touching host firewall state","status":"passed","title":"records restore-failure without touching host firewall state","duration":3279.5602,"failureMessages":[],"meta":{},"tags":[]},{"ancestorTitles":["operator firewall script with all firewall cmdlets substituted"],"fullName":"operator firewall script with all firewall cmdlets substituted records restore-declined without touching host firewall state","status":"passed","title":"records restore-declined without touching host firewall state","duration":3309.5452000000005,"failureMessages":[],"meta":{},"tags":[]},{"ancestorTitles":["operator firewall script with all firewall cmdlets substituted"],"fullName":"operator firewall script with all firewall cmdlets substituted records status without touching host firewall state","status":"passed","title":"records status without touching host firewall state","duration":3396.6236000000063,"failureMessages":[],"meta":{},"tags":[]}],"startTime":1789702604654,"endTime":1789702651196.6235,"status":"passed","message":"","name":"D:/code/维小智/deepseek-harness/apps/desktop/tests/installed-update-network.spec.ts"},{"assertionResults":[{"ancestorTitles":["installed update archive contents"],"fullName":"installed update archive contents reads real ASAR and runtime inventories for 0.1.6-nightly.20260914.1 without claiming installation","status":"failed","title":"reads real ASAR and runtime inventories for 0.1.6-nightly.20260914.1 without claiming installation","duration":5459.000800000001,"failureMessages":["Error: STACK_TRACE_ERROR\n    at task (file:///D:/code/%E7%BB%B4%E5%B0%8F%E6%99%BA/deepseek-harness/node_modules/.pnpm/@vitest+runner@4.1.8/node_modules/@vitest/runner/dist/chunk-artifact.js:1784:27)\n    at Object.<anonymous> (file:///D:/code/%E7%BB%B4%E5%B0%8F%E6%99%BA/deepseek-harness/node_modules/.pnpm/@vitest+runner@4.1.8/node_modules/@vitest/runner/dist/chunk-artifact.js:1817:16)\n    at Object.<anonymous> (file:///D:/code/%E7%BB%B4%E5%B0%8F%E6%99%BA/deepseek-harness/node_modules/.pnpm/@vitest+runner@4.1.8/node_modules/@vitest/runner/dist/chunk-artifact.js:1563:28)\n    at Object.chain (file:///D:/code/%E7%BB%B4%E5%B0%8F%E6%99%BA/deepseek-harness/node_modules/.pnpm/@vitest+runner@4.1.8/node_modules/@vitest/runner/dist/chunk-artifact.js:599:14)\n    at file:///D:/code/%E7%BB%B4%E5%B0%8F%E6%99%BA/deepseek-harness/node_modules/.pnpm/@vitest+runner@4.1.8/node_modules/@vitest/runner/dist/chunk-artifact.js:2027:7\n    at Array.forEach (<anonymous>)\n    at file:///D:/code/%E7%BB%B4%E5%B0%8F%E6%99%BA/deepseek-harness/node_modules/.pnpm/@vitest+runner@4.1.8/node_modules/@vitest/runner/dist/chunk-artifact.js:2021:10\n    at D:/code/维小智/deepseek-harness/apps/desktop/tests/installed-update-package-content.spec.ts:137:41\n    at file:///D:/code/%E7%BB%B4%E5%B0%8F%E6%99%BA/deepseek-harness/node_modules/.pnpm/@vitest+runner@4.1.8/node_modules/@vitest/runner/dist/chunk-artifact.js:1889:40\n    at runWithSuite (file:///D:/code/%E7%BB%B4%E5%B0%8F%E6%99%BA/deepseek-harness/node_modules/.pnpm/@vitest+runner@4.1.8/node_modules/@vitest/runner/dist/chunk-artifact.js:2258:8)"],"meta":{},"tags":[]},{"ancestorTitles":["installed update archive contents"],"fullName":"installed update archive contents reads real ASAR and runtime inventories for 0.1.6-nightly.20260914.2 without claiming installation","status":"failed","title":"reads real ASAR and runtime inventories for 0.1.6-nightly.20260914.2 without claiming installation","duration":5183.7271,"failureMessages":["Error: STACK_TRACE_ERROR\n    at task (file:///D:/code/%E7%BB%B4%E5%B0%8F%E6%99%BA/deepseek-harness/node_modules/.pnpm/@vitest+runner@4.1.8/node_modules/@vitest/runner/dist/chunk-artifact.js:1784:27)\n    at Object.<anonymous> (file:///D:/code/%E7%BB%B4%E5%B0%8F%E6%99%BA/deepseek-harness/node_modules/.pnpm/@vitest+runner@4.1.8/node_modules/@vitest/runner/dist/chunk-artifact.js:1817:16)\n    at Object.<anonymous> (file:///D:/code/%E7%BB%B4%E5%B0%8F%E6%99%BA/deepseek-harness/node_modules/.pnpm/@vitest+runner@4.1.8/node_modules/@vitest/runner/dist/chunk-artifact.js:1563:28)\n    at Object.chain (file:///D:/code/%E7%BB%B4%E5%B0%8F%E6%99%BA/deepseek-harness/node_modules/.pnpm/@vitest+runner@4.1.8/node_modules/@vitest/runner/dist/chunk-artifact.js:599:14)\n    at file:///D:/code/%E7%BB%B4%E5%B0%8F%E6%99%BA/deepseek-harness/node_modules/.pnpm/@vitest+runner@4.1.8/node_modules/@vitest/runner/dist/chunk-artifact.js:2027:7\n    at Array.forEach (<anonymous>)\n    at file:///D:/code/%E7%BB%B4%E5%B0%8F%E6%99%BA/deepseek-harness/node_modules/.pnpm/@vitest+runner@4.1.8/node_modules/@vitest/runner/dist/chunk-artifact.js:2021:10\n    at D:/code/维小智/deepseek-harness/apps/desktop/tests/installed-update-package-content.spec.ts:137:41\n    at file:///D:/code/%E7%BB%B4%E5%B0%8F%E6%99%BA/deepseek-harness/node_modules/.pnpm/@vitest+runner@4.1.8/node_modules/@vitest/runner/dist/chunk-artifact.js:1889:40\n    at runWithSuite (file:///D:/code/%E7%BB%B4%E5%B0%8F%E6%99%BA/deepseek-harness/node_modules/.pnpm/@vitest+runner@4.1.8/node_modules/@vitest/runner/dist/chunk-artifact.js:2258:8)"],"meta":{},"tags":[]},{"ancestorTitles":["installed update archive contents"],"fullName":"installed update archive contents rejects mismatched packaged name","status":"failed","title":"rejects mismatched packaged name","duration":5009.5193,"failureMessages":["Error: STACK_TRACE_ERROR\n    at task (file:///D:/code/%E7%BB%B4%E5%B0%8F%E6%99%BA/deepseek-harness/node_modules/.pnpm/@vitest+runner@4.1.8/node_modules/@vitest/runner/dist/chunk-artifact.js:1784:27)\n    at Object.<anonymous> (file:///D:/code/%E7%BB%B4%E5%B0%8F%E6%99%BA/deepseek-harness/node_modules/.pnpm/@vitest+runner@4.1.8/node_modules/@vitest/runner/dist/chunk-artifact.js:1817:16)\n    at Object.<anonymous> (file:///D:/code/%E7%BB%B4%E5%B0%8F%E6%99%BA/deepseek-harness/node_modules/.pnpm/@vitest+runner@4.1.8/node_modules/@vitest/runner/dist/chunk-artifact.js:1563:28)\n    at Object.chain (file:///D:/code/%E7%BB%B4%E5%B0%8F%E6%99%BA/deepseek-harness/node_modules/.pnpm/@vitest+runner@4.1.8/node_modules/@vitest/runner/dist/chunk-artifact.js:599:14)\n    at file:///D:/code/%E7%BB%B4%E5%B0%8F%E6%99%BA/deepseek-harness/node_modules/.pnpm/@vitest+runner@4.1.8/node_modules/@vitest/runner/dist/chunk-artifact.js:2027:7\n    at Array.forEach (<anonymous>)\n    at file:///D:/code/%E7%BB%B4%E5%B0%8F%E6%99%BA/deepseek-harness/node_modules/.pnpm/@vitest+runner@4.1.8/node_modules/@vitest/runner/dist/chunk-artifact.js:2021:10\n    at D:/code/维小智/deepseek-harness/apps/desktop/tests/installed-update-package-content.spec.ts:155:4\n    at file:///D:/code/%E7%BB%B4%E5%B0%8F%E6%99%BA/deepseek-harness/node_modules/.pnpm/@vitest+runner@4.1.8/node_modules/@vitest/runner/dist/chunk-artifact.js:1889:40\n    at runWithSuite (file:///D:/code/%E7%BB%B4%E5%B0%8F%E6%99%BA/deepseek-harness/node_modules/.pnpm/@vitest+runner@4.1.8/node_modules/@vitest/runner/dist/chunk-artifact.js:2258:8)"],"meta":{},"tags":[]},{"ancestorTitles":["installed update archive contents"],"fullName":"installed update archive contents rejects mismatched packaged version","status":"failed","title":"rejects mismatched packaged version","duration":5001.727499999997,"failureMessages":["Error: STACK_TRACE_ERROR\n    at task (file:///D:/code/%E7%BB%B4%E5%B0%8F%E6%99%BA/deepseek-harness/node_modules/.pnpm/@vitest+runner@4.1.8/node_modules/@vitest/runner/dist/chunk-artifact.js:1784:27)\n    at Object.<anonymous> (file:///D:/code/%E7%BB%B4%E5%B0%8F%E6%99%BA/deepseek-harness/node_modules/.pnpm/@vitest+runner@4.1.8/node_modules/@vitest/runner/dist/chunk-artifact.js:1817:16)\n    at Object.<anonymous> (file:///D:/code/%E7%BB%B4%E5%B0%8F%E6%99%BA/deepseek-harness/node_modules/.pnpm/@vitest+runner@4.1.8/node_modules/@vitest/runner/dist/chunk-artifact.js:1563:28)\n    at Object.chain (file:///D:/code/%E7%BB%B4%E5%B0%8F%E6%99%BA/deepseek-harness/node_modules/.pnpm/@vitest+runner@4.1.8/node_modules/@vitest/runner/dist/chunk-artifact.js:599:14)\n    at file:///D:/code/%E7%BB%B4%E5%B0%8F%E6%99%BA/deepseek-harness/node_modules/.pnpm/@vitest+runner@4.1.8/node_modules/@vitest/runner/dist/chunk-artifact.js:2027:7\n    at Array.forEach (<anonymous>)\n    at file:///D:/code/%E7%BB%B4%E5%B0%8F%E6%99%BA/deepseek-harness/node_modules/.pnpm/@vitest+runner@4.1.8/node_modules/@vitest/runner/dist/chunk-artifact.js:2021:10\n    at D:/code/维小智/deepseek-harness/apps/desktop/tests/installed-update-package-content.spec.ts:155:4\n    at file:///D:/code/%E7%BB%B4%E5%B0%8F%E6%99%BA/deepseek-harness/node_modules/.pnpm/@vitest+runner@4.1.8/node_modules/@vitest/runner/dist/chunk-artifact.js:1889:40\n    at runWithSuite (file:///D:/code/%E7%BB%B4%E5%B0%8F%E6%99%BA/deepseek-harness/node_modules/.pnpm/@vitest+runner@4.1.8/node_modules/@vitest/runner/dist/chunk-artifact.js:2258:8)"],"meta":{},"tags":[]},{"ancestorTitles":["installed update archive contents"],"fullName":"installed update archive contents rejects mismatched packaged dshDesktopAppId","status":"failed","title":"rejects mismatched packaged dshDesktopAppId","duration":5006.154500000001,"failureMessages":["Error: STACK_TRACE_ERROR\n    at task (file:///D:/code/%E7%BB%B4%E5%B0%8F%E6%99%BA/deepseek-harness/node_modules/.pnpm/@vitest+runner@4.1.8/node_modules/@vitest/runner/dist/chunk-artifact.js:1784:27)\n    at Object.<anonymous> (file:///D:/code/%E7%BB%B4%E5%B0%8F%E6%99%BA/deepseek-harness/node_modules/.pnpm/@vitest+runner@4.1.8/node_modules/@vitest/runner/dist/chunk-artifact.js:1817:16)\n    at Object.<anonymous> (file:///D:/code/%E7%BB%B4%E5%B0%8F%E6%99%BA/deepseek-harness/node_modules/.pnpm/@vitest+runner@4.1.8/node_modules/@vitest/runner/dist/chunk-artifact.js:1563:28)\n    at Object.chain (file:///D:/code/%E7%BB%B4%E5%B0%8F%E6%99%BA/deepseek-harness/node_modules/.pnpm/@vitest+runner@4.1.8/node_modules/@vitest/runner/dist/chunk-artifact.js:599:14)\n    at file:///D:/code/%E7%BB%B4%E5%B0%8F%E6%99%BA/deepseek-harness/node_modules/.pnpm/@vitest+runner@4.1.8/node_modules/@vitest/runner/dist/chunk-artifact.js:2027:7\n    at Array.forEach (<anonymous>)\n    at file:///D:/code/%E7%BB%B4%E5%B0%8F%E6%99%BA/deepseek-harness/node_modules/.pnpm/@vitest+runner@4.1.8/node_modules/@vitest/runner/dist/chunk-artifact.js:2021:10\n    at D:/code/维小智/deepseek-harness/apps/desktop/tests/installed-update-package-content.spec.ts:155:4\n    at file:///D:/code/%E7%BB%B4%E5%B0%8F%E6%99%BA/deepseek-harness/node_modules/.pnpm/@vitest+runner@4.1.8/node_modules/@vitest/runner/dist/chunk-artifact.js:1889:40\n    at runWithSuite (file:///D:/code/%E7%BB%B4%E5%B0%8F%E6%99%BA/deepseek-harness/node_modules/.pnpm/@vitest+runner@4.1.8/node_modules/@vitest/runner/dist/chunk-artifact.js:2258:8)"],"meta":{},"tags":[]},{"ancestorTitles":["installed update archive contents"],"fullName":"installed update archive contents rejects mismatched packaged main","status":"failed","title":"rejects mism
[...]
:"Windows upload credentials rejects blank credentials without printing values","status":"failed","title":"rejects blank credentials without printing values","duration":42.7445000000007,"failureMessages":["AssertionError: expected 'string' to be 'number' // Object.is equality\n    at check (D:/code/维小智/deepseek-harness/apps/desktop/tests/upload-with-credentials.spec.ts:90:56)\n    at processTicksAndRejections (node:internal/process/task_queues:104:5)\n    at D:/code/维小智/deepseek-harness/apps/desktop/tests/upload-with-credentials.spec.ts:152:18\n    at file:///D:/code/%E7%BB%B4%E5%B0%8F%E6%99%BA/deepseek-harness/node_modules/.pnpm/@vitest+runner@4.1.8/node_modules/@vitest/runner/dist/chunk-artifact.js:1903:20"],"meta":{},"tags":[]},{"ancestorTitles":["Windows upload credentials"],"fullName":"Windows upload credentials rejects missing credentials without printing values","status":"failed","title":"rejects missing credentials without printing values","duration":49.60600000000068,"failureMessages":["AssertionError: expected 'string' to be 'number' // Object.is equality\n    at check (D:/code/维小智/deepseek-harness/apps/desktop/tests/upload-with-credentials.spec.ts:90:56)\n    at processTicksAndRejections (node:internal/process/task_queues:104:5)\n    at D:/code/维小智/deepseek-harness/apps/desktop/tests/upload-with-credentials.spec.ts:152:18\n    at file:///D:/code/%E7%BB%B4%E5%B0%8F%E6%99%BA/deepseek-harness/node_modules/.pnpm/@vitest+runner@4.1.8/node_modules/@vitest/runner/dist/chunk-artifact.js:1903:20"],"meta":{},"tags":[]},{"ancestorTitles":["Windows upload credentials"],"fullName":"Windows upload credentials isolates the upload child and sanitizes both output streams","status":"failed","title":"isolates the upload child and sanitizes both output streams","duration":218.08280000000013,"failureMessages":["AssertionError: expected 'string' to be 'number' // Object.is equality\n    at check (D:/code/维小智/deepseek-harness/apps/desktop/tests/upload-with-credentials.spec.ts:90:56)\n    at processTicksAndRejections (node:internal/process/task_queues:104:5)\n    at D:/code/维小智/deepseek-harness/apps/desktop/tests/upload-with-credentials.spec.ts:160:18\n    at file:///D:/code/%E7%BB%B4%E5%B0%8F%E6%99%BA/deepseek-harness/node_modules/.pnpm/@vitest+runner@4.1.8/node_modules/@vitest/runner/dist/chunk-artifact.js:1903:20"],"meta":{},"tags":[]},{"ancestorTitles":["Windows upload credentials"],"fullName":"Windows upload credentials isolates the upload-failure child and sanitizes both output streams","status":"failed","title":"isolates the upload-failure child and sanitizes both output streams","duration":321.1144000000004,"failureMessages":["AssertionError: expected 'string' to be 'number' // Object.is equality\n    at check (D:/code/维小智/deepseek-harness/apps/desktop/tests/upload-with-credentials.spec.ts:90:56)\n    at processTicksAndRejections (node:internal/process/task_queues:104:5)\n    at D:/code/维小智/deepseek-harness/apps/desktop/tests/upload-with-credentials.spec.ts:160:18\n    at file:///D:/code/%E7%BB%B4%E5%B0%8F%E6%99%BA/deepseek-harness/node_modules/.pnpm/@vitest+runner@4.1.8/node_modules/@vitest/runner/dist/chunk-artifact.js:1903:20"],"meta":{},"tags":[]}],"startTime":1789702630596,"endTime":1789702631581.1145,"status":"failed","message":"","name":"D:/code/维小智/deepseek-harness/apps/desktop/tests/upload-with-credentials.spec.ts"},{"assertionResults":[{"ancestorTitles":[],"fullName":"serves the Web entry and assets without starting or contacting a Host","status":"passed","title":"serves the Web entry and assets without starting or contacting a Host","duration":167.3762999999999,"failureMessages":[],"meta":{},"tags":[]},{"ancestorTitles":[],"fullName":"requires the Host authentication exchange and retains only its cookie value","status":"passed","title":"requires the Host authentication exchange and retains only its cookie value","duration":8.259800000000268,"failureMessages":[],"meta":{},"tags":[]},{"ancestorTitles":[],"fullName":"forwards upload bytes and cancellation with Host credentials while keeping the response streaming","status":"passed","title":"forwards upload bytes and cancellation with Host credentials while keeping the response streaming","duration":7.078399999999874,"failureMessages":[],"meta":{},"tags":[]},{"ancestorTitles":[],"fullName":"refuses another page origin without forwarding its request","status":"passed","title":"refuses another page origin without forwarding its request","duration":7.909599999999955,"failureMessages":[],"meta":{},"tags":[]}],"startTime":1789702679717,"endTime":1789702679907.9097,"status":"passed","message":"","name":"D:/code/维小智/deepseek-harness/apps/desktop/tests/web-document.spec.ts"},{"assertionResults":[{"ancestorTitles":[],"fullName":"cleans staged files before allowOnlyOneInstallerInstance.nsh exits","status":"passed","title":"cleans staged files before allowOnlyOneInstallerInstance.nsh exits","duration":9.915000000000191,"failureMessages":[],"meta":{},"tags":[]},{"ancestorTitles":[],"fullName":"cleans staged files before installUtil.nsh exits","status":"passed","title":"cleans staged files before installUtil.nsh exits","duration":2.7773999999999432,"failureMessages":[],"meta":{},"tags":[]},{"ancestorTitles":[],"fullName":"stages before stopping the application and promotes before registering the installation","status":"passed","title":"stages before stopping the application and promotes before registering the installation","duration":1.6904000000001815,"failureMessages":[],"meta":{},"tags":[]},{"ancestorTitles":[],"fullName":"rejects a missing or duplicate upstream insertion point: !include installer.nsh","status":"passed","title":"rejects a missing or duplicate upstream insertion point: !include installer.nsh","duration":3.000099999999975,"failureMessages":[],"meta":{},"tags":[]},{"ancestorTitles":[],"fullName":"rejects a missing or duplicate upstream insertion point: !insertmacro setLinkVars","status":"passed","title":"rejects a missing or duplicate upstream insertion point: !insertmacro setLinkVars","duration":1.3290999999999258,"failureMessages":[],"meta":{},"tags":[]},{"ancestorTitles":[],"fullName":"rejects a missing or duplicate upstream insertion point: !insertmacro installApplicationFiles","status":"passed","title":"rejects a missing or duplicate upstream insertion point: !insertmacro installApplicationFiles","duration":0.928000000000111,"failureMessages":[],"meta":{},"tags":[]}],"startTime":1789702689245,"endTime":1789702689264.928,"status":"passed","message":"","name":"D:/code/维小智/deepseek-harness/apps/desktop/tests/windows-directory-installer.spec.ts"},{"assertionResults":[{"ancestorTitles":["Windows token signing"],"fullName":"Windows token signing preserves verified copies without hardware and rejects the entire queue after preservation failure","status":"passed","title":"preserves verified copies without hardware and rejects the entire queue after preservation failure","duration":210.29259999999977,"failureMessages":[],"meta":{},"tags":[]},{"ancestorTitles":["Windows token signing"],"fullName":"Windows token signing stops concurrent and subsequent signing tasks after a PIN failure","status":"passed","title":"stops concurrent and subsequent signing tasks after a PIN failure","duration":719.3159000000005,"failureMessages":[],"meta":{},"tags":[]},{"ancestorTitles":["Windows token signing"],"fullName":"Windows token signing passes only the validated BAT fields to the signing command interpreter","status":"passed","title":"passes only the validated BAT fields to the signing command interpreter","duration":1.1432999999997264,"failureMessages":[],"meta":{},"tags":[]},{"ancestorTitles":["Windows token signing"],"fullName":"Windows token signing requests an appended signature only for an electron-builder nested task","status":"passed","title":"requests an appended signature only for an electron-builder nested task","duration":0.878099999999904,"failureMessages":[],"meta":{},"tags":[]},{"ancestorTitles":["Windows token signing"],"fullName":"Windows token signing keeps the verified SafeNet command in an ASCII CRLF CMD file","status":"passed","title":"keeps the verified SafeNet command in an ASCII CRLF CMD file","duration":34.59550000000036,"failureMessages":[],"meta":{},"tags":[]},{"ancestorTitles":["Windows token signing"],"fullName":"Windows token signing rejects incomplete signing identities and non-SHA-256 signing tasks","status":"passed","title":"rejects incomplete signing identities and non-SHA-256 signing tasks","duration":333.47409999999945,"failureMessages":[],"meta":{},"tags":[]},{"ancestorTitles":["Windows token signing"],"fullName":"Windows token signing removes inherited credentials and redacts SignTool process failures","status":"passed","title":"removes inherited credentials and redacts SignTool process failures","duration":5.499200000000201,"failureMessages":[],"meta":{},"tags":[]},{"ancestorTitles":["Windows token signing"],"fullName":"Windows token signing signs the temporary NSIS executable before enterprise policy evaluates it","status":"passed","title":"signs the temporary NSIS executable before enterprise policy evaluates it","duration":1.898300000000745,"failureMessages":[],"meta":{},"tags":[]},{"ancestorTitles":["Windows token signing"],"fullName":"Windows token signing clears a certificate table inherited beyond the generated uninstaller","status":"passed","title":"clears a certificate table inherited beyond the generated uninstaller","duration":1222.1198000000004,"failureMessages":[],"meta":{},"tags":[]}],"startTime":1789702665289,"endTime":1789702667822.1199,"status":"passed","message":"","name":"D:/code/维小智/deepseek-harness/apps/desktop/tests/windows-sign.spec.ts"},{"assertionResults":[{"ancestorTitles":[],"fullName":"rejects a certificate outside its validity period at 1999-01-01","status":"passed","title":"rejects a certificate outside its validity period at 1999-01-01","duration":543.3978999999999,"failureMessages":[],"meta":{},"tags":[]},{"ancestorTitles":[],"fullName":"rejects a certificate outside its validity period at 2101-01-01","status":"passed","title":"rejects a certificate outside its validity period at 2101-01-01","duration":370.1193000000003,"failureMessages":[],"meta":{},"tags":[]},{"ancestorTitles":[],"fullName":"compiles a real unsigned probe without executing it or accessing a token","status":"failed","title":"compiles a real unsigned probe without executing it or accessing a token","duration":5280.8405,"failureMessages":["Error: STACK_TRACE_ERROR\n    at task (file:///D:/code/%E7%BB%B4%E5%B0%8F%E6%99%BA/deepseek-harness/node_modules/.pnpm/@vitest+runner@4.1.8/node_modules/@vitest/runner/dist/chunk-artifact.js:1784:27)\n    at Object.<anonymous> (file:///D:/code/%E7%BB%B4%E5%B0%8F%E6%99%BA/deepseek-harness/node_modules/.pnpm/@vitest+runner@4.1.8/node_modules/@vitest/runner/dist/chunk-artifact.js:1817:16)\n    at Object.<anonymous> (file:///D:/code/%E7%BB%B4%E5%B0%8F%E6%99%BA/deepseek-harness/node_modules/.pnpm/@vitest+runner@4.1.8/node_modules/@vitest/runner/dist/chunk-artifact.js:1563:28)\n    at chain (file:///D:/code/%E7%BB%B4%E5%B0%8F%E6%99%BA/deepseek-harness/node_modules/.pnpm/@vitest+runner@4.1.8/node_modules/@vitest/runner/dist/chunk-artifact.js:599:14)\n    at D:/code/维小智/deepseek-harness/apps/desktop/tests/windows-signing-preflight.spec.ts:41:62\n    at processTicksAndRejections (node:internal/process/task_queues:104:5)\n    at VitestModuleEvaluator._runInlinedModule (file:///D:/code/%E7%BB%B4%E5%B0%8F%E6%99%BA/deepseek-harness/node_modules/.pnpm/vitest@4.1.8_@opentelemetry_c353b8f649d25fdfb1de02f01ebaca2b/node_modules/vitest/dist/module-evaluator.js:206:4)\n    at VitestModuleRunner.directRequest (file:///D:/code/%E7%BB%B4%E5%B0%8F%E6%99%BA/deepseek-harness/node_modules/.pnpm/vite@8.0.16_@types+node@22._5ea841fc71cf25963294184b8c3a523d/node_modules/vite/dist/node/module-runner.js:1259:59)\n    at VitestModuleRunner.cachedRequest (file:///D:/code/%E7%BB%B4%E5%B0%8F%E6%99%BA/deepseek-harness/node_modules/.pnpm/vite@8.0.16_@types+node@22._5ea841fc71cf25963294184b8c3a523d/node_modules/vite/dist/node/module-runner.js:1166:73)\n    at VitestModuleRunner.import (file:///D:/code/%E7%BB%B4%E5%B0%8F%E6%99%BA/deepseek-harness/node_modules/.pnpm/vite@8.0.16_@types+node@22._5ea841fc71cf25963294184b8c3a523d/node_modules/vite/dist/node/module-runner.js:1120:10)","Error: EBUSY: resource busy or locked, unlink 'C:\\Users\\V28774~1.HUA\\AppData\\Local\\Temp\\signing-preflight-H9HaFc\\records\\2026-09-18T03-36-47.765Z-jrlCA9\\signing-preflight\\probe.exe'"],"meta":{},"tags":[]},{"ancestorTitles":[],"fullName":"compiles one new probe and verifies one production-format signature before success","status":"passed","title":"compiles one new probe and verifies one production-format signature before success","duration":493.6111000000001,"failureMessages":[],"meta":{},"tags":[]},{"ancestorTitles":[],"fullName":"rejects static interlock failure without compiling or signing","status":"passed","title":"rejects static interlock failure without compiling or signing","duration":376.1376999999993,"failureMessages":[],"meta":{},"tags":[]},{"ancestorTitles":[],"fullName":"rejects static fatal failure without compiling or signing","status":"passed","title":"rejects static fatal failure without compiling or signing","duration":272.15190000000075,"failureMessages":[],"meta":{},"tags":[]},{"ancestorTitles":[],"fullName":"rejects static compiler failure without compiling or signing","status":"passed","title":"rejects static compiler failure without compiling or signing","duration":220.04889999999978,"failureMessages":[],"meta":{},"tags":[]},{"ancestorTitles":[],"fullName":"rejects static certificate failure without compiling or signing","status":"passed","title":"rejects static certificate failure without compiling or signing","duration":367.2435999999998,"failureMessages":[],"meta":{},"tags":[]},{"ancestorTitles":[],"fullName":"rejects static signTool failure without compiling or signing","status":"passed","title":"rejects static signTool failure without compiling or signing","duration":277.34729999999945,"failureMessages":[],"meta":{},"tags":[]},{"ancestorTitles":[],"fullName":"rejects static pin failure without compiling or signing","status":"passed","title":"rejects static pin failure without compiling or signing","duration":342.1401999999998,"failureMessages":[],"meta":{},"tags":[]},{"ancestorTitles":[],"fullName":"rejects static audit failure without compiling or signing","status":"passed","title":"rejects static audit failure without compiling or signing","duration":290.60919999999896,"failureMessages":[],"meta":{},"tags":[]},{"ancestorTitles":[],"fullName":"stops on compile failure without retry or successful evidence","status":"passed","title":"stops on compile failure without retry or successful evidence","duration":294.98909999999887,"failureMessages":[],"meta":{},"tags":[]},{"ancestorTitles":[],"fullName":"stops on unexpected-signature failure without retry or successful evidence","status":"passed","title":"stops on unexpected-signature failure without retry or successful evidence","duration":501.6782999999996,"failureMessages":[],"meta":{},"tags":[]},{"ancestorTitles":[],"fullName":"stops on sign failure without retry or successful evidence","status":"passed","title":"stops on sign failure without retry or successful evidence","duration":609.3529999999992,"failureMessages":[],"meta":{},"tags":[]},{"ancestorTitles":[],"fullName":"stops on timestamp failure without retry or successful evidence","status":"passed","title":"stops on timestamp failure without retry or successful evidence","duration":516.8994999999995,"failureMessages":[],"meta":{},"tags":[]},{"ancestorTitles":[],"fullName":"stops on publisher failure without retry or successful evidence","status":"passed","title":"stops on publisher failure without retry or successful evidence","duration":358.0682000000015,"failureMessages":[],"meta":{},"tags":[]},{"ancestorTitles":[],"fullName":"stops on verification failure without retry or successful evidence","status":"passed","title":"stops on verification failure without retry or successful evidence","duration":649.2137999999995,"failureMessages":[],"meta":{},"tags":[]}],"startTime":1789702606842,"endTime":1789702618611.2139,"status":"failed","message":"","name":"D:/code/维小智/deepseek-harness/apps/desktop/tests/windows-signing-preflight.spec.ts"},{"assertionResults":[{"ancestorTitles":["persistent Windows signing interlock"],"fullName":"persistent Windows signing interlock admits one independent process and retains its slot after that process exits","status":"passed","title":"admits one independent process and retains its slot after that process exits","duration":1501.8309000000002,"failureMessages":[],"meta":{},"tags":[]},{"ancestorTitles":["persistent Windows signing interlock"],"fullName":"persistent Windows signing interlock releases only successful attempts and records both operations before completion","status":"passed","title":"releases only successful attempts and records both operations before completion","duration":119.66139999999996,"failureMessages":[],"meta":{},"tags":[]},{"ancestorTitles":["persistent Windows signing interlock"],"fullName":"persistent Windows signing interlock refuses hardware entry without an existing supervised run","status":"passed","title":"refuses hardware entry without an existing supervised run","duration":2.957300000000032,"failureMessages":[],"meta":{},"tags":[]}],"startTime":1789702665613,"endTime":1789702667237.9573,"status":"passed","message":"","name":"D:/code/维小智/deepseek-harness/apps/desktop/tests/windows-signing-state.spec.ts"},{"assertionResults":[{"ancestorTitles":["Windows update publisher"],"fullName":"Windows update publisher preserves organization identity and escapes DN delimiters using the updater parser","status":"passed","title":"preserves organization identity and escapes DN delimiters using the updater parser","duration":178.82240000000002,"failureMessages":[],"meta":{},"tags":[]},{"ancestorTitles":["Windows update publisher"],"fullName":"Windows update publisher rejects missing or ambiguous publisher identity: {\"CN\":\"\",\"O\":\"Company\",\"C\":\"CN\"}","status":"passed","title":"rejects missing or ambiguous publisher identity: {\"CN\":\"\",\"O\":\"Company\",\"C\":\"CN\"}","duration":87.01679999999942,"failureMessages":[],"meta":{},"tags":[]},{"ancestorTitles":["Windows update publisher"],"fullName":"Windows update publisher rejects missing or ambiguous publisher identity: {\"CN\":\"Publisher\",\"C\":\"CN\"}","status":"passed","title":"rejects missing or ambiguous publisher identity: {\"CN\":\"Publisher\",\"C\":\"CN\"}","duration":94.13749999999982,"failureMessages":[],"meta":{},"tags":[]},{"ancestorTitles":["Windows update publisher"],"fullName":"Windows update publisher rejects missing or ambiguous publisher identity: {\"CN\":\"Publisher\",\"O\":\"Company\",\"C\":[\"CN\",\"US\"]}","status":"passed","title":"rejects missing or ambiguous publisher identity: {\"CN\":\"Publisher\",\"O\":\"Company\",\"C\":[\"CN\",\"US\"]}","duration":110.15869999999995,"failureMessages":[],"meta":{},"tags":[]},{"ancestorTitles":["Windows update publisher"],"fullName":"Windows update publisher supplies publisher metadata with explicit Windows target = true","status":"passed","title":"supplies publisher metadata with explicit Windows target = true","duration":4061.4495000000006,"failureMessages":[],"meta":{},"tags":[]},{"ancestorTitles":["Windows update publisher"],"fullName":"Windows update publisher supplies publisher metadata with explicit Windows target = false","status":"passed","title":"supplies publisher metadata with explicit Windows target = false","duration":139.9449999999997,"failureMessages":[],"meta":{},"tags":[]}],"startTime":1789702656876,"endTime":1789702661549.945,"status":"passed","message":"","name":"D:/code/维小智/deepseek-harness/apps/desktop/tests/windows-update-publisher.spec.ts"}]}