{"numTotalTestSuites":9,"numPassedTestSuites":1,"numFailedTestSuites":8,"numPendingTestSuites":0,"numTotalTests":45,"numPassedTests":29,"numFailedTests":16,"numPendingTests":0,"numTodoTests":0,"snapshot":{"added":0,"failure":false,"filesAdded":0,"filesRemoved":0,"filesRemovedList":[],"filesUnmatched":0,"filesUpdated":0,"matched":0,"total":0,"unchecked":0,"uncheckedKeysByFile":[],"unmatched":0,"updated":0,"didUpdate":false},"startTime":1789703391210,"success":false,"testResults":[{"assertionResults":[{"ancestorTitles":["installer preparation preserves application dependencies"],"fullName":"installer preparation preserves application dependencies rejects a missing production policy before signing on win32","status":"passed","title":"rejects a missing production policy before signing on win32","duration":913.3171000000002,"failureMessages":[],"meta":{},"tags":[]},{"ancestorTitles":["installer preparation preserves application dependencies"],"fullName":"installer preparation preserves application dependencies rejects a missing production policy before signing on darwin","status":"passed","title":"rejects a missing production policy before signing on darwin","duration":3.198500000000422,"failureMessages":[],"meta":{},"tags":[]},{"ancestorTitles":["installer preparation preserves application dependencies"],"fullName":"installer preparation preserves application dependencies keeps electron-builder responsible for node_modules on win32","status":"failed","title":"keeps electron-builder responsible for node_modules on win32","duration":9688.7249,"failureMessages":["Error: STACK_TRACE_ERROR\n    at task (file:///D:/code/%E7%BB%B4%E5%B0%8F%E6%99%BA/deepseek-harness/node_modules/.pnpm/@vitest+runner@4.1.8/node_modules/@vitest/runner/dist/chunk-artifact.js:1784:27)\n    at Object.<anonymous> (file:///D:/code/%E7%BB%B4%E5%B0%8F%E6%99%BA/deepseek-harness/node_modules/.pnpm/@vitest+runner@4.1.8/node_modules/@vitest/runner/dist/chunk-artifact.js:1817:16)\n    at Object.<anonymous> (file:///D:/code/%E7%BB%B4%E5%B0%8F%E6%99%BA/deepseek-harness/node_modules/.pnpm/@vitest+runner@4.1.8/node_modules/@vitest/runner/dist/chunk-artifact.js:1563:28)\n    at Object.chain (file:///D:/code/%E7%BB%B4%E5%B0%8F%E6%99%BA/deepseek-harness/node_modules/.pnpm/@vitest+runner@4.1.8/node_modules/@vitest/runner/dist/chunk-artifact.js:599:14)\n    at file:///D:/code/%E7%BB%B4%E5%B0%8F%E6%99%BA/deepseek-harness/node_modules/.pnpm/@vitest+runner@4.1.8/node_modules/@vitest/runner/dist/chunk-artifact.js:2027:7\n    at Array.forEach (<anonymous>)\n    at file:///D:/code/%E7%BB%B4%E5%B0%8F%E6%99%BA/deepseek-harness/node_modules/.pnpm/@vitest+runner@4.1.8/node_modules/@vitest/runner/dist/chunk-artifact.js:2021:10\n    at D:/code/维小智/deepseek-harness/apps/desktop/tests/installer-packaging.spec.ts:29:52\n    at file:///D:/code/%E7%BB%B4%E5%B0%8F%E6%99%BA/deepseek-harness/node_modules/.pnpm/@vitest+runner@4.1.8/node_modules/@vitest/runner/dist/chunk-artifact.js:1889:40\n    at runWithSuite (file:///D:/code/%E7%BB%B4%E5%B0%8F%E6%99%BA/deepseek-harness/node_modules/.pnpm/@vitest+runner@4.1.8/node_modules/@vitest/runner/dist/chunk-artifact.js:2258:8)"],"meta":{},"tags":[]},{"ancestorTitles":["installer preparation preserves application dependencies"],"fullName":"installer preparation preserves application dependencies keeps electron-builder responsible for node_modules on darwin","status":"failed","title":"keeps electron-builder responsible for node_modules on darwin","duration":6713.9156,"failureMessages":["Error: STACK_TRACE_ERROR\n    at task (file:///D:/code/%E7%BB%B4%E5%B0%8F%E6%99%BA/deepseek-harness/node_modules/.pnpm/@vitest+runner@4.1.8/node_modules/@vitest/runner/dist/chunk-artifact.js:1784:27)\n    at Object.<anonymous> (file:///D:/code/%E7%BB%B4%E5%B0%8F%E6%99%BA/deepseek-harness/node_modules/.pnpm/@vitest+runner@4.1.8/node_modules/@vitest/runner/dist/chunk-artifact.js:1817:16)\n    at Object.<anonymous> (file:///D:/code/%E7%BB%B4%E5%B0%8F%E6%99%BA/deepseek-harness/node_modules/.pnpm/@vitest+runner@4.1.8/node_modules/@vitest/runner/dist/chunk-artifact.js:1563:28)\n    at Object.chain (file:///D:/code/%E7%BB%B4%E5%B0%8F%E6%99%BA/deepseek-harness/node_modules/.pnpm/@vitest+runner@4.1.8/node_modules/@vitest/runner/dist/chunk-artifact.js:599:14)\n    at file:///D:/code/%E7%BB%B4%E5%B0%8F%E6%99%BA/deepseek-harness/node_modules/.pnpm/@vitest+runner@4.1.8/node_modules/@vitest/runner/dist/chunk-artifact.js:2027:7\n    at Array.forEach (<anonymous>)\n    at file:///D:/code/%E7%BB%B4%E5%B0%8F%E6%99%BA/deepseek-harness/node_modules/.pnpm/@vitest+runner@4.1.8/node_modules/@vitest/runner/dist/chunk-artifact.js:2021:10\n    at D:/code/维小智/deepseek-harness/apps/desktop/tests/installer-packaging.spec.ts:29:52\n    at file:///D:/code/%E7%BB%B4%E5%B0%8F%E6%99%BA/deepseek-harness/node_modules/.pnpm/@vitest+runner@4.1.8/node_modules/@vitest/runner/dist/chunk-artifact.js:1889:40\n    at runWithSuite (file:///D:/code/%E7%BB%B4%E5%B0%8F%E6%99%BA/deepseek-harness/node_modules/.pnpm/@vitest+runner@4.1.8/node_modules/@vitest/runner/dist/chunk-artifact.js:2258:8)"],"meta":{},"tags":[]}],"startTime":1789703407408,"endTime":1789703424727.9155,"status":"failed","message":"","name":"D:/code/维小智/deepseek-harness/apps/desktop/tests/installer-packaging.spec.ts"},{"assertionResults":[{"ancestorTitles":[],"fullName":"requires one signing preflight before building, then records only the complete release","status":"failed","title":"requires one signing preflight before building, then records only the complete release","duration":101.3747000000003,"failureMessages":["AssertionError: expected \"vi.fn()\" to be called once, but got 2 times\n    at D:/code/维小智/deepseek-harness/apps/desktop/tests/package-target-stages.spec.ts:51:66\n    at processTicksAndRejections (node:internal/process/task_queues:104:5)\n    at file:///D:/code/%E7%BB%B4%E5%B0%8F%E6%99%BA/deepseek-harness/node_modules/.pnpm/@vitest+runner@4.1.8/node_modules/@vitest/runner/dist/chunk-artifact.js:1903:20"],"meta":{},"tags":[]},{"ancestorTitles":[],"fullName":"never continues or records a release after preflight:windows-signing fails","status":"passed","title":"never continues or records a release after preflight:windows-signing fails","duration":27.80959999999868,"failureMessages":[],"meta":{},"tags":[]},{"ancestorTitles":[],"fullName":"never continues or records a release after run build:official fails","status":"passed","title":"never continues or records a release after run build:official fails","duration":5.429500000000189,"failureMessages":[],"meta":{},"tags":[]},{"ancestorTitles":[],"fullName":"never continues or records a release after run sign:primary-runtime fails","status":"passed","title":"never continues or records a release after run sign:primary-runtime fails","duration":8.000700000000506,"failureMessages":[],"meta":{},"tags":[]},{"ancestorTitles":[],"fullName":"never continues or records a release after run prepare:dsh fails","status":"passed","title":"never continues or records a release after run prepare:dsh fails","duration":6.857300000001487,"failureMessages":[],"meta":{},"tags":[]},{"ancestorTitles":[],"fullName":"never continues or records a release after exec electron-builder --config electron-builder.config.mjs --win --x64 --publish never fails","status":"failed","title":"never continues or records a release after exec electron-builder --config electron-builder.config.mjs --win --x64 --publish never fails","duration":15.141999999999825,"failureMessages":["AssertionError: expected \"vi.fn()\" to not be called at all, but actually been called 1 times\n\nReceived:\n\n  1st vi.fn() call:\n\n    Array [\n      \"D:\\code\\维小智\\deepseek-harness\\apps\\desktop\\.desktop-build\\targets\\win-x64\\enterprise.json\",\n      \"{\n      \"//\": \"由 apps/desktop/enterprise.json 于打包期生成；default 是普通用户锁定的通道，其余通道仅内部模式可见。\",\n      \"default\": \"test\",\n      \"environments\": [\n        {\n          \"key\": \"test\",\n          \"label\": \"测试\",\n          \"url\": \"http://10.16.53.51:20411/api/v1\"\n        },\n        {\n          \"key\": \"production\",\n          \"label\": \"生产\",\n          \"url\": \"http://10.16.53.51:20411/api/v1\"\n        }\n      ]\n    }\n    \",\n    ]\n\n\nNumber of calls: 1\n\n    at Proxy.<anonymous> (file:///D:/code/%E7%BB%B4%E5%B0%8F%E6%99%BA/deepseek-harness/node_modules/.pnpm/@vitest+expect@4.1.8/node_modules/@vitest/expect/dist/index.js:1467:10)\n    at Proxy.<anonymous> (file:///D:/code/%E7%BB%B4%E5%B0%8F%E6%99%BA/deepseek-harness/node_modules/.pnpm/@vitest+expect@4.1.8/node_modules/@vitest/expect/dist/index.js:1156:15)\n    at Proxy.methodWrapper (file:///D:/code/%E7%BB%B4%E5%B0%8F%E6%99%BA/deepseek-harness/node_modules/.pnpm/chai@6.2.2/node_modules/chai/index.js:1700:25)\n    at D:/code/维小智/deepseek-harness/apps/desktop/tests/package-target-stages.spec.ts:64:70\n    at processTicksAndRejections (node:internal/process/task_queues:104:5)\n    at file:///D:/code/%E7%BB%B4%E5%B0%8F%E6%99%BA/deepseek-harness/node_modules/.pnpm/@vitest+runner@4.1.8/node_modules/@vitest/runner/dist/chunk-artifact.js:1903:20"],"meta":{},"tags":[]},{"ancestorTitles":[],"fullName":"keeps --unsigned hardware-free and creates no release record","status":"failed","title":"keeps --unsigned hardware-free and creates no release record","duration":12.39639999999963,"failureMessages":["AssertionError: expected \"vi.fn()\" to not be called at all, but actually been called 1 times\n\nReceived:\n\n  1st vi.fn() call:\n\n    Array [\n      \"D:\\code\\维小智\\deepseek-harness\\apps\\desktop\\.desktop-build\\targets\\win-x64\\enterprise.json\",\n      \"{\n      \"//\": \"由 apps/desktop/enterprise.json 于打包期生成；default 是普通用户锁定的通道，其余通道仅内部模式可见。\",\n      \"default\": \"test\",\n      \"environments\": [\n        {\n          \"key\": \"test\",\n          \"label\": \"测试\",\n          \"url\": \"http://10.16.53.51:20411/api/v1\"\n        },\n        {\n          \"key\": \"production\",\n          \"label\": \"生产\",\n          \"url\": \"http://10.16.53.51:20411/api/v1\"\n        }\n      ]\n    }\n    \",\n    ]\n\n\nNumber of calls: 1\n\n    at Proxy.<anonymous> (file:///D:/code/%E7%BB%B4%E5%B0%8F%E6%99%BA/deepseek-harness/node_modules/.pnpm/@vitest+expect@4.1.8/node_modules/@vitest/expect/dist/index.js:1467:10)\n    at Proxy.<anonymous> (file:///D:/code/%E7%BB%B4%E5%B0%8F%E6%99%BA/deepseek-harness/node_modules/.pnpm/@vitest+expect@4.1.8/node_modules/@vitest/expect/dist/index.js:1156:15)\n    at Proxy.methodWrapper (file:///D:/code/%E7%BB%B4%E5%B0%8F%E6%99%BA/deepseek-harness/node_modules/.pnpm/chai@6.2.2/node_modules/chai/index.js:1700:25)\n    at D:/code/维小智/deepseek-harness/apps/desktop/tests/package-target-stages.spec.ts:73:70\n    at processTicksAndRejections (node:internal/process/task_queues:104:5)\n    at file:///D:/code/%E7%BB%B4%E5%B0%8F%E6%99%BA/deepseek-harness/node_modules/.pnpm/@vitest+runner@4.1.8/node_modules/@vitest/runner/dist/chunk-artifact.js:1903:20"],"meta":{},"tags":[]},{"ancestorTitles":[],"fullName":"keeps --prepare-only hardware-free and creates no release record","status":"failed","title":"keeps --prepare-only hardware-free and creates no release record","duration":11.171599999999671,"failureMessages":["AssertionError: expected \"vi.fn()\" to not be called at all, but actually been called 1 times\n\nReceived:\n\n  1st vi.fn() call:\n\n    Array [\n      \"D:\\code\\维小智\\deepseek-harness\\apps\\desktop\\.desktop-build\\targets\\win-x64\\enterprise.json\",\n      \"{\n      \"//\": \"由 apps/desktop/enterprise.json 于打包期生成；default 是普通用户锁定的通道，其余通道仅内部模式可见。\",\n      \"default\": \"test\",\n      \"environments\": [\n        {\n          \"key\": \"test\",\n          \"label\": \"测试\",\n          \"url\": \"http://10.16.53.51:20411/api/v1\"\n        },\n        {\n          \"key\": \"production\",\n          \"label\": \"生产\",\n          \"url\": \"http://10.16.53.51:20411/api/v1\"\n        }\n      ]\n    }\n    \",\n    ]\n\n\nNumber of calls: 1\n\n    at Proxy.<anonymous> (file:///D:/code/%E7%BB%B4%E5%B0%8F%E6%99%BA/deepseek-harness/node_modules/.pnpm/@vitest+expect@4.1.8/node_modules/@vitest/expect/dist/index.js:1467:10)\n    at Proxy.<anonymous> (file:///D:/code/%E7%BB%B4%E5%B0%8F%E6%99%BA/deepseek-harness/node_modules/.pnpm/@vitest+expect@4.1.8/node_modules/@vitest/expect/dist/index.js:1156:15)\n    at Proxy.methodWrapper (file:///D:/code/%E7%BB%B4%E5%B0%8F%E6%99%BA/deepseek-harness/node_modules/.pnpm/chai@6.2.2/node_modules/chai/index.js:1700:25)\n    at D:/code/维小智/deepseek-harness/apps/desktop/tests/package-target-stages.spec.ts:73:70\n    at processTicksAndRejections (node:internal/process/task_queues:104:5)\n    at file:///D:/code/%E7%BB%B4%E5%B0%8F%E6%99%BA/deepseek-harness/node_modules/.pnpm/@vitest+runner@4.1.8/node_modules/@vitest/runner/dist/chunk-artifact.js:1903:20"],"meta":{},"tags":[]}],"startTime":1789703404859,"endTime":1789703405047.1716,"status":"failed","message":"","name":"D:/code/维小智/deepseek-harness/apps/desktop/tests/package-target-stages.spec.ts"},{"assertionResults":[{"ancestorTitles":[],"fullName":"retains one shared resource consumer in the Desktop Web profile","status":"failed","title":"retains one shared resource consumer in the Desktop Web profile","duration":421.39390000000094,"failureMessages":["Error: dsh desktop: cannot resolve profile bundle \"dsh-context\" from the dsh installation or C:\\Users\\V28774~1.HUA\\AppData\\Local\\Temp\\dsh-desktop-profile-mcp-dk5Ni7\\profiles\\desktop; run 'dsh plugin --profile desktop install' if its dependency is not installed\n    at resolveBundleDir (D:/code/维小智/deepseek-harness/packages/boot/app-boot/src/profile.ts:863:9)\n    at D:/code/维小智/deepseek-harness/packages/boot/app-boot/src/profile.ts:888:24\n    at Array.map (<anonymous>)\n    at loadProfileDirectory (D:/code/维小智/deepseek-harness/packages/boot/app-boot/src/profile.ts:887:26)\n    at D:/code/维小智/deepseek-harness/apps/desktop/tests/profile-mcp.spec.ts:17:21\n    at file:///D:/code/%E7%BB%B4%E5%B0%8F%E6%99%BA/deepseek-harness/node_modules/.pnpm/@vitest+runner@4.1.8/node_modules/@vitest/runner/dist/chunk-artifact.js:302:11\n    at file:///D:/code/%E7%BB%B4%E5%B0%8F%E6%99%BA/deepseek-harness/node_modules/.pnpm/@vitest+runner@4.1.8/node_modules/@vitest/runner/dist/chunk-artifact.js:1903:26\n    at file:///D:/code/%E7%BB%B4%E5%B0%8F%E6%99%BA/deepseek-harness/node_modules/.pnpm/@vitest+runner@4.1.8/node_modules/@vitest/runner/dist/chunk-artifact.js:2326:20\n    at new Promise (<anonymous>)\n    at runWithCancel (file:///D:/code/%E7%BB%B4%E5%B0%8F%E6%99%BA/deepseek-harness/node_modules/.pnpm/@vitest+runner@4.1.8/node_modules/@vitest/runner/dist/chunk-artifact.js:2323:10)"],"meta":{},"tags":[]}],"startTime":1789703402730,"endTime":1789703403151.3938,"status":"failed","message":"","name":"D:/code/维小智/deepseek-harness/apps/desktop/tests/profile-mcp.spec.ts"},{"assertionResults":[{"ancestorTitles":[],"fullName":"omits development artifacts while preserving executable modules, assets and license files","status":"failed","title":"omits development artifacts while preserving executable modules, assets and license files","duration":10047.985100000002,"failureMessages":["Error: STACK_TRACE_ERROR\n    at task (file:///D:/code/%E7%BB%B4%E5%B0%8F%E6%99%BA/deepseek-harness/node_modules/.pnpm/@vitest+runner@4.1.8/node_modules/@vitest/runner/dist/chunk-artifact.js:1784:27)\n    at Object.<anonymous> (file:///D:/code/%E7%BB%B4%E5%B0%8F%E6%99%BA/deepseek-harness/node_modules/.pnpm/@vitest+runner@4.1.8/node_modules/@vitest/runner/dist/chunk-artifact.js:1817:16)\n    at Object.<anonymous> (file:///D:/code/%E7%BB%B4%E5%B0%8F%E6%99%BA/deepseek-harness/node_modules/.pnpm/@vitest+runner@4.1.8/node_modules/@vitest/runner/dist/chunk-artifact.js:1563:28)\n    at chain (file:///D:/code/%E7%BB%B4%E5%B0%8F%E6%99%BA/deepseek-harness/node_modules/.pnpm/@vitest+runner@4.1.8/node_modules/@vitest/runner/dist/chunk-artifact.js:599:14)\n    at D:/code/维小智/deepseek-harness/apps/desktop/tests/runtime-file-policy.spec.ts:11:1\n    at processTicksAndRejections (node:internal/process/task_queues:104:5)\n    at VitestModuleEvaluator._runInlinedModule (file:///D:/code/%E7%BB%B4%E5%B0%8F%E6%99%BA/deepseek-harness/node_modules/.pnpm/vitest@4.1.8_@opentelemetry_c353b8f649d25fdfb1de02f01ebaca2b/node_modules/vitest/dist/module-evaluator.js:206:4)\n    at VitestModuleRunner.directRequest (file:///D:/code/%E7%BB%B4%E5%B0%8F%E6%99%BA/deepseek-harness/node_modules/.pnpm/vite@8.0.16_@types+node@22._5ea841fc71cf25963294184b8c3a523d/node_modules/vite/dist/node/module-runner.js:1259:59)\n    at VitestModuleRunner.cachedRequest (file:///D:/code/%E7%BB%B4%E5%B0%8F%E6%99%BA/deepseek-harness/node_modules/.pnpm/vite@8.0.16_@types+node@22._5ea841fc71cf25963294184b8c3a523d/node_modules/vite/dist/node/module-runner.js:1166:73)\n    at VitestModuleRunner.import (file:///D:/code/%E7%BB%B4%E5%B0%8F%E6%99%BA/deepseek-harness/node_modules/.pnpm/vite@8.0.16_@types+node@22._5ea841fc71cf25963294184b8c3a523d/node_modules/vite/dist/node/module-runner.js:1120:10)"],"meta":{},"tags":[]},{"ancestorTitles":[],"fullName":"applies package-specific rules inside scoped and nested dependency containers","status":"passed","title":"applies package-specific rules inside scoped and nested dependency containers","duration":8.44090000000142,"failureMessages":[],"meta":{},"tags":[]},{"ancestorTitles":[],"fullName":"retains native prebuilds for the selected macOS architecture","status":"passed","title":"retains native prebuilds for the selected macOS architecture","duration":2.5966000000007625,"failureMessages":[],"meta":{},"tags":[]},{"ancestorTitles":[],"fullName":"retains only the selected Office engine for linux/x64","status":"passed","title":"retains only the selected Office engine for linux/x64","duration":6.273499999999331,"failureMessages":[],"meta":{},"tags":[]},{"ancestorTitles":[],"fullName":"retains only the selected Office engine for linux/arm64","status":"passed","title":"retains only the selected Office engine for linux/arm64","duration":0.9040999999997439,"failureMessages":[],"meta":{},"tags":[]},{"ancestorTitles":[],"fullName":"retains only the selected Office engine for freebsd/x64","status":"passed","title":"retains only the selected Office engine for freebsd/x64","duration":8.175999999999476,"failureMessages":[],"meta":{},"tags":[]}],"startTime":1789703399197,"endTime":1789703409272.176,"status":"failed","message":"","name":"D:/code/维小智/deepseek-harness/apps/desktop/tests/runtime-file-policy.spec.ts"},{"assertionResults":[{"ancestorTitles":["credential launcher destination"],"fullName":"credential launcher destination uses decrypted credentials only for the matching packaged deployment and bucket","status":"passed","title":"uses decrypted credentials only for the matching packaged deployment and bucket","duration":37.02859999999964,"failureMessages":[],"meta":{},"tags":[]},{"ancestorTitles":["credential launcher destination"],"fullName":"credential launcher destination rejects child credentials that do not match the explicit launcher selection","status":"passed","title":"rejects child credentials that do not match the explicit launcher selection","duration":2.6084000000009837,"failureMessages":[],"meta":{},"tags":[]},{"ancestorTitles":["Windows upload credentials"],"fullName":"Windows upload credentials checks production credentials without uploading or changing the parent","status":"failed","title":"checks production credentials without uploading or changing the parent","duration":227.0079999999998,"failureMessages":["AssertionError: expected 'string' to be 'number' // Object.is equality\n    at check (D:/code/维小智/deepseek-harness/apps/desktop/tests/upload-with-credentials.spec.ts:90:56)\n    at processTicksAndRejections (node:internal/process/task_queues:104:5)\n    at D:/code/维小智/deepseek-harness/apps/desktop/tests/upload-with-credentials.spec.ts:139:18\n    at file:///D:/code/%E7%BB%B4%E5%B0%8F%E6%99%BA/deepseek-harness/node_modules/.pnpm/@vitest+runner@4.1.8/node_modules/@vitest/runner/dist/chunk-artifact.js:1903:20"],"meta":{},"tags":[]},{"ancestorTitles":["Windows upload credentials"],"fullName":"Windows upload credentials checks test credentials without uploading or changing the parent","status":"failed","title":"checks test credentials without uploading or changing the parent","duration":83.13600000000042,"failureMessages":["AssertionError: expected 'string' to be 'number' // Object.is equality\n    at check (D:/code/维小智/deepseek-harness/apps/desktop/tests/upload-with-credentials.spec.ts:90:56)\n    at processTicksAndRejections (node:internal/process/task_queues:104:5)\n    at D:/code/维小智/deepseek-harness/apps/desktop/tests/upload-with-credentials.spec.ts:139:18\n    at file:///D:/code/%E7%BB%B4%E5%B0%8F%E6%99%BA/deepseek-harness/node_modules/.pnpm/@vitest+runner@4.1.8/node_modules/@vitest/runner/dist/chunk-artifact.js:1903:20"],"meta":{},"tags":[]},{"ancestorTitles":["Windows upload credentials"],"fullName":"Windows upload credentials rejects plaintext credentials without printing values","status":"failed","title":"rejects plaintext credentials without printing values","duration":59.89929999999913,"failureMessages":["AssertionError: expected 'string' to be 'number' // Object.is equality\n    at check (D:/code/维小智/deepseek-harness/apps/desktop/tests/upload-with-credentials.spec.ts:90:56)\n    at processTicksAndRejections (node:internal/process/task_queues:104:5)\n    at D:/code/维小智/deepseek-harness/apps/desktop/tests/upload-with-credentials.spec.ts:152:18\n    at file:///D:/code/%E7%BB%B4%E5%B0%8F%E6%99%BA/deepseek-harness/node_modules/.pnpm/@vitest+runner@4.1.8/node_modules/@vitest/runner/dist/chunk-artifact.js:1903:20"],"meta":{},"tags":[]},{"ancestorTitles":["Windows upload credentials"],"fullName":"Windows upload credentials rejects blank credentials without printing values","status":"failed","title":"rejects blank credentials without printing values","duration":59.854300000000876,"failureMessages":["AssertionError: expected 'string' to be 'number' // Object.is equality\n    at check (D:/code/维小智/deepseek-harness/apps/desktop/tests/upload-with-credentials.spec.ts:90:56)\n    at processTicksAndRejections (node:internal/process/task_queues:104:5)\n    at D:/code/维小智/deepseek-harness/apps/desktop/tests/upload-with-credentials.spec.ts:152:18\n    at file:///D:/code/%E7%BB%B4%E5%B0%8F%E6%99%BA/deepseek-harness/node_modules/.pnpm/@vitest+runner@4.1.8/node_modules/@vitest/runner/dist/chunk-artifact.js:1903:20"],"meta":{},"tags":[]},{"ancestorTitles":["Windows upload credentials"],"fullName":"Windows upload credentials rejects missing credentials without printing values","status":"failed","title":"rejects missing credentials without printing values","duration":177.71119999999974,"failureMessages":["AssertionError: expected 'string' to be 'number' // Object.is equality\n    at check (D:/code/维小智/deepseek-harness/apps/desktop/tests/upload-with-credentials.spec.ts:90:56)\n    at processTicksAndRejections (node:internal/process/task_queues:104:5)\n    at D:/code/维小智/deepseek-harness/apps/desktop/tests/upload-with-credentials.spec.ts:152:18\n    at file:///D:/code/%E7%BB%B4%E5%B0%8F%E6%99%BA/deepseek-harness/node_modules/.pnpm/@vitest+runner@4.1.8/node_modules/@vitest/runner/dist/chunk-artifact.js:1903:20"],"meta":{},"tags":[]},{"ancestorTitles":["Windows upload credentials"],"fullName":"Windows upload credentials isolates the upload child and sanitizes both output streams","status":"failed","title":"isolates the upload child and sanitizes both output streams","duration":383.61119999999937,"failureMessages":["AssertionError: expected 'string' to be 'number' // Object.is equality\n    at check (D:/code/维小智/deepseek-harness/apps/desktop/tests/upload-with-credentials.spec.ts:90:56)\n    at processTicksAndRejections (node:internal/process/task_queues:104:5)\n    at D:/code/维小智/deepseek-harness/apps/desktop/tests/upload-with-credentials.spec.ts:160:18\n    at file:///D:/code/%E7%BB%B4%E5%B0%8F%E6%99%BA/deepseek-harness/node_modules/.pnpm/@vitest+runner@4.1.8/node_modules/@vitest/runner/dist/chunk-artifact.js:1903:20"],"meta":{},"tags":[]},{"ancestorTitles":["Windows upload credentials"],"fullName":"Windows upload credentials isolates the upload-failure child and sanitizes both output streams","status":"failed","title":"isolates the upload-failure child and sanitizes both output streams","duration":274.8215,"failureMessages":["AssertionError: expected 'string' to be 'number' // Object.is equality\n    at check (D:/code/维小智/deepseek-harness/apps/desktop/tests/upload-with-credentials.spec.ts:90:56)\n    at processTicksAndRejections (node:internal/process/task_queues:104:5)\n    at D:/code/维小智/deepseek-harness/apps/desktop/tests/upload-with-credentials.spec.ts:160:18\n    at file:///D:/code/%E7%BB%B4%E5%B0%8F%E6%99%BA/deepseek-harness/node_modules/.pnpm/@vitest+runner@4.1.8/node_modules/@vitest/runner/dist/chunk-artifact.js:1903:20"],"meta":{},"tags":[]}],"startTime":1789703405728,"endTime":1789703407041.8215,"status":"failed","message":"","name":"D:/code/维小智/deepseek-harness/apps/desktop/tests/upload-with-credentials.spec.ts"},{"assertionResults":[{"ancestorTitles":[],"fullName":"rejects a certificate outside its validity period at 1999-01-01","status":"passed","title":"rejects a certificate outside its validity period at 1999-01-01","duration":591.186099999999,"failureMessages":[],"meta":{},"tags":[]},{"ancestorTitles":[],"fullName":"rejects a certificate outside its validity period at 2101-01-01","status":"passed","title":"rejects a certificate outside its validity period at 2101-01-01","duration":548.9592999999986,"failureMessages":[],"meta":{},"tags":[]},{"ancestorTitles":[],"fullName":"compiles a real unsigned probe without executing it or accessing a token","status":"failed","title":"compiles a real unsigned probe without executing it or accessing a token","duration":5208.7264,"failureMessages":["Error: STACK_TRACE_ERROR\n    at task (file:///D:/code/%E7%BB%B4%E5%B0%8F%E6%99%BA/deepseek-harness/node_modules/.pnpm/@vitest+runner@4.1.8/node_modules/@vitest/runner/dist/chunk-artifact.js:1784:27)\n    at Object.<anonymous> (file:///D:/code/%E7%BB%B4%E5%B0%8F%E6%99%BA/deepseek-harness/node_modules/.pnpm/@vitest+runner@4.1.8/node_modules/@vitest/runner/dist/chunk-artifact.js:1817:16)\n    at Object.<anonymous> (file:///D:/code/%E7%BB%B4%E5%B0%8F%E6%99%BA/deepseek-harness/node_modules/.pnpm/@vitest+runner@4.1.8/node_modules/@vitest/runner/dist/chunk-artifact.js:1563:28)\n    at chain (file:///D:/code/%E7%BB%B4%E5%B0%8F%E6%99%BA/deepseek-harness/node_modules/.pnpm/@vitest+runner@4.1.8/node_modules/@vitest/runner/dist/chunk-artifact.js:599:14)\n    at D:/code/维小智/deepseek-harness/apps/desktop/tests/windows-signing-preflight.spec.ts:41:62\n    at processTicksAndRejections (node:internal/process/task_queues:104:5)\n    at VitestModuleEvaluator._runInlinedModule (file:///D:/code/%E7%BB%B4%E5%B0%8F%E6%99%BA/deepseek-harness/node_modules/.pnpm/vitest@4.1.8_@opentelemetry_c353b8f649d25fdfb1de02f01ebaca2b/node_modules/vitest/dist/module-evaluator.js:206:4)\n    at VitestModuleRunner.directRequest (file:///D:/code/%E7%BB%B4%E5%B0%8F%E6%99%BA/deepseek-harness/node_modules/.pnpm/vite@8.0.16_@types+node@22._5ea841fc71cf25963294184b8c3a523d/node_modules/vite/dist/node/module-runner.js:1259:59)\n    at VitestModuleRunner.cachedRequest (file:///D:/code/%E7%BB%B4%E5%B0%8F%E6%99%BA/deepseek-harness/node_modules/.pnpm/vite@8.0.16_@types+node@22._5ea841fc71cf25963294184b8c3a523d/node_modules/vite/dist/node/module-runner.js:1166:73)\n    at VitestModuleRunner.import (file:///D:/code/%E7%BB%B4%E5%B0%8F%E6%99%BA/deepseek-harness/node_modules/.pnpm/vite@8.0.16_@types+node@22._5ea841fc71cf25963294184b8c3a523d/node_modules/vite/dist/node/module-runner.js:1120:10)"],"meta":{},"tags":[]},{"ancestorTitles":[],"fullName":"compiles one new probe and verifies one production-format signature before success","status":"passed","title":"compiles one new probe and verifies one production-format signature before success","duration":734.2491000000009,"failureMessages":[],"meta":{},"tags":[]},{"ancestorTitles":[],"fullName":"rejects static interlock failure without compiling or signing","status":"passed","title":"rejects static interlock failure without compiling or signing","duration":483.41159999999945,"failureMessages":[],"meta":{},"tags":[]},{"ancestorTitles":[],"fullName":"rejects static fatal failure without compiling or signing","status":"passed","title":"rejects static fatal failure without compiling or signing","duration":479.7808999999979,"failureMessages":[],"meta":{},"tags":[]},{"ancestorTitles":[],"fullName":"rejects static compiler failure without compiling or signing","status":"passed","title":"rejects static compiler failure without compiling or signing","duration":323.0578000000023,"failureMessages":[],"meta":{},"tags":[]},{"ancestorTitles":[],"fullName":"rejects static certificate failure without compiling or signing","status":"passed","title":"rejects static certificate failure without compiling or signing","duration":293.005000000001,"failureMessages":[],"meta":{},"tags":[]},{"ancestorTitles":[],"fullName":"rejects static signTool failure without compiling or signing","status":"passed","title":"rejects static signTool failure without compiling or signing","duration":397.0235999999968,"failureMessages":[],"meta":{},"tags":[]},{"ancestorTitles":[],"fullName":"rejects static pin failure without compiling or signing","status":"passed","title":"rejects static pin failure without compiling or signing","duration":271.7999999999993,"failureMessages":[],"meta":{},"tags":[]},{"ancestorTitles":[],"fullName":"rejects static audit failure without compiling or signing","status":"passed","title":"rejects static audit failure without compiling or signing","duration":412.21429999999964,"failureMessages":[],"meta":{},"tags":[]},{"ancestorTitles":[],"fullName":"stops on compile failure without retry or successful evidence","status":"passed","title":"stops on compile failure without retry or successful evidence","duration":485.45990000000165,"failureMessages":[],"meta":{},"tags":[]},{"ancestorTitles":[],"fullName":"stops on unexpected-signature failure without retry or successful evidence","status":"passed","title":"stops on unexpected-signature failure without retry or successful evidence","duration":414.95730000000185,"failureMessages":[],"meta":{},"tags":[]},{"ancestorTitles":[],"fullName":"stops on sign failure without retry or successful evidence","status":"passed","title":"stops on sign failure without retry or successful evidence","duration":479.4796000000024,"failureMessages":[],"meta":{},"tags":[]},{"ancestorTitles":[],"fullName":"stops on timestamp failure without retry or successful evidence","status":"passed","title":"stops on timestamp failure without retry or successful evidence","duration":457.29549999999654,"failureMessages":[],"meta":{},"tags":[]},{"ancestorTitles":[],"fullName":"stops on publisher failure without retry or successful evidence","status":"passed","title":"stops on publisher failure without retry or successful evidence","duration":514.4002,"failureMessages":[],"meta":{},"tags":[]},{"ancestorTitles":[],"fullName":"stops on verification failure without retry or successful evidence","status":"passed","title":"stops on verification failure without retry or successful evidence","duration":724.7057999999997,"failureMessages":[],"meta":{},"tags":[]}],"startTime":1789703403527,"endTime":1789703416367.7058,"status":"failed","message":"","name":"D:/code/维小智/deepseek-harness/apps/desktop/tests/windows-signing-preflight.spec.ts"}]}