{"numTotalTestSuites":284,"numPassedTestSuites":241,"numFailedTestSuites":43,"numPendingTestSuites":0,"numTotalTests":1470,"numPassedTests":1380,"numFailedTests":86,"numPendingTests":4,"numTodoTests":0,"snapshot":{"added":0,"failure":false,"filesAdded":0,"filesRemoved":0,"filesRemovedList":[],"filesUnmatched":0,"filesUpdated":0,"matched":8,"total":8,"unchecked":0,"uncheckedKeysByFile":[],"unmatched":0,"updated":0,"didUpdate":false},"startTime":1789702077084,"success":false,"testResults":[{"assertionResults":[{"ancestorTitles":["desktop backend controller"],"fullName":"desktop backend controller shares preparation and startup between concurrent retries","status":"passed","title":"shares preparation and startup between concurrent retries","duration":12.80099999999993,"failureMessages":[],"meta":{},"tags":[]},{"ancestorTitles":["desktop backend controller"],"fullName":"desktop backend controller waits for pending preparation on close and never spawns afterward","status":"passed","title":"waits for pending preparation on close and never spawns afterward","duration":6.585900000000038,"failureMessages":[],"meta":{},"tags":[]},{"ancestorTitles":["desktop backend controller"],"fullName":"desktop backend controller stops a pending child once and waits for startup and child exit on close","status":"passed","title":"stops a pending child once and waits for startup and child exit on close","duration":2.7159999999998945,"failureMessages":[],"meta":{},"tags":[]},{"ancestorTitles":["desktop backend controller"],"fullName":"desktop backend controller publishes preparation errors and permits retry","status":"passed","title":"publishes preparation errors and permits retry","duration":2.6498999999998887,"failureMessages":[],"meta":{},"tags":[]},{"ancestorTitles":["desktop backend controller"],"fullName":"desktop backend controller cleans up a failed startup before rejecting and displays the actual failure","status":"passed","title":"cleans up a failed startup before rejecting and displays the actual failure","duration":1.977100000000064,"failureMessages":[],"meta":{},"tags":[]},{"ancestorTitles":["desktop backend controller"],"fullName":"desktop backend controller waits for failed ready child cleanup before preparing a retry","status":"passed","title":"waits for failed ready child cleanup before preparing a retry","duration":2.463899999999967,"failureMessages":[],"meta":{},"tags":[]},{"ancestorTitles":["desktop backend controller"],"fullName":"desktop backend controller does not publish ready when the child fails as readiness settles","status":"passed","title":"does not publish ready when the child fails as readiness settles","duration":1.7302000000001954,"failureMessages":[],"meta":{},"tags":[]},{"ancestorTitles":["desktop backend controller"],"fullName":"desktop backend controller ignores failure callbacks caused by intentional stop and permits subsequent start","status":"passed","title":"ignores failure callbacks caused by intentional stop and permits subsequent start","duration":1.9479999999998654,"failureMessages":[],"meta":{},"tags":[]},{"ancestorTitles":["desktop backend controller"],"fullName":"desktop backend controller propagates cleanup failure and prevents retry from overlapping the remaining child","status":"passed","title":"propagates cleanup failure and prevents retry from overlapping the remaining child","duration":2.720199999999977,"failureMessages":[],"meta":{},"tags":[]}],"startTime":1789702424531,"endTime":1789702424567.7202,"status":"passed","message":"","name":"D:/code/维小智/deepseek-harness/apps/desktop/tests/backend-controller.spec.ts"},{"assertionResults":[{"ancestorTitles":["bundled desktop plugins"],"fullName":"bundled desktop plugins keeps every bundled plugin out of the workspace dependency graph","status":"passed","title":"keeps every bundled plugin out of the workspace dependency graph","duration":115.76749999999993,"failureMessages":[],"meta":{},"tags":[]},{"ancestorTitles":["bundled desktop plugins"],"fullName":"bundled desktop plugins pins exact versions rather than ranges","status":"passed","title":"pins exact versions rather than ranges","duration":109.5619000000006,"failureMessages":[],"meta":{},"tags":[]}],"startTime":1789702436302,"endTime":1789702436529.562,"status":"passed","message":"","name":"D:/code/维小智/deepseek-harness/apps/desktop/tests/bundled-plugins.spec.ts"},{"assertionResults":[{"ancestorTitles":["desktop core package set"],"fullName":"desktop core package set pins the direct dsh dependency and every internal package to local tarballs","status":"passed","title":"pins the direct dsh dependency and every internal package to local tarballs","duration":1470.4116000000004,"failureMessages":[],"meta":{},"tags":[]},{"ancestorTitles":["desktop core package set"],"fullName":"desktop core package set rejects version drift, descriptor disorder, corruption, and extra files","status":"passed","title":"rejects version drift, descriptor disorder, corruption, and extra files","duration":1363.3999999999996,"failureMessages":[],"meta":{},"tags":[]},{"ancestorTitles":["desktop core package set"],"fullName":"desktop core package set rejects registry resolutions for names supplied by the local package set","status":"passed","title":"rejects registry resolutions for names supplied by the local package set","duration":30.01130000000012,"failureMessages":[],"meta":{},"tags":[]}],"startTime":1789702397918,"endTime":1789702400786.0112,"status":"passed","message":"","name":"D:/code/维小智/deepseek-harness/apps/desktop/tests/core-package-set.spec.ts"},{"assertionResults":[{"ancestorTitles":["COS operation total deadlines"],"fullName":"COS operation total deadlines aborts a stalled versioning retry within the original operation budget","status":"passed","title":"aborts a stalled versioning retry within the original operation budget","duration":798.1861000000008,"failureMessages":[],"meta":{},"tags":[]},{"ancestorTitles":["COS operation total deadlines"],"fullName":"COS operation total deadlines aborts an active download despite ongoing data and closes its request","status":"passed","title":"aborts an active download despite ongoing data and closes its request","duration":347.08150000000023,"failureMessages":[],"meta":{},"tags":[]},{"ancestorTitles":["COS operation total deadlines"],"fullName":"COS operation total deadlines aborts a PUT awaiting confirmation without resending the object","status":"passed","title":"aborts a PUT awaiting confirmation without resending the object","duration":214.66949999999997,"failureMessages":[],"meta":{},"tags":[]},{"ancestorTitles":["COS operation total deadlines"],"fullName":"COS operation total deadlines clears the deadline after success and leaves another client running","status":"passed","title":"clears the deadline after success and leaves another client running","duration":185.73159999999916,"failureMessages":[],"meta":{},"tags":[]}],"startTime":1789702389843,"endTime":1789702391388.7317,"status":"passed","message":"","name":"D:/code/维小智/deepseek-harness/apps/desktop/tests/cos-operation.spec.ts"},{"assertionResults":[{"ancestorTitles":["desktop auto-update environment"],"fullName":"desktop auto-update environment defaults packages and uploads to the test deployment","status":"passed","title":"defaults packages and uploads to the test deployment","duration":9.29379999999992,"failureMessages":[],"meta":{},"tags":[]},{"ancestorTitles":["desktop auto-update environment"],"fullName":"desktop auto-update environment selects the production URL for packages and bucket for uploads","status":"passed","title":"selects the production URL for packages and bucket for uploads","duration":1.4870999999998276,"failureMessages":[],"meta":{},"tags":[]},{"ancestorTitles":["desktop auto-update environment"],"fullName":"desktop auto-update environment requires the selected deployment origin for packages and bucket only for uploads","status":"passed","title":"requires the selected deployment origin for packages and bucket only for uploads","duration":4.0598999999999705,"failureMessages":[],"meta":{},"tags":[]},{"ancestorTitles":["desktop auto-update environment"],"fullName":"desktop auto-update environment rejects a test download URL that is not an HTTPS origin","status":"passed","title":"rejects a test download URL that is not an HTTPS origin","duration":1.428899999999885,"failureMessages":[],"meta":{},"tags":[]},{"ancestorTitles":["desktop auto-update environment"],"fullName":"desktop auto-update environment rejects unknown deployments and targets","status":"passed","title":"rejects unknown deployments and targets","duration":1.9490999999998166,"failureMessages":[],"meta":{},"tags":[]},{"ancestorTitles":["desktop auto-update environment"],"fullName":"desktop auto-update environment uses Nightly metadata for stable and prerelease Desktop versions","status":"passed","title":"uses Nightly metadata for stable and prerelease Desktop versions","duration":2.0709999999999127,"failureMessages":[],"meta":{},"tags":[]}],"startTime":1789702427304,"endTime":1789702427325.071,"status":"passed","message":"","name":"D:/code/维小智/deepseek-harness/apps/desktop/tests/desktop-auto-update-environment.spec.ts"},{"assertionResults":[{"ancestorTitles":["desktop build paths"],"fullName":"desktop build paths isolates every mutable build directory by complete target","status":"passed","title":"isolates every mutable build directory by complete target","duration":9.663800000000037,"failureMessages":[],"meta":{},"tags":[]},{"ancestorTitles":["desktop build paths"],"fullName":"desktop build paths shares only the immutable upstream download cache","status":"passed","title":"shares only the immutable upstream download cache","duration":1.5828999999998814,"failureMessages":[],"meta":{},"tags":[]},{"ancestorTitles":["desktop build paths"],"fullName":"desktop build paths resolves environment overrides and rejects unsupported targets","status":"passed","title":"resolves environment overrides and rejects unsupported targets","duration":4.18100000000004,"failureMessages":[],"meta":{},"tags":[]}],"startTime":1789702430721,"endTime":1789702430737.181,"status":"passed","message":"","name":"D:/code/维小智/deepseek-harness/apps/desktop/tests/desktop-build-paths.spec.ts"},{"assertionResults":[{"ancestorTitles":["Desktop local packaging configuration"],"fullName":"Desktop local packaging configuration selects the platform file, preserves literal secrets, and excludes stale ambient release settings","status":"passed","title":"selects the platform file, preserves literal secrets, and excludes stale ambient release settings","duration":322.97799999999916,"failureMessages":[],"meta":{},"tags":[]},{"ancestorTitles":["Desktop local packaging configuration"],"fullName":"Desktop local packaging configuration loads mandatory update origins and options only from the platform file without changing its parent","status":"passed","title":"loads mandatory update origins and options only from the platform file without changing its parent","duration":294.8017999999993,"failureMessages":[],"meta":{},"tags":[]},{"ancestorTitles":["Desktop local packaging configuration"],"fullName":"Desktop local packaging configuration requires the local file even when ambient configuration exists and rejects other-platform fields","status":"passed","title":"requires the local file even when ambient configuration exists and rejects other-platform fields","duration":358.78349999999955,"failureMessages":[],"meta":{},"tags":[]},{"ancestorTitles":["Desktop local packaging configuration"],"fullName":"Desktop local packaging configuration checks application and update configuration before Windows credentials while preserving unsigned and preparation modes","status":"passed","title":"checks application and update configuration before Windows credentials while preserving unsigned and preparation modes","duration":17.80370000000039,"failureMessages":[],"meta":{},"tags":[]},{"ancestorTitles":["Desktop local packaging configuration"],"fullName":"Desktop local packaging configuration rejects incomplete macOS identity and credentials and checks referenced files without contacting Apple","status":"passed","title":"rejects incomplete macOS identity and credentials and checks referenced files without contacting Apple","duration":208.1216000000004,"failureMessages":[],"meta":{},"tags":[]}],"startTime":1789702391143,"endTime":1789702392355.1216,"status":"passed","message":"","name":"D:/code/维小智/deepseek-harness/apps/desktop/tests/desktop-package-environment.spec.ts"},{"assertionResults":[{"ancestorTitles":[],"fullName":"selects the test policy and authentication together","status":"passed","title":"selects the test policy and authentication together","duration":22.633699999999862,"failureMessages":[],"meta":{},"tags":[]},{"ancestorTitles":[],"fullName":"selects the production policy and authentication together","status":"passed","title":"selects the production policy and authentication together","duration":5.80619999999999,"failureMessages":[],"meta":{},"tags":[]},{"ancestorTitles":[],"fullName":"requires only the selected origin, defaults to test, and accepts explicit page restrictions","status":"passed","title":"requires only the selected origin, defaults to test, and accepts explicit page restrictions","duration":6.844300000000203,"failureMessages":[],"meta":{},"tags":[]},{"ancestorTitles":[],"fullName":"rejects invalid selected origin undefined","status":"passed","title":"rejects invalid selected origin undefined","duration":6.170700000000124,"failureMessages":[],"meta":{},"tags":[]},{"ancestorTitles":[],"fullName":"rejects invalid selected origin ","status":"passed","title":"rejects invalid selected origin ","duration":3.961699999999837,"failureMessages":[],"meta":{},"tags":[]},{"ancestorTitles":[],"fullName":"rejects invalid selected origin http://harness-test.deepseek.com","status":"passed","title":"rejects invalid selected origin http://harness-test.deepseek.com","duration":1.003700000000208,"failureMessages":[],"meta":{},"tags":[]},{"ancestorTitles":[],"fullName":"rejects invalid selected origin https://user:secret@harness-test.deepseek.com","status":"passed","title":"rejects invalid selected origin https://user:secret@harness-test.deepseek.com","duration":1.3494999999998072,"failureMessages":[],"meta":{},"tags":[]},{"ancestorTitles":[],"fullName":"rejects invalid selected origin https://harness-test.deepseek.com/api","status":"passed","title":"rejects invalid selected origin https://harness-test.deepseek.com/api","duration":1.5116000000002714,"failureMessages":[],"meta":{},"tags":[]},{"ancestorTitles":[],"fullName":"rejects invalid selected origin https://harness-test.deepseek.com/?secret=value","status":"passed","title":"rejects invalid selected origin https://harness-test.deepseek.com/?secret=value","duration":2.2523000000001048,"failureMessages":[],"meta":{},"tags":[]},{"ancestorTitles":[],"fullName":"rejects invalid or conflicting shared options {","status":"passed","title":"rejects invalid or conflicting shared options {","duration":1.2397000000000844,"failureMessages":[],"meta":{},"tags":[]},{"ancestorTitles":[],"fullName":"rejects invalid or conflicting shared options null","status":"passed","title":"rejects invalid or conflicting shared options null","duration":4.2181000000000495,"failureMessages":[],"meta":{},"tags":[]},{"ancestorTitles":[],"fullName":"rejects invalid or conflicting shared options []","status":"passed","title":"rejects invalid or conflicting shared options []","duration":0.5328999999996995,"failureMessages":[],"meta":{},"tags":[]},{"ancestorTitles":[],"fullName":"rejects invalid or conflicting shared options {\"origin\":\"https://old.example.com\"}","status":"passed","title":"rejects invalid or conflicting shared options {\"origin\":\"https://old.example.com\"}","duration":0.6707999999998719,"failureMessages":[],"meta":{},"tags":[]},{"ancestorTitles":[],"fullName":"rejects invalid or conflicting shared options {\"authentication\":\"anonymous\"}","status":"passed","title":"rejects invalid or conflicting shared options {\"authentication\":\"anonymous\"}","duration":0.5010000000002037,"failureMessages":[],"meta":{},"tags":[]},{"ancestorTitles":[],"fullName":"rejects invalid or conflicting shared options {\"allowedPageOrigins\":[]}","status":"passed","title":"rejects invalid or conflicting shared options {\"allowedPageOrigins\":[]}","duration":2.05619999999999,"failureMessages":[],"meta":{},"tags":[]},{"ancestorTitles":[],"fullName":"rejects invalid or conflicting shared options {\"allowedPageOrigins\":[\"http://example.com\"]}","status":"passed","title":"rejects invalid or conflicting shared options {\"allowedPageOrigins\":[\"http://example.com\"]}","duration":0.6868999999996959,"failureMessages":[],"meta":{},"tags":[]},{"ancestorTitles":[],"fullName":"fails before signing/preparation when policy is absent in {\"unsigned\":true}","status":"passed","title":"fails before signing/preparation when policy is absent in {\"unsigned\":true}","duration":1.8731000000002496,"failureMessages":[],"meta":{},"tags":[]},{"ancestorTitles":[],"fullName":"fails before signing/preparation when policy is absent in {\"prepareOnly\":true}","status":"passed","title":"fails before signing/preparation when policy is absent in {\"prepareOnly\":true}","duration":0.9788999999996122,"failureMessages":[],"meta":{},"tags":[]},{"ancestorTitles":[],"fullName":"fails before signing/preparation when policy is absent in {}","status":"passed","title":"fails before signing/preparation when policy is absent in {}","duration":1.3886999999999716,"failureMessages":[],"meta":{},"tags":[]}],"startTime":1789702422250,"endTime":1789702422317.3887,"status":"passed","message":"","name":"D:/code/维小智/deepseek-harness/apps/desktop/tests/desktop-policy-environment.spec.ts"},{"assertionResults":[{"ancestorTitles":["desktop upload plan"],"fullName":"desktop upload plan publishes fixed feeds referencing versioned binaries without overriding CDN cache policy","status":"passed","title":"publishes fixed feeds referencing versioned binaries without overriding CDN cache policy","duration":1017.3261999999995,"failureMessages":[],"meta":{},"tags":[]},{"ancestorTitles":["desktop upload plan"],"fullName":"desktop upload plan validates macOS artifacts and puts channel metadata last","status":"passed","title":"validates macOS artifacts and puts channel metadata last","duration":894.3620000000001,"failureMessages":[],"meta":{},"tags":[]},{"ancestorTitles":["desktop upload plan"],"fullName":"desktop upload plan uploads the prerelease channel metadata emitted by electron-builder","status":"passed","title":"uploads the prerelease channel metadata emitted by electron-builder","duration":978.5553,"failureMessages":[],"meta":{},"tags":[]},{"ancestorTitles":["desktop upload plan"],"fullName":"desktop upload plan validates the Windows installer with the emitted external blockmap and production destination","status":"passed","title":"validates the Windows installer with the emitted external blockmap and production destination","duration":1285.6990000000005,"failureMessages":[],"meta":{},"tags":[]},{"ancestorTitles":["desktop upload plan"],"fullName":"desktop upload plan rejects a missing Windows blockmap before publishing its feed","status":"passed","title":"rejects a missing Windows blockmap before publishing its feed","duration":932.7058000000015,"failureMessages":[],"meta":{},"tags":[]},{"ancestorTitles":["desktop upload plan"],"fullName":"desktop upload plan rejects a empty Windows blockmap before publishing its feed","status":"passed","title":"rejects a empty Windows blockmap before publishing its feed","duration":770.4297999999999,"failureMessages":[],"meta":{},"tags":[]},{"ancestorTitles":["desktop upload plan"],"fullName":"desktop upload plan rejects a completed build from another desktop version, dsh version, or deployment","status":"passed","title":"rejects a completed build from another desktop version, dsh version, or deployment","duration":3818.4606000000003,"failureMessages":[],"meta":{},"tags":[]},{"ancestorTitles":["desktop upload plan"],"fullName":"desktop upload plan rejects stale architecture metadata and modified updater bytes","status":"passed","title":"rejects stale architecture metadata and modified updater bytes","duration":1432.694300000001,"failureMessages":[],"meta":{},"tags":[]}],"startTime":1789702279288,"endTime":1789702290424.6943,"status":"passed","message":"","name":"D:/code/维小智/deepseek-harness/apps/desktop/tests/desktop-upload-plan.spec.ts"},{"assertionResults":[{"ancestorTitles":["release upload audit with the real COS SDK and an isolated loopback origin"],"fullName":"release upload audit with the real COS SDK and an isolated loopback origin retains test plan, feed bytes, intent, receipt and hashes before advancing","status":"passed","title":"retains test plan, feed bytes, intent, receipt and hashes before advancing","duration":2261.6637,"failureMessages":[],"meta":{},"tags":[]},{"ancestorTitles":["release upload audit with the real COS SDK and an isolated loopback origin"],"fullName":"release upload audit with the real COS SDK and an isolated loopback origin retains production plan, feed bytes, intent, receipt and hashes before advancing","status":"passed","title":"retains production plan, feed bytes, intent, receipt and hashes before advancing","duration":1460.5767000000014,"failureMessages":[],"meta":{},"tags":[]},{"ancestorTitles":["release upload audit with the real COS SDK and an isolated loopback origin"],"fullName":"release upload audit with the real COS SDK and an isolated loopback origin retains failure at PUT 1 without retry or later upload, excluding raw SDK diagnostics","status":"passed","title":"retains failure at PUT 1 without retry or later upload, excluding raw SDK diagnostics","duration":757.8806000000004,"failureMessages":[],"meta":{},"tags":[]},{"ancestorTitles":["release upload audit with the real COS SDK and an isolated loopback origin"],"fullName":"release upload audit with the real COS SDK and an isolated loopback origin retains failure at PUT 2 without retry or later upload, excluding raw SDK diagnostics","status":"passed","title":"retains failure at PUT 2 without retry or later upload, excluding raw SDK diagnostics","duration":768.0159999999996,"failureMessages":[],"meta":{},"tags":[]},{"ancestorTitles":["release upload audit with the real COS SDK and an isolated loopback origin"],"fullName":"release upload audit with the real COS SDK and an isolated loopback origin cannot repeat the write when a client leaves every SDK retry option at its default","status":"passed","title":"cannot repeat the write when a client leaves every SDK retry option at its default","duration":712.0668999999998,"failureMessages":[],"meta":{},"tags":[]},{"ancestorTitles":["release upload audit with the real COS SDK and an isolated loopback origin"],"fullName":"release upload audit with the real COS SDK and an isolated loopback origin reports a dropped connection at PUT 1 once without sending the object again","status":"passed","title":"reports a dropped connection at PUT 1 once without sending the object again","duration":770.0259000000005,"failureMessages":[],"meta":{},"tags":[]},{"ancestorTitles":["release upload audit with the real COS SDK and an isolated loopback origin"],"fullName":"release upload audit with the real COS SDK and an isolated loopback origin reports a dropped connection at PUT 2 once without sending the object again","status":"passed","title":"reports a dropped connection at PUT 2 once without sending the object again","duration":705.8424999999988,"failureMessages":[],"meta":{},"tags":[]},{"ancestorTitles":["release upload audit with the real COS SDK and an isolated loopback origin"],"fullName":"release upload audit with the real COS SDK and an isolated loopback origin refuses networking when the audit parent cannot be created","status":"passed","title":"refuses networking when the audit parent cannot be created","duration":121.79219999999987,"failureMessages":[],"meta":{},"tags":[]},{"ancestorTitles":["release upload audit with the real COS SDK and an isolated loopback origin"],"fullName":"release upload audit with the real COS SDK and an isolated loopback origin stops before the next PUT when a response cannot be recorded","status":"passed","title":"stops before the next PUT when a response cannot be recorded","duration":643.5179000000007,"failureMessages":[],"meta":{},"tags":[]},{"ancestorTitles":["release upload audit with the real COS SDK and an isolated loopback origin"],"fullName":"release upload audit with the real COS SDK and an isolated loopback origin keeps independent runs without overwriting prior evidence","status":"passed","title":"keeps independent runs without overwriting prior evidence","duration":1635.5516000000007,"failureMessages":[],"meta":{},"tags":[]}],"startTime":1789702241944,"endTime":1789702251784.5515,"status":"passed","message":"","name":"D:/code/维小智/deepseek-harness/apps/desktop/tests/desktop-upload-run.spec.ts"},{"assertionResults":[{"ancestorTitles":["desktop development project"],"fullName":"desktop development project manages development plugins without modifying the linked workspace packages","status":"passed","title":"manages development plugins without modifying the linked workspace packages","duration":1718.2698,"failureMessages":[],"meta":{},"tags":[]},{"ancestorTitles":["desktop development project"],"fullName":"desktop development project rejects a CLI package from another release","status":"passed","title":"rejects a CLI package from another release","duration":1091.8388,"failureMessages":[],"meta":{},"tags":[]}],"startTime":1789702337587,"endTime":1789702340397.8389,"status":"passed","message":"","name":"D:/code/维小智/deepseek-harness/apps/desktop/tests/development-project.spec.ts"},{"assertionResults":[{"ancestorTitles":["Desktop directory picker"],"fullName":"Desktop directory picker restores and focuses the parent window and shares an unanswered dialog","status":"passed","title":"restores and focuses the parent window and shares an unanswered dialog","duration":16.503200000000106,"failureMessages":[],"meta":{},"tags":[]},{"ancestorTitles":["Desktop directory picker"],"fullName":"Desktop directory picker releases a failed dialog so the user can retry","status":"passed","title":"releases a failed dialog so the user can retry","duration":5.731299999999919,"failureMessages":[],"meta":{},"tags":[]},{"ancestorTitles":["Desktop directory picker"],"fullName":"Desktop directory picker discards the selected path after the parent is destroyed","status":"passed","title":"discards the selected path after the parent is destroyed","duration":1.4388000000001284,"failureMessages":[],"meta":{},"tags":[]},{"ancestorTitles":["Desktop directory picker"],"fullName":"Desktop directory picker rejects other windows, subframes, shell pages, remote pages, and missing windows","status":"passed","title":"rejects other windows, subframes, shell pages, remote pages, and missing windows","duration":4.717100000000073,"failureMessages":[],"meta":{},"tags":[]}],"startTime":1789702426095,"endTime":1789702426123.717,"status":"passed","message":"","name":"D:/code/维小智/deepseek-harness/apps/desktop/tests/directory-picker.spec.ts"},{"assertionResults":[{"ancestorTitles":["enterprise environment address"],"fullName":"enterprise environment address keeps a deployment path prefix and drops a trailing slash","status":"passed","title":"keeps a deployment path prefix and drops a trailing slash","duration":5.49389999999994,"failureMessages":[],"meta":{},"tags":[]},{"ancestorTitles":["enterprise environment address"],"fullName":"enterprise environment address rejects an address the client cannot append /client/enroll to","status":"passed","title":"rejects an address the client cannot append /client/enroll to","duration":4.418100000000095,"failureMessages":[],"meta":{},"tags":[]},{"ancestorTitles":["enterprise manifest parsing"],"fullName":"enterprise manifest parsing reads the declared default and every channel in order","status":"passed","title":"reads the declared default and every channel in order","duration":2.5653000000002066,"failureMessages":[],"meta":{},"tags":[]},{"ancestorTitles":["enterprise manifest parsing"],"fullName":"enterprise manifest parsing names an entry without a key so it stays selectable","status":"passed","title":"names an entry without a key so it stays selectable","duration":0.9106000000001586,"failureMessages":[],"meta":{},"tags":[]},{"ancestorTitles":["enterprise manifest parsing"],"fullName":"enterprise manifest parsing fails loud instead of degrading to a disabled gate","status":"passed","title":"fails loud instead of degrading to a disabled gate","duration":3.7588000000000648,"failureMessages":[],"meta":{},"tags":[]},{"ancestorTitles":["locked enterprise channel"],"fullName":"locked enterprise channel locks ordinary users to the declared default","status":"passed","title":"locks ordinary users to the declared default","duration":2.5471999999999753,"failureMessages":[],"meta":{},"tags":[]},{"ancestorTitles":["locked enterprise channel"],"fullName":"locked enterprise channel lets the packaging environment override the default channel","status":"passed","title":"lets the packaging environment override the default channel","duration":0.6407000000001517,"failureMessages":[],"meta":{},"tags":[]},{"ancestorTitles":["locked enterprise channel"],"fullName":"locked enterprise channel rejects a channel that is not in the shipped manifest","status":"passed","title":"rejects a channel that is not in the shipped manifest","duration":0.7664999999999509,"failureMessages":[],"meta":{},"tags":[]},{"ancestorTitles":["locked enterprise channel"],"fullName":"locked enterprise channel falls back to the first channel when the manifest declares no default","status":"passed","title":"falls back to the first channel when the manifest declares no default","duration":1.396099999999933,"failureMessages":[],"meta":{},"tags":[]},{"ancestorTitles":["runtime environment fallback"],"fullName":"runtime environment fallback is absent when no address is configured","status":"passed","title":"is absent when no address is configured","duration":0.7984000000001288,"failureMessages":[],"meta":{},"tags":[]},{"ancestorTitles":["runtime environment fallback"],"fullName":"runtime environment fallback builds channels from the development environment variables","status":"passed","title":"builds channels from the development environment variables","duration":0.7835999999999785,"failureMessages":[],"meta":{},"tags":[]},{"ancestorTitles":["login page IPC guard"],"fullName":"login page IPC guard accepts the exact page the login window loads","status":"passed","title":"accepts the exact page the login window loads","duration":1.1751999999999043,"failureMessages":[],"meta":{},"tags":[]},{"ancestorTitles":["login page IPC guard"],"fullName":"login page IPC guard rejects every frame that is not the login page itself","status":"passed","title":"rejects every frame that is not the login page itself","duration":2.5172000000000025,"failureMessages":[],"meta":{},"tags":[]}],"startTime":1789702425527,"endTime":1789702425558.517,"status":"passed","message":"","name":"D:/code/维小智/deepseek-harness/apps/desktop/tests/enterprise-environments.spec.ts"},{"assertionResults":[{"ancestorTitles":[],"fullName":"offers only exit and restart for a listener conflict in en","status":"passed","title":"offers only exit and restart for a listener conflict in en","duration":27.338000000000193,"failureMessages":[],"meta":{},"tags":[]},{"ancestorTitles":[],"fullName":"offers only exit and restart for a listener conflict in zh-CN","status":"passed","title":"offers only exit and restart for a listener conflict in zh-CN","duration":3.9751000000001113,"failureMessages":[],"meta":{},"tags":[]},{"ancestorTitles":[],"fullName":"offers the same listener conflict recovery on win32","status":"passed","title":"offers the same listener conflict recovery on win32","duration":3.404700000000048,"failureMessages":[],"meta":{},"tags":[]},{"ancestorTitles":[],"fullName":"offers the same listener conflict recovery on darwin","status":"passed","title":"offers the same listener conflict recovery on darwin","duration":1.3740999999999985,"failureMessages":[],"meta":{},"tags":[]},{"ancestorTitles":[],"fullName":"offers the same listener conflict recovery on linux","status":"passed","title":"offers the same listener conflict recovery on linux","duration":1.3193999999998596,"failureMessages":[],"meta":{},"tags":[]},{"ancestorTitles":[],"fullName":"records the en native recovery dialog","status":"passed","title":"records the en native recovery dialog","duration":8.209299999999985,"failureMessages":[],"meta":{},"tags":[]},{"ancestorTitles":[],"fullName":"records the zh-CN native recovery dialog","status":"passed","title":"records the zh-CN native recovery dialog","duration":11.092499999999973,"failureMessages":[],"meta":{},"tags":[]},{"ancestorTitles":[],"fullName":"locks the first report before the dialog settles and never resets after an action","status":"passed","title":"locks the first report before the dialog settles and never resets after an action","duration":3.7059999999999036,"failureMessages":[],"meta":{},"tags":[]},{"ancestorTitles":[],"fullName":"waits for shutdown before executing choice 0","status":"passed","title":"waits for shutdown before executing choice 0","duration":2.5471000000000004,"failureMessages":[],"meta":{},"tags":[]},{"ancestorTitles":[],"fullName":"waits for shutdown before executing choice 1","status":"passed","title":"waits for shutdown before executing choice 1","duration":1.7776000000001204,"failureMessages":[],"meta":{},"tags":[]},{"ancestorTitles":[],"fullName":"waits for shutdown before executing choice 2","status":"passed","title":"waits for shutdown before executing choice 2","duration":1.9597000000001117,"failureMessages":[],"meta":{},"tags":[]},{"ancestorTitles":[],"fullName":"reports a user-requested disable failure and allows exit without restarting","status":"passed","title":"reports a user-requested disable failure and allows exit without restarting","duration":2.1421000000000276,"failureMessages":[],"meta":{},"tags":[]},{"ancestorTitles":[],"fullName":"allows exit after shutdown cleanup fails","status":"passed","title":"allows exit after shutdown cleanup fails","duration":1.169499999999971,"failureMessages":[],"meta":{},"tags":[]},{"ancestorTitles":[],"fullName":"bounds long diagnostics and recovery-operation errors in en","status":"passed","title":"bounds long diagnostics and recovery-operation errors in en","duration":4.587399999999889,"failureMessages":[],"meta":{},"tags":[]},{"ancestorTitles":[],"fullName":"bounds long diagnostics and recovery-operation errors in zh-CN","status":"passed","title":"bounds long diagnostics and recovery-operation errors in zh-CN","duration":3.7023999999998978,"failureMessages":[],"meta":{},"tags":[]}],"startTime":1789702418700,"endTime":1789702418779.7024,"status":"passed","message":"","name":"D:/code/维小智/deepseek-harness/apps/desktop/tests/fatal-recovery.spec.ts"},{"assertionResults":[{"ancestorTitles":["desktop host process"],"fullName":"desktop host process correlates task inspections and admission changes over private IPC","status":"passed","title":"correlates task inspections and admission changes over private IPC","duration":1800.2,"failureMessages":[],"meta":{},"tags":[]},{"ancestorTitles":["desktop host process"],"fullName":"desktop host process refuses installation when exit lacks successful teardown acknowledgement: process.exit(17)","status":"passed","title":"refuses installation when exit lacks successful teardown acknowledgement: process.exit(17)","duration":1726.5692000000004,"failureMessages":[],"meta":{},"tags":[]},{"ancestorTitles":["desktop host process"],"fullName":"desktop host process refuses installation when exit lacks successful teardown acknowledgement: process.exit(0)","status":"passed","title":"refuses installation when exit lacks successful teardown acknowledgement: process.exit(0)","duration":1778.0883999999996,"failureMessages":[],"meta":{},"tags":[]},{"ancestorTitles":["desktop host process"],"fullName":"desktop host process returns the Web authentication URL and waits for graceful shutdown","status":"passed","title":"returns the Web authentication URL and waits for graceful shutdown","duration":2840.5977000000003,"failureMessages":[],"meta":{},"tags":[]},{"ancestorTitles":["desktop host process"],"fullName":"desktop host process passes external dependencies and runtime profile resolution to the Host","status":"passed","title":"passes external dependencies and runtime profile resolution to the Host","duration":2294.2240999999995,"failureMessages":[],"meta":{},"tags":[]},{"ancestorTitles":["desktop host process"],"fullName":"desktop host process reports a fatal event after readiness once","status":"passed","title":"reports a fatal event after readiness once","duration":2062.6172000000006,"failureMessages":[],"meta":{},"tags":[]},{"ancestorTitles":["desktop host process"],"fullName":"desktop host process reports a child crash after readiness with its stderr diagnostic","status":"passed","title":"reports a child crash after readiness with its stderr diagnostic","duration":2041.9586999999992,"failureMessages":[],"meta":{},"tags":[]},{"ancestorTitles":["desktop host process"],"fullName":"desktop host process retains only recent diagnostics from a noisy child","status":"passed","title":"retains only recent diagnostics from a noisy child","duration":2192.835399999998,"failureMessages":[],"meta":{},"tags":[]},{"ancestorTitles":["desktop host process"],"fullName":"desktop host process settles teardown when the executable cannot be spawned","status":"passed","title":"settles teardown when the executable cannot be spawned","duration":495.3819999999978,"failureMessages":[],"meta":{},"tags":[]},{"ancestorTitles":["desktop host process"],"fullName":"desktop host process loads the resource entry with a separate profile and inherits runtime and package-manager configuration","status":"passed","title":"loads the resource entry with a separate profile and inherits runtime and package-manager configuration","duration":2741.461299999999,"failureMessages":[],"meta":{},"tags":[]},{"ancestorTitles":["desktop host process"],"fullName":"desktop host process rejects startup when the child fails before readiness: process.send({ type: 'fatal', message: 'startup failed' }); process.disconnect()","status":"passed","title":"rejects startup when the child fails before readiness: process.send({ type: 'fatal', message: 'startup failed' }); process.disconnect()","duration":3039.1957999999977,"failureMessages":[],"meta":{},"tags":[]},{"ancestorTitles":["desktop host process"],"fullName":"desktop host process rejects startup when the child fails before readiness: process.send({ type: 'ready', url: 4 })","status":"passed","title":"rejects startup when the child fails before readiness: process.send({ type: 'ready', url: 4 })","duration":1540.7861999999986,"failureMessages":[],"meta":{},"tags":[]},{"ancestorTitles":["desktop host process"],"fullName":"desktop host process rejects startup when the child fails before readiness: process.exit(0)","status":"passed","title":"rejects startup when the child fails before readiness: process.exit(0)","duration":2082.761999999999,"failureMessages":[],"meta":{},"tags":[]}],"startTime":1789702149226,"endTime":1789702175865.762,"status":"passed","message":"","name":"D:/code/维小智/deepseek-harness/apps/desktop/tests/host-process.spec.ts"},{"assertionResults":[{"ancestorTitles":["Desktop Host update task protection"],"fullName":"Desktop Host update task protection counts running agent work without stopping it","status":"passed","title":"counts running agent work without stopping it","duration":20.732700000000023,"failureMessages":[],"meta":{},"tags":[]},{"ancestorTitles":["Desktop Host update task protection"],"fullName":"Desktop Host update task protection counts nextTurn agent work without stopping it","status":"passed","title":"counts nextTurn agent work without stopping it","duration":4.281799999999976,"failureMessages":[],"meta":{},"tags":[]},{"ancestorTitles":["Desktop Host update task protection"],"fullName":"Desktop Host update task protection counts nextStep agent work without stopping it","status":"passed","title":"counts nextStep agent work without stopping it","duration":4.126600000000053,"failureMessages":[],"meta":{},"tags":[]},{"ancestorTitles":["Desktop Host update task protection"],"fullName":"Desktop Host update task protection counts global and agent-owned running jobs","status":"passed","title":"counts global and agent-owned running jobs","duration":4.648999999999887,"failureMessages":[],"meta":{},"tags":[]},{"ancestorTitles":["Desktop Host update task protection"],"fullName":"Desktop Host update task protection counts global and agent-owned stopping jobs","status":"passed","title":"counts global and agent-owned stopping jobs","duration":4.656299999999874,"failureMessages":[],"meta":{},"tags":[]},{"ancestorTitles":["Desktop Host update task protection"],"fullName":"Desktop Host update task protection does not warn for reads but drains admitted requests before completing the lock","status":"passed","title":"does not warn for reads but drains admitted requests before completing the lock","duration":14.95010000000002,"failureMessages":[],"meta":{},"tags":[]},{"ancestorTitles":["Desktop Host update task protection"],"fullName":"Desktop Host update task protection detects task creation by an admitted write before handing off the lock","status":"passed","title":"detects task creation by an admitted write before handing off the lock","duration":4.6322999999999865,"failureMessages":[],"meta":{},"tags":[]},{"ancestorTitles":["Desktop Host update task protection"],"fullName":"Desktop Host update task protection rejects a draining lock invalidated by unlock","status":"passed","title":"rejects a draining lock invalidated by unlock","duration":8.58140000000003,"failureMessages":[],"meta":{},"tags":[]},{"ancestorTitles":["Desktop Host update task protection"],"fullName":"Desktop Host update task protection rejects a draining lock invalidated by dispose","status":"passed","title":"rejects a draining lock invalidated by dispose","duration":12.580299999999852,"failureMessages":[],"meta":{},"tags":[]},{"ancestorTitles":["Desktop Host update task protection"],"fullName":"Desktop Host update task protection releases request accounting when the bridge rejects","status":"passed","title":"releases request accounting when the bridge rejects","duration":4.766700000000128,"failureMessages":[],"meta":{},"tags":[]},{"ancestorTitles":["Desktop Host update task protection"],"fullName":"Desktop Host update task protection removes admission on disposal and refuses further inspection","status":"passed","title":"removes admission on disposal and refuses further inspection","duration":5.752500000000055,"failureMessages":[],"meta":{},"tags":[]},{"ancestorTitles":["Desktop Host update task protection"],"fullName":"Desktop Host update task protection does not classify unavailable task services as idle","status":"passed","title":"does not classify unavailable task services as idle","duration":6.009800000000041,"failureMessages":[],"meta":{},"tags":[]}],"startTime":1789702415918,"endTime":1789702416014.0098,"status":"passed","message":"","name":"D:/code/维小智/deepseek-harness/apps/desktop/tests/host-update-tasks.spec.ts"},{"assertionResults":[{"ancestorTitles":["installed-update bootstrap"],"fullName":"installed-update bootstrap executes the generated entry for both versions with isolated persistent paths before main imports","status":"passed","title":"executes the generated entry for both versions with isolated persistent paths before main imports","duration":4231.5472,"failureMessages":[],"meta":{},"tags":[]},{"ancestorTitles":["installed-update bootstrap"],"fullName":"installed-update bootstrap refuses foreign metadata before creating any data directory or changing the environment","status":"passed","title":"refuses foreign metadata before creating any data directory or changing the environment","duration":49.781700000000455,"failureMessages":[],"meta":{},"tags":[]},{"ancestorTitles":["installed-update bootstrap"],"fullName":"installed-update bootstrap rejects altered origin in a retained manifest","status":"passed","title":"rejects altered origin in a retained manifest","duration":218.38400000000001,"failureMessages":[],"meta":{},"tags":[]},{"ancestorTitles":["installed-update bootstrap"],"fullName":"installed-update bootstrap rejects altered bucket in a retained manifest","status":"passed","title":"rejects altered bucket in a retained manifest","duration":246.60419999999976,"failureMessages":[],"meta":{},"tags":[]},{"ancestorTitles":["installed-update bootstrap"],"fullName":"installed-update bootstrap rejects altered appId in a retained manifest","status":"passed","title":"rejects altered appId in a retained manifest","duration":253.96209999999883,"failureMessages":[],"meta":{},"tags":[]},{"ancestorTitles":["installed-update bootstrap"],"fullName":"installed-update bootstrap rejects altered root in a retained manifest","status":"passed","title":"rejects altered root in a retained manifest","duration":245.67419999999947,"failureMessages":[],"meta":{},"tags":[]},{"ancestorTitles":["installed-update bootstrap"],"fullName":"installed-update bootstrap rejects altered feedKey in a retained manifest","status":"passed","title":"rejects altered feedKey in a retained manifest","duration":259.54229999999916,"failureMessages":[],"meta":{},"tags":[]},{"ancestorTitles":["installed-update bootstrap"],"fullName":"installed-update bootstrap rejects altered binPrefix in a retained manifest","status":"passed","title":"rejects altered binPrefix in a retained manifest","duration":240.66570000000138,"failureMessages":[],"meta":{},"tags":[]},{"ancestorTitles":["installed-update bootstrap"],"fullName":"installed-update bootstrap rejects altered versions in a retained manifest","status":"passed","title":"rejects altered versions in a retained manifest","duration":260.53640000000087,"failureMessages":[],"meta":{},"tags":[]},{"ancestorTitles":["installed-update bootstrap"],"fullName":"installed-update bootstrap rejects altered source in a retained manifest","status":"passed","title":"rejects altered source in a retained manifest","duration":367.1885000000002,"failureMessages":[],"meta":{},"tags":[]},{"ancestorTitles":["installed-update bootstrap"],"fullName":"installed-update bootstrap loads the original manifest without adding credential fields to bootstrap output","status":"passed","title":"loads the original manifest without adding credential fields to bootstrap output","duration":586.8235999999997,"failureMessages":[],"meta":{},"tags":[]}],"startTime":1789702267457,"endTime":1789702274436.8235,"status":"passed","message":"","name":"D:/code/维小智/deepseek-harness/apps/desktop/tests/installed-update-bootstrap.spec.ts"},{"assertionResults":[{"ancestorTitles":["installed-update application inputs and builder configuration"],"fullName":"installed-update application inputs and builder configuration freezes shipped files once without copying credentials or claiming dependency and boot qualification","status":"passed","title":"freezes shipped files once without copying credentials or claiming dependency and boot qualification","duration":1346.9899000000005,"failureMessages":[],"meta":{},"tags":[]},{"ancestorTitles":["installed-update application inputs and builder configuration"],"fullName":"installed-update application inputs and builder configuration rejects modified frozen application bytes","status":"passed","title":"rejects modified frozen application bytes","duration":2027.0613000000003,"failureMessages":[],"meta":{},"tags":[]},{"ancestorTitles":["installed-update application inputs and builder configuration"],"fullName":"installed-update application inputs and builder configuration rejects added frozen application bytes","status":"passed","title":"rejects added frozen application bytes","duration":1600.1099999999997,"failureMessages":[],"meta":{},"tags":[]},{"ancestorTitles":["installed-update application inputs and builder configuration"],"fullName":"installed-update application inputs and builder configuration rejects missing frozen application bytes","status":"passed","title":"rejects missing frozen application bytes","duration":2232.7446999999993,"failureMessages":[],"meta":{},"tags":[]},{"ancestorTitles":["installed-update application inputs and builder configuration"],"fullName":"installed-update application inputs and builder configuration keeps signed NSIS hooks and one isolated identity/feed while selecting each private runtime and output","status":"failed","title":"keeps signed NSIS hooks and one isolated identity/feed while selecting each private runtime and output","duration":7191.0097000000005,"failureMessages":["Error: STACK_TRACE_ERROR\n    at task (file:///D:/code/%E7%BB%B4%E5%B0%8F%E6%99%BA/deepseek-harness/node_modules/.pnpm/@vitest+runner@4.1.8/node_modules/@vitest/runner/dist/chunk-artifact.js:1784:27)\n    at Object.<anonymous> (file:///D:/code/%E7%BB%B4%E5%B0%8F%E6%99%BA/deepseek-harness/node_modules/.pnpm/@vitest+runner@4.1.8/node_modules/@vitest/runner/dist/chunk-artifact.js:1817:16)\n    at Object.<anonymous> (file:///D:/code/%E7%BB%B4%E5%B0%8F%E6%99%BA/deepseek-harness/node_modules/.pnpm/@vitest+runner@4.1.8/node_modules/@vitest/runner/dist/chunk-artifact.js:1563:28)\n    at chain (file:///D:/code/%E7%BB%B4%E5%B0%8F%E6%99%BA/deepseek-harness/node_modules/.pnpm/@vitest+runner@4.1.8/node_modules/@vitest/runner/dist/chunk-artifact.js:599:14)\n    at D:/code/维小智/deepseek-harness/apps/desktop/tests/installed-update-builder.spec.ts:113:30\n    at file:///D:/code/%E7%BB%B4%E5%B0%8F%E6%99%BA/deepseek-harness/node_modules/.pnpm/@vitest+runner@4.1.8/node_modules/@vitest/runner/dist/chunk-artifact.js:1889:40\n    at runWithSuite (file:///D:/code/%E7%BB%B4%E5%B0%8F%E6%99%BA/deepseek-harness/node_modules/.pnpm/@vitest+runner@4.1.8/node_modules/@vitest/runner/dist/chunk-artifact.js:2258:8)\n    at Object.collect (file:///D:/code/%E7%BB%B4%E5%B0%8F%E6%99%BA/deepseek-harness/node_modules/.pnpm/@vitest+runner@4.1.8/node_modules/@vitest/runner/dist/chunk-artifact.js:1889:10)\n    at Object.collect (file:///D:/code/%E7%BB%B4%E5%B0%8F%E6%99%BA/deepseek-harness/node_modules/.pnpm/@vitest+runner@4.1.8/node_modules/@vitest/runner/dist/chunk-artifact.js:1893:54)\n    at processTicksAndRejections (node:internal/process/task_queues:104:5)"],"meta":{},"tags":[]},{"ancestorTitles":["installed-update application inputs and builder configuration"],"fullName":"installed-update application inputs and builder configuration retains a failed preparation without a completion receipt and refuses an unrelated version","status":"passed","title":"retains a failed preparation without a completion receipt and refuses an unrelated version","duration":2822.3774999999987,"failureMessages":[],"meta":{},"tags":[]},{"ancestorTitles":["installed-update application inputs and builder configuration"],"fullName":"installed-update application inputs and builder configuration rejects incompatible qualification settings {\"DSH_DESKTOP_AUTO_UPDATE_ENV\":\"production\"}","status":"passed","title":"rejects incompatible qualification settings {\"DSH_DESKTOP_AUTO_UPDATE_ENV\":\"production\"}","duration":2562.070899999999,"failureMessages":[],"meta":{},"tags":[]},{"ancestorTitles":["installed-update application inputs and builder configuration"],"fullName":"installed-update application inputs and builder configuration rejects incompatible qualification settings {\"DSH_DESKTOP_UNSIGNED\":\"1\"}","status":"passed","title":"rejects incompatible qualification settings {\"DSH_DESKTOP_UNSIGNED\":\"1\"}","duration":3032.2635999999984,"failureMessages":[],"meta":{},"tags":[]},{"ancestorTitles":["installed-update application inputs and builder configuration"],"fullName":"installed-update application inputs and builder configuration rejects incompatible qualification settings {\"DOWNLOAD_TEST_ORIGIN\":\"https://download.deepseek.com\"}","status":"passed","title":"rejects incompatible qualification settings {\"DOWNLOAD_TEST_ORIGIN\":\"https://download.deepseek.com\"}","duration":3112.689699999999,"failureMessages":[],"meta":{},"tags":[]}],"startTime":1789702081657,"endTime":1789702107606.6897,"status":"failed","message":"","name":"D:/code/维小智/deepseek-harness/apps/desktop/tests/installed-update-builder.spec.ts"},{"assertionResults":[{"ancestorTitles":["qualification COS transport with real SDK serialization over a loopback origin"],"fullName":"qualification COS transport with real SDK serialization over a loopback origin sends one streamed PUT with explicit length, MD5, no-store policy and a signed non-overwrite header","status":"passed","title":"sends one streamed PUT with explicit length, MD5, no-store policy and a signed non-overwrite header","duration":220.94540000000006,"failureMessages":[],"meta":{},"tags":[]},{"ancestorTitles":["qualification COS transport with real SDK serialization over a loopback origin"],"fullName":"qualification COS transport with real SDK serialization over a loopback origin streams a file-backed object with its declared length","status":"passed","title":"streams a file-backed object with its declared length","duration":241.11400000000003,"failureMessages":[],"meta":{},"tags":[]},{"ancestorTitles":["qualification COS transport with real SDK serialization over a loopback origin"],"fullName":"qualification COS transport with real SDK serialization over a loopback origin reads bucket versioning \"\" as disabled=true","status":"passed","title":"reads bucket versioning \"\" as disabled=true","duration":82.32570000000032,"failureMessages":[],"meta":{},"tags":[]},{"ancestorTitles":["qualification COS transport with real SDK serialization over a loopback origin"],"fullName":"qualification COS transport with real SDK serialization over a loopback origin reads bucket versioning \"<Status>Enabled</Status>\" as disabled=false","status":"passed","title":"reads bucket versioning \"<Status>Enabled</Status>\" as disabled=false","duration":50.414600000000064,"failureMessages":[],"meta":{},"tags":[]},{"ancestorTitles":["qualification COS transport with real SDK serialization over a loopback origin"],"fullName":"qualification COS transport with real SDK serialization over a loopback origin reads bucket versioning \"<Status>Suspended</Status>\" as disabled=false","status":"passed","title":"reads bucket versioning \"<Status>Suspended</Status>\" as disabled=false","duration":40.51880000000028,"failureMessages":[],"meta":{},"tags":[]},{"ancestorTitles":["qualification COS transport with real SDK serialization over a loopback origin"],"fullName":"qualification COS transport with real SDK serialization over a loopback origin does not retry an uncertain PUT failure","status":"passed","title":"does not retry an uncertain PUT failure","duration":120.40650000000005,"failureMessages":[],"meta":{},"tags":[]},{"ancestorTitles":["qualification COS transport with real SDK serialization over a loopback origin"],"fullName":"qualification COS transport with real SDK serialization over a loopback origin enforces the qualification versioning total deadline","status":"passed","title":"enforces the qualification versioning total deadline","duration":113.27810000000045,"failureMessages":[],"meta":{},"tags":[]},{"ancestorTitles":["qualification COS transport with real SDK serialization over a loopback origin"],"fullName":"qualification COS transport with real SDK serialization over a loopback origin enforces the qualification read total deadline","status":"passed","title":"enforces the qualification read total deadline","duration":86.04470000000038,"failureMessages":[],"meta":{},"tags":[]},{"ancestorTitles":["qualification COS transport with real SDK serialization over a loopback origin"],"fullName":"qualification COS transport with real SDK serialization over a loopback origin enforces the qualification put total deadline","status":"passed","title":"enforces the qualification put total deadline","duration":69.19859999999971,"failureMessages":[],"meta":{},"tags":[]},{"ancestorTitles":["qualification COS transport with real SDK serialization over a loopback origin"],"fullName":"qualification COS transport with real SDK serialization over a loopback origin hashes exact received object bytes without buffering the whole object","status":"passed","title":"hashes exact received object bytes without buffering the whole object","duration":54.743900000000394,"failureMessages":[],"meta":{},"tags":[]},{"ancestorTitles":["qualification COS transport with real SDK serialization over a loopback origin"],"fullName":"qualification COS transport with real SDK serialization over a loopback origin distinguishes confirmed object absence from permission errors","status":"passed","title":"distinguishes confirmed object absence from permission errors","duration":86.82430000000022,"failureMessages":[],"meta":{},"tags":[]},{"ancestorTitles":["qualification COS transport with real SDK serialization over a loopback origin"],"fullName":"qualification COS transport with real SDK serialization over a loopback origin fails a read whose transfer ends before the declared length","status":"passed","title":"fails a read whose transfer ends before the declared length","duration":36.58799999999974,"failureMessages":[],"meta":{},"tags":[]},{"ancestorTitles":["qualification COS transport with real SDK serialization over a loopback origin"],"fullName":"qualification COS transport with real SDK serialization over a loopback origin hashes public response bytes at the exact URL and rejects redirects or unrelated destinations","status":"passed","title":"hashes public response bytes at the exact URL and rejects redirects or unrelated destinations","duration":97.55029999999988,"failureMessages":[],"meta":{},"tags":[]},{"ancestorTitles":["qualification COS transport with real SDK serialization over a loopback origin"],"fullName":"qualification COS transport with real SDK serialization over a loopback origin refuses production settings without creating a request","status":"passed","title":"refuses production settings without creating a request","duration":29.398599999999533,"failureMessages":[],"meta":{},"tags":[]},{"ancestorTitles":["qualification COS transport with real SDK serialization over a loopback origin"],"fullName":"qualification COS transport with real SDK serialization over a loopback origin rejects mismatched upload bytes and unsafe keys before sending a request","status":"passed","title":"rejects mismatched upload bytes and unsafe keys before sending a request","duration":20.035800000000563,"failureMessages":[],"meta":{},"tags":[]}],"startTime":1789702325181,"endTime":1789702326531.036,"status":"passed","message":"","name":"D:/code/维小智/deepseek-harness/apps/desktop/tests/installed-update-cos.spec.ts"},{"assertionResults":[{"ancestorTitles":["qualification distribution file planning"],"fullName":"qualification distribution file planning keeps two binary sets separate from successive bodies at one fixed feed URL without publication authority","status":"passed","title":"keeps two binary sets separate from successive bodies at one fixed feed URL without publication authority","duration":412.9202,"failureMessages":[],"meta":{},"tags":[]},{"ancestorTitles":["qualification distribution file planning"],"fullName":"qualification distribution file planning rejects changed-bytes before producing any distribution plan","status":"passed","title":"rejects changed-bytes before producing any distribution plan","duration":362.03570000000013,"failureMessages":[],"meta":{},"tags":[]},{"ancestorTitles":["qualification distribution file planning"],"fullName":"qualification distribution file planning rejects missing-map before producing any distribution plan","status":"passed","title":"rejects missing-map before producing any distribution plan","duration":217.16930000000002,"failureMessages":[],"meta":{},"tags":[]},{"ancestorTitles":["qualification distribution file planning"],"fullName":"qualification distribution file planning rejects foreign-url before producing any distribution plan","status":"passed","title":"rejects foreign-url before producing any distribution plan","duration":177.05449999999973,"failureMessages":[],"meta":{},"tags":[]},{"ancestorTitles":["qualification distribution file planning"],"fullName":"qualification distribution file planning rejects wrong-version before producing any distribution plan","status":"passed","title":"rejects wrong-version before producing any distribution plan","duration":385.2401,"failureMessages":[],"meta":{},"tags":[]},{"ancestorTitles":["qualification distribution file planning"],"fullName":"qualification distribution file planning rejects legacy-hash before producing any distribution plan","status":"passed","title":"rejects legacy-hash before producing any distribution plan","duration":208.1316999999999,"failureMessages":[],"meta":{},"tags":[]}],"startTime":1789702323314,"endTime":1789702325080.1316,"status":"passed","message":"","name":"D:/code/维小智/deepseek-harness/apps/desktop/tests/installed-update-distribution.spec.ts"},{"assertionResults":[{"ancestorTitles":["installed update network plan"],"fullName":"installed update network plan binds an exclusive local plan to verified original application bytes without network changes","status":"passed","title":"binds an exclusive local plan to verified original application bytes without network changes","duration":923.1429000000003,"failureMessages":[],"meta":{},"tags":[]},{"ancestorTitles":["installed update network plan"],"fullName":"installed update network plan rejects failed-receipt before creating a fault plan","status":"passed","title":"rejects failed-receipt before creating a fault plan","duration":783.5771000000004,"failureMessages":[],"meta":{},"tags":[]},{"ancestorTitles":["installed update network plan"],"fullName":"installed update network plan rejects wrong-run before creating a fault plan","status":"passed","title":"rejects wrong-run before creating a fault plan","duration":1676.7200000000003,"failureMessages":[],"meta":{},"tags":[]},{"ancestorTitles":["installed update network plan"],"fullName":"installed update network plan rejects wrong-version before creating a fault plan","status":"passed","title":"rejects wrong-version before creating a fault plan","duration":1150.8159999999998,"failureMessages":[],"meta":{},"tags":[]},{"ancestorTitles":["installed update network plan"],"fullName":"installed update network plan rejects invalid-signature before creating a fault plan","status":"passed","title":"rejects invalid-signature before creating a fault plan","duration":605.7007000000003,"failureMessages":[],"meta":{},"tags":[]},{"ancestorTitles":["installed update network plan"],"fullName":"installed update network plan rejects changed-file before creating a fault plan","status":"passed","title":"rejects changed-file before creating a fault plan","duration":783.3750000000009,"failureMessages":[],"meta":{},"tags":[]},{"ancestorTitles":["installed update network plan"],"fullName":"installed update network plan rejects renamed-file before creating a fault plan","status":"passed","title":"rejects renamed-file before creating a fault plan","duration":593.2043000000012,"failureMessages":[],"meta":{},"tags":[]},{"ancestorTitles":["installed update network plan"],"fullName":"installed update network plan rejects outside-receipt before creating a fault plan","status":"passed","title":"rejects outside-receipt before creating a fault plan","duration":571.5380999999998,"failureMessages":[],"meta":{},"tags":[]},{"ancestorTitles":["operator firewall script with all firewall cmdlets substituted"],"fullName":"operator firewall script with all firewall cmdlets substituted records block without touching host firewall state","status":"failed","title":"records block without touching host firewall state","duration":5054.099,"failureMessages":["Error: STACK_TRACE_ERROR\n    at task (file:///D:/code/%E7%BB%B4%E5%B0%8F%E6%99%BA/deepseek-harness/node_modules/.pnpm/@vitest+runner@4.1.8/node_modules/@vitest/runner/dist/chunk-artifact.js:1784:27)\n    at Object.<anonymous> (file:///D:/code/%E7%BB%B4%E5%B0%8F%E6%99%BA/deepseek-harness/node_modules/.pnpm/@vitest+runner@4.1.8/node_modules/@vitest/runner/dist/chunk-artifact.js:1817:16)\n    at Object.<anonymous> (file:///D:/code/%E7%BB%B4%E5%B0%8F%E6%99%BA/deepseek-harness/node_modules/.pnpm/@vitest+runner@4.1.8/node_modules/@vitest/runner/dist/chunk-artifact.js:1563:28)\n    at Object.chain (file:///D:/code/%E7%BB%B4%E5%B0%8F%E6%99%BA/deepseek-harness/node_modules/.pnpm/@vitest+runner@4.1.8/node_modules/@vitest/runner/dist/chunk-artifact.js:599:14)\n    at file:///D:/code/%E7%BB%B4%E5%B0%8F%E6%99%BA/deepseek-harness/node_modules/.pnpm/@vitest+runner@4.1.8/node_modules/@vitest/runner/dist/chunk-artifact.js:2027:7\n    at Array.forEach (<anonymous>)\n    at file:///D:/code/%E7%BB%B4%E5%B0%8F%E6%99%BA/deepseek-harness/node_modules/.pnpm/@vitest+runner@4.1.8/node_modules/@vitest/runner/dist/chunk-artifact.js:2021:10\n    at D:/code/维小智/deepseek-harness/apps/desktop/tests/installed-update-network.spec.ts:64:82\n    at file:///D:/code/%E7%BB%B4%E5%B0%8F%E6%99%BA/deepseek-harness/node_modules/.pnpm/@vitest+runner@4.1.8/node_modules/@vitest/runner/dist/chunk-artifact.js:1889:40\n    at runWithSuite (file:///D:/code/%E7%BB%B4%E5%B0%8F%E6%99%BA/deepseek-harness/node_modules/.pnpm/@vitest+runner@4.1.8/node_modules/@vitest/runner/dist/chunk-artifact.js:2258:8)"],"meta":{},"tags":[]},{"ancestorTitles":["operator firewall script with all firewall cmdlets substituted"],"fullName":"operator firewall script with all firewall cmdlets substituted records creation-failure without touching host firewall state","status":"failed","title":"records creation-failure without touching host firewall state","duration":5016.359300000002,"failureMessages":["Error: STACK_TRACE_ERROR\n    at task (file:///D:/code/%E7%BB%B4%E5%B0%8F%E6%99%BA/deepseek-harness/node_modules/.pnpm/@vitest+runner@4.1.8/node_modules/@vitest/runner/dist/chunk-artifact.js:1784:27)\n    at Object.<anonymous> (file:///D:/code/%E7%BB%B4%E5%B0%8F%E6%99%BA/deepseek-harness/node_modules/.pnpm/@vitest+runner@4.1.8/node_modules/@vitest/runner/dist/chunk-artifact.js:1817:16)\n    at Object.<anonymous> (file:///D:/code/%E7%BB%B4%E5%B0%8F%E6%99%BA/deepseek-harness/node_modules/.pnpm/@vitest+runner@4.1.8/node_modules/@vitest/runner/dist/chunk-artifact.js:1563:28)\n    at Object.chain (file:///D:/code/%E7%BB%B4%E5%B0%8F%E6%99%BA/deepseek-harness/node_modules/.pnpm/@vitest+runner@4.1.8/node_modules/@vitest/runner/dist/chunk-artifact.js:599:14)\n    at file:///D:/code/%E7%BB%B4%E5%B0%8F%E6%99%BA/deepseek-harness/node_modules/.pnpm/@vitest+runner@4.1.8/node_modules/@vitest/runner/dist/chunk-artifact.js:2027:7\n    at Array.forEach (<anonymous>)\n    at file:///D:/code/%E7%BB%B4%E5%B0%8F%E6%99%BA/deepseek-harness/node_modules/.pnpm/@vitest+runner@4.1.8/node_modules/@vitest/runner/dist/chunk-artifact.js:2021:10\n    at D:/code/维小智/deepseek-harness/apps/desktop/tests/installed-update-network.spec.ts:64:82\n    at file:///D:/code/%E7%BB%B4%E5%B0%8F%E6%99%BA/deepseek-harness/node_modules/.pnpm/@vitest+runner@4.1.8/node_modules/@vitest/runner/dist/chunk-artifact.js:1889:40\n    at runWithSuite (file:///D:/code/%E7%BB%B4%E5%B0%8F%E6%99%BA/deepseek-harness/node_modules/.pnpm/@vitest+runner@4.1.8/node_modules/@vitest/runner/dist/chunk-artifact.js:2258:8)"],"meta":{},"tags":[]},{"ancestorTitles":["operator firewall script with all firewall cmdlets substituted"],"fullName":"operator firewall script with all firewall cmdlets substituted records existing without touching host firewall state","status":"failed","title":"records existing without touching host firewall state","duration":5013.084999999999,"failureMessages":["Error: STACK_TRACE_ERROR\n    at task (file:///D:/code/%E7%BB%B4%E5%B0%8F%E6%99%BA/deepseek-harness/node_modules/.pnpm/@vitest+runner@4.1.8/node_modules/@vitest/runner/dist/chunk-artifact.js:1784:27)\n    at Object.<anonymous> (file:///D:/code/%E7%BB%B4%E5%B0%8F%E6%99%BA/deepseek-harness/node_modules/.pnpm/@vitest+runner@4.1.8/node_modules/@vitest/runner/dist/chunk-artifact.js:1817:16)\n    at Object.<anonymous> (file:///D:/code/%E7%BB%B4%E5%B0%8F%E6%99%BA/deepseek-harness/node_modules/.pnpm/@vitest+runner@4.1.8/node_modules/@vitest/runner/dist/chunk-artifact.js:1563:28)\n    at Object.chain (file:///D:/code/%E7%BB%B4%E5%B0%8F%E6%99%BA/deepseek-harness/node_modules/.pnpm/@vitest+runner@4.1.8/node_modules/@vitest/runner/dist/chunk-artifact.js:599:14)\n    at file:///D:/code/%E7%BB%B4%E5%B0%8F%E6%99%BA/deepseek-harness/node_modules/.pnpm/@vitest+runner@4.1.8/node_modules/@vitest/runner/dist/chunk-artifact.js:2027:7\n    at Array.forEach (<anonymous>)\n    at file:///D:/code/%E7%BB%B4%E5%B0%8F%E6%99%BA/deepseek-harness/node_modules/.pnpm/@vitest+runner@4.1.8/node_modules/@vitest/runner/dist/chunk-artifact.js:2021:10\n    at D:/code/维小智/deepseek-harness/apps/desktop/tests/installed-update-network.spec.ts:64:82\n    at file:///D:/code/%E7%BB%B4%E5%B0%8F%E6%99%BA/deepseek-harness/node_modules/.pnpm/@vitest+runner@4.1.8/node_modules/@vitest/runner/dist/chunk-artifact.js:1889:40\n    at runWithSuite (file:///D:/code/%E7%BB%B4%E5%B0%8F%E6%99%BA/deepseek-harness/node_modules/.pnpm/@vitest+runner@4.1.8/node_modules/@vitest/runner/dist/chunk-artifact.js:2258:8)"],"meta":{},"tags":[]},{"ancestorTitles":["operator firewall script with all firewall cmdlets substituted"],"fullName":"operator firewall script with all firewall cmdlets substituted records foreign without touching host firewall state","status":"failed","title":"records foreign without touching host firewall state","duration":5022.9941,"failureMessages":["Error: STACK_TRACE_ERROR\n    at task (file:///D:/code/%E7%BB%B4%E5%B0%8F%E6%99%BA/deepseek-harness/node_modules/.pnpm/@vitest+runner@4.1.8/node_modules/@vitest/runner/dist/chunk-artifact.js:1784:27)\n    at Object.<anonymous> (file:///D:/code/%E7%BB%B4%E5%B0%8F%E6%99%BA/deepseek-harness/node_modules/.pnpm/@vitest+runner@4.1.8/node_modules/@vitest/runner/dist/chunk-artifact.js:1817:16)\n    at Object.<anonymous> (file:///D:/code/%E7%BB%B4%E5%B0%8F%E6%99%BA/deepseek-harness/node_modules/.pnpm/@vitest+runner@4.1.8/node_modules/@vitest/runner/dist/chunk-artifact.js:1563:28)\n    at Object.chain (file:///D:/code/%E7%BB%B4%E5%B0%8F%E6%99%BA/deepseek-harness/node_modules/.pnpm/@vitest+runner@4.1.8/node_modules/@vitest/runner/dist/chunk-artifact.js:599:14)\n    at file:///D:/code/%E7%BB%B4%E5%B0%8F%E6%99%BA/deepseek-harness/node_modules/.pnpm/@vitest+runner@4.1.8/node_modules/@vitest/runner/dist/chunk-artifact.js:2027:7\n    at Array.forEach (<anonymous>)\n    at file:///D:/code/%E7%BB%B4%E5%B0%8F%E6%99%BA/deepseek-harness/node_modules/.pnpm/@vitest+runner@4.1.8/node_modules/@vitest/runner/dist/chunk-artifact.js:2021:10\n    at D:/code/维小智/deepseek-harness/apps/desktop/tests/installed-update-network.spec.ts:64:82\n    at file:///D:/code/%E7%BB%B4%E5%B0%8F%E6%99%BA/deepseek-harness/node_modules/.pnpm/@vitest+runner@4.1.8/node_modules/@vitest/runner/dist/chunk-artifact.js:1889:40\n    at runWithSuite (file:///D:/code/%E7%BB%B4%E5%B0%8F%E6%99%BA/deepseek-harness/node_modules/.pnpm/@vitest+runner@4.1.8/node_modules/@vitest/runner/dist/chunk-artifact.js:2258:8)"],"meta":{},"tags":[]},{"ancestorTitles":["operator firewall script with all firewall cmdlets substituted"],"fullName":"operator firewall script with all firewall cmdlets substituted records declined without touching host firewall state","status":"failed","title":"records declined without touching host firewall state","duration":5009.678,"failureMessages":["Error: STACK_TRACE_ERROR\n    at task (file:///D:/code/%E7%BB%B4%E5%B0%8F%E6%99%BA/deepseek-harness/node_modules/.pnpm/@vitest+runner@4.1.8/node_modules/@vitest/runner/dist/chunk-artifact.js:1784:27)\n    at Object.<anonymous> (file:///D:/code/%E7%BB%B4%E5%B0%8F%E6%99%BA/deepseek-harness/node_modules/.pnpm/@vitest+runner@4.1.8/node_modules/@vitest/runner/dist/chunk-artifact.js:1817:16)\n    at Object.<anonymous> (file:///D:/code/%E7%BB%B4%E5%B0%8F%E6%99%BA/deepseek-harness/node_modules/.pnpm/@vitest+runner@4.1.8/node_modules/@vitest/runner/dist/chunk-artifact.js:1563:28)\n    at Object.chain (file:///D:/code/%E7%BB%B4%E5%B0%8F%E6%99%BA/deepseek-harness/node_modules/.pnpm/@vitest+runner@4.1.8/node_modules/@vitest/runner/dist/chunk-artifact.js:599:14)\n    at file:///D:/code/%E7%BB%B4%E5%B0%8F%E6%99%BA/deepseek-harness/node_modules/.pnpm/@vitest+runner@4.1.8/node_modules/@vitest/runner/dist/chunk-artifact.js:2027:7\n    at Array.forEach (<anonymous>)\n    at file:///D:/code/%E7%BB%B4%E5%B0%8F%E6%99%BA/deepseek-harness/node_modules/.pnpm/@vitest+runner@4.1.8/node_modules/@vitest/runner/dist/chunk-artifact.js:2021:10\n    at D:/code/维小智/deepseek-harness/apps/desktop/tests/installed-update-network.spec.ts:64:82\n    at file:///D:/code/%E7%BB%B4%E5%B0%8F%E6%99%BA/deepseek-harness/node_modules/.pnpm/@vitest+runner@4.1.8/node_modules/@vitest/runner/dist/chunk-artifact.js:1889:40\n    at runWithSuite (file:///D:/code/%E7%BB%B4%E5%B0%8F%E6%99%BA/deepseek-harness/node_modules/.pnpm/@vitest+runner@4.1.8/node_modules/@vitest/runner/dist/chunk-artifact.js:2258:8)"],"meta":{},"tags":[]},{"ancestorTitles":["operator firewall script with all firewall cmdlets substituted"],"fullName":"operator firewall script with all firewall cmdlets substituted records changed without touching host firewall state","status":"failed","title":"records changed without touching host firewall state","duration":5007.1754,"failureMessages":["Error: STACK_TRACE_ERROR\n    at task (file:///D:/code/%E7%BB%B4%E5%B0%8F%E6%99%BA/deepseek-harness/node_modules/.pnpm/@vitest+runner@4.1.8/node_modules/@vitest/runner/dist/chunk-artifact.js:1784:27)\n    at Object.<anonymous> (file:///D:/code/%E7%BB%B4%E5%B0%8F%E6%99%BA/deepseek-harness/node_modules/.pnpm/@vitest+runner@4.1.8/node_modules/@vitest/runner/dist/chunk-artifact.js:1817:16)\n    at Object.<anonymous> (file:///D:/code/%E7%BB%B4%E5%B0%8F%E6%99%BA/deepseek-harness/node_modules/.pnpm/@vitest+runner@4.1.8/node_modules/@vitest/runner/dist/chunk-artifact.js:1563:28)\n    at Object.chain (file:///D:/code/%E7%BB%B4%E5%B0%8F%E6%99%BA/deepseek-harness/node_modules/.pnpm/@vitest+runner@4.1.8/node_modules/@vitest/runner/dist/chunk-artifact.js:599:14)\n    at file:///D:/code/%E7%BB%B4%E5%B0%8F%E6%99%BA/deepseek-harness/node_modules/.pnpm/@vitest+runner@4.1.8/node_modules/@vitest/runner/dist/chunk-artifact.js:2027:7\n    at Array.forEach (<anonymous>)\n    at file:///D:/code/%E7%BB%B4%E5%B0%8F%E6%99%BA/deepseek-harness/node_modules/.pnpm/@vitest+runner@4.1.8/node_modules/@vitest/runner/dist/chunk-artifact.js:2021:10\n    at D:/code/维小智/deepseek-harness/apps/desktop/tests/installed-update-network.spec.ts:64:82\n    at file:///D:/code/%E7%BB%B4%E5%B0%8F%E6%99%BA/deepseek-harness/node_modules/.pnpm/@vitest+runner@4.1.8/node_modules/@vitest/runner/dist/chunk-artifact.js:1889:40\n    at runWithSuite (file:///D:/code/%E7%BB%B4%E5%B0%8F%E6%99%BA/deepseek-harness/node_modules/.pnpm/@vitest+runner@4.1.8/node_modules/@vitest/runner/dist/chunk-artifact.js:2258:8)"],"meta":{},"tags":[]},{"ancestorTitles":["operator firewall script with all firewall cmdlets substituted"],"fullName":"operator firewall script with all firewall cmdlets substituted records changed-during-confirmation without touching host firewall state","status":"failed","title":"records changed-during-confirmation without touching host firewall state","duration":5016.330900000001,"failureMessages":["Error: STACK_TRACE_ERROR\n    at task (file:///D:/code/%E7%BB%B4%E5%B0%8F%E6%99%BA/deepseek-harness/node_modules/.pnpm/@vitest+runner@4.1.8/node_modules/@vitest/runner/dist/chunk-artifact.js:1784:27)\n    at Object.<anonymous> (file:///D:/code/%E7%BB%B4%E5%B0%8F%E6%99%BA/deepseek-harness/node_modules/.pnpm/@vitest+runner@4.1.8/node_modules/@vitest/runner/dist/chunk-artifact.js:1817:16)\n    at Object.<anonymous> (file:///D:/code/%E7%BB%B4%E5%B0%8F%E6%99%BA/deepseek-harness/node_modules/.pnpm/@vitest+runner@4.1.8/node_modules/@vitest/runner/dist/chunk-artifact.js:1563:28)\n    at Object.chain (file:///D:/code/%E7%BB%B4%E5%B0%8F%E6%99%BA/deepseek-harness/node_modules/.pnpm/@vitest+runner@4.1.8/node_modules/@vitest/runner/dist/chunk-artifact.js:599:14)\n    at file:///D:/code/%E7%BB%B4%E5%B0%8F%E6%99%BA/deepseek-harness/node_modules/.pnpm/@vitest+runner@4.1.8/node_modules/@vitest/runner/dist/chunk-artifact.js:2027:7\n    at Array.forEach (<anonymous>)\n    at file:///D:/code/%E7%BB%B4%E5%B0%8F%E6%99%BA/deepseek-harness/node_modules/.pnpm/@vitest+runner@4.1.8/node_modules/@vitest/runner/dist/chunk-artifact.js:2021:10\n    at D:/code/维小智/deepseek-harness/apps/desktop/tests/installed-update-network.spec.ts:64:82\n    at file:///D:/code/%E7%BB%B4%E5%B0%8F%E6%99%BA/deepseek-harness/node_modules/.pnpm/@vitest+runner@4.1.8/node_modules/@vitest/runner/dist/chunk-artifact.js:1889:40\n    at runWithSuite (file:///D:/code/%E7%BB%B4%E5%B0%8F%E6%99%BA/deepseek-harness/node_modules/.pnpm/@vitest+runner@4.1.8/node_modules/@vitest/runner/dist/chunk-artifact.js:2258:8)"],"meta":{},"tags":[]},{"ancestorTitles":["operator firewall script with all firewall cmdlets substituted"],"fullName":"operator firewall script with all firewall cmdlets substituted records restore without touching host firewall state","status":"failed","title":"records restore without touching host firewall state","duration":5021.586500000005,"failureMessages":["Error: STACK_TRACE_ERROR\n    at task (file:///D:/code/%E7%BB%B4%E5%B0%8F%E6%99%BA/deepseek-harness/node_modules/.pnpm/@vitest+runner@4.1.8/node_modules/@vitest/runner/dist/chunk-artifact.js:1784:27)\n    at Object.<anonymous> (file:///D:/code/%E7%BB%B4%E5%B0%8F%E6%99%BA/deepseek-harness/node_modules/.pnpm/@vitest+runner@4.1.8/node_modules/@vitest/runner/dist/chunk-artifact.js:1817:16)\n    at Object.<anonymous> (file:///D:/code/%E7%BB%B4%E5%B0%8F%E6%99%BA/deepseek-harness/node_modules/.pnpm/@vitest+runner@4.1.8/node_modules/@vitest/runner/dist/chunk-artifact.js:1563:28)\n    at Object.chain (file:///D:/code/%E7%BB%B4%E5%B0%8F%E6%99%BA/deepseek-harness/node_modules/.pnpm/@vitest+runner@4.1.8/node_modules/@vitest/runner/dist/chunk-artifact.js:599:14)\n    at file:///D:/code/%E7%BB%B4%E5%B0%8F%E6%99%BA/deepseek-harness/node_modules/.pnpm/@vitest+runner@4.1.8/node_modules/@vitest/runner/dist/chunk-artifact.js:2027:7\n    at Array.forEach (<anonymous>)\n    at file:///D:/code/%E7%BB%B4%E5%B0%8F%E6%99%BA/deepseek-harness/node_modules/.pnpm/@vitest+runner@4.1.8/node_modules/@vitest/runner/dist/chunk-artifact.js:2021:10\n    at D:/code/维小智/deepseek-harness/apps/desktop/tests/installed-update-network.spec.ts:64:82\n    at file:///D:/code/%E7%BB%B4%E5%B0%8F%E6%99%BA/deepseek-harness/node_modules/.pnpm/@vitest+runner@4.1.8/node_modules/@vitest/runner/dist/chunk-artifact.js:1889:40\n    at runWithSuite (file:///D:/code/%E7%BB%B4%E5%B0%8F%E6%99%BA/deepseek-harness/node_modules/.pnpm/@vitest+runner@4.1.8/node_modules/@vitest/runner/dist/chunk-artifact.js:2258:8)"],"meta":{},"tags":[]},{"ancestorTitles":["operator firewall script with all firewall cmdlets substituted"],"fullName":"operator firewall script with all firewall cmdlets substituted records restore-absent without touching host firewall state","status":"failed","title":"records restore-absent without touching host firewall state","duration":5024.193299999999,"failureMessages":["Error: STACK_TRACE_ERROR\n    at task (file:///D:/code/%E7%BB%B4%E5%B0%8F%E6%99%BA/deepseek-harness/node_modules/.pnpm/@vitest+runner
[...]
er"],"fullName":"WorkspaceBrowser hides the add button when no directory-flow occupant is composed","status":"passed","title":"hides the add button when no directory-flow occupant is composed","duration":137.0515000000014,"failureMessages":[],"meta":{},"tags":[]},{"ancestorTitles":["WorkspaceBrowser"],"fullName":"WorkspaceBrowser uses the full expanded Workspace section when resolving a Workspace drop half","status":"passed","title":"uses the full expanded Workspace section when resolving a Workspace drop half","duration":449.5772000000143,"failureMessages":[],"meta":{},"tags":[]},{"ancestorTitles":["WorkspaceBrowser"],"fullName":"WorkspaceBrowser draws the first Workspace insertion boundary on the scroll container","status":"passed","title":"draws the first Workspace insertion boundary on the scroll container","duration":93.25819999999658,"failureMessages":[],"meta":{},"tags":[]},{"ancestorTitles":["WorkspaceBrowser"],"fullName":"WorkspaceBrowser accepts a document-level drop and commits the last Workspace marker on drag end","status":"passed","title":"accepts a document-level drop and commits the last Workspace marker on drag end","duration":141.75780000000668,"failureMessages":[],"meta":{},"tags":[]},{"ancestorTitles":["WorkspaceBrowser"],"fullName":"WorkspaceBrowser persists a grouped drag locally and skips no-op drops","status":"passed","title":"persists a grouped drag locally and skips no-op drops","duration":220.45659999999043,"failureMessages":[],"meta":{},"tags":[]},{"ancestorTitles":["WorkspaceBrowser"],"fullName":"WorkspaceBrowser persists Ungrouped drag order in both modes","status":"passed","title":"persists Ungrouped drag order in both modes","duration":1585.3427999999985,"failureMessages":[],"meta":{},"tags":[]},{"ancestorTitles":["WorkspaceBrowser"],"fullName":"WorkspaceBrowser ignores a drag whose source left the group in flight","status":"passed","title":"ignores a drag whose source left the group in flight","duration":330.2760000000126,"failureMessages":[],"meta":{},"tags":[]},{"ancestorTitles":["WorkspaceBrowser"],"fullName":"WorkspaceBrowser drag end without a drop clears markers; bottom-half drop appends past the last row","status":"passed","title":"drag end without a drop clears markers; bottom-half drop appends past the last row","duration":672.4798999999912,"failureMessages":[],"meta":{},"tags":[]},{"ancestorTitles":["WorkspaceBrowser"],"fullName":"WorkspaceBrowser accepts a document-level drop and commits the last Session marker on drag end","status":"passed","title":"accepts a document-level drop and commits the last Session marker on drag end","duration":577.7155000000057,"failureMessages":[],"meta":{},"tags":[]},{"ancestorTitles":["WorkspaceBrowser"],"fullName":"WorkspaceBrowser renames a workspace through the row menu dialog","status":"passed","title":"renames a workspace through the row menu dialog","duration":1612.5432,"failureMessages":[],"meta":{},"tags":[]},{"ancestorTitles":["WorkspaceBrowser"],"fullName":"WorkspaceBrowser rename via Enter, failure surfaces the error, Cancel closes","status":"passed","title":"rename via Enter, failure surfaces the error, Cancel closes","duration":2090.3867000000027,"failureMessages":[],"meta":{},"tags":[]},{"ancestorTitles":["WorkspaceBrowser"],"fullName":"WorkspaceBrowser reports non-Error rename failures as text","status":"passed","title":"reports non-Error rename failures as text","duration":511.47849999999744,"failureMessages":[],"meta":{},"tags":[]},{"ancestorTitles":["WorkspaceBrowser"],"fullName":"WorkspaceBrowser confirms Workspace deletion, explains retention, and blocks duplicate submission","status":"passed","title":"confirms Workspace deletion, explains retention, and blocks duplicate submission","duration":870.9107999999978,"failureMessages":[],"meta":{},"tags":[]},{"ancestorTitles":["WorkspaceBrowser"],"fullName":"WorkspaceBrowser keeps the delete dialog open on failure and allows retry or cancellation","status":"passed","title":"keeps the delete dialog open on failure and allows retry or cancellation","duration":1591.0286999999953,"failureMessages":[],"meta":{},"tags":[]},{"ancestorTitles":["WorkspaceBrowser"],"fullName":"WorkspaceBrowser Cancel, Escape, and Close dismiss deletion without calling the action","status":"passed","title":"Cancel, Escape, and Close dismiss deletion without calling the action","duration":1390.8479999999981,"failureMessages":[],"meta":{},"tags":[]},{"ancestorTitles":["WorkspaceBrowser"],"fullName":"WorkspaceBrowser search hides drag affordances (rows are not draggable during search)","status":"passed","title":"search hides drag affordances (rows are not draggable during search)","duration":137.75359999999637,"failureMessages":[],"meta":{},"tags":[]},{"ancestorTitles":["Workspace tree grouping"],"fullName":"Workspace tree grouping adopts a parent directory and opens its Session without confirmation","status":"passed","title":"adopts a parent directory and opens its Session without confirmation","duration":376.30220000000554,"failureMessages":[],"meta":{},"tags":[]},{"ancestorTitles":["Workspace tree grouping"],"fullName":"Workspace tree grouping nests newly registered ancestors and children while retaining each Workspace session","status":"passed","title":"nests newly registered ancestors and children while retaining each Workspace session","duration":954.7379000000074,"failureMessages":[],"meta":{},"tags":[]},{"ancestorTitles":["Workspace tree grouping"],"fullName":"Workspace tree grouping restores collapsed ancestors and keeps the flat view independent","status":"passed","title":"restores collapsed ancestors and keeps the flat view independent","duration":620.137699999992,"failureMessages":[],"meta":{},"tags":[]},{"ancestorTitles":["Workspace tree grouping"],"fullName":"Workspace tree grouping drops after an expanded parent through its last descendant","status":"passed","title":"drops after an expanded parent through its last descendant","duration":306.0688999999984,"failureMessages":[],"meta":{},"tags":[]},{"ancestorTitles":["Workspace tree grouping"],"fullName":"Workspace tree grouping avoids a Host reorder when only descendants separate adjacent siblings","status":"passed","title":"avoids a Host reorder when only descendants separate adjacent siblings","duration":230.08259999999427,"failureMessages":[],"meta":{},"tags":[]},{"ancestorTitles":["Workspace tree grouping"],"fullName":"Workspace tree grouping moves a parent with its descendants while preserving their order","status":"passed","title":"moves a parent with its descendants while preserving their order","duration":472.34859999999753,"failureMessages":[],"meta":{},"tags":[]},{"ancestorTitles":["Workspace tree grouping"],"fullName":"Workspace tree grouping keeps a saved ancestor collapse and highlights the current descendant","status":"passed","title":"keeps a saved ancestor collapse and highlights the current descendant","duration":537.2909999999974,"failureMessages":[],"meta":{},"tags":[]},{"ancestorTitles":["Workspace tree grouping"],"fullName":"Workspace tree grouping reveals a search hit without persisting default-expanded ancestors","status":"passed","title":"reveals a search hit without persisting default-expanded ancestors","duration":880.4408999999869,"failureMessages":[],"meta":{},"tags":[]},{"ancestorTitles":["Workspace tree grouping"],"fullName":"Workspace tree grouping keeps Workspace drag within its parent and uses the next displayed sibling as anchor","status":"passed","title":"keeps Workspace drag within its parent and uses the next displayed sibling as anchor","duration":522.9722000000038,"failureMessages":[],"meta":{},"tags":[]}],"startTime":1789702148199,"endTime":1789702234369.9722,"status":"failed","message":"","name":"D:/code/维小智/deepseek-harness/packages/client/ui-workspace/tests/workspace-browser.client.spec.tsx"},{"assertionResults":[{"ancestorTitles":["WorkspacePicker"],"fullName":"WorkspacePicker lists same-title Workspaces separately and forwards the selected id","status":"passed","title":"lists same-title Workspaces separately and forwards the selected id","duration":2585.822899999999,"failureMessages":[],"meta":{},"tags":[]},{"ancestorTitles":["WorkspacePicker"],"fullName":"WorkspacePicker opens the composed directory flow, adopts its picked path, and selects the returned Workspace","status":"passed","title":"opens the composed directory flow, adopts its picked path, and selects the returned Workspace","duration":330.2185000000027,"failureMessages":[],"meta":{},"tags":[]},{"ancestorTitles":["WorkspacePicker"],"fullName":"WorkspacePicker raises the flow straight from the anchor gesture when adding is the only entry","status":"passed","title":"raises the flow straight from the anchor gesture when adding is the only entry","duration":56.578300000001036,"failureMessages":[],"meta":{},"tags":[]},{"ancestorTitles":["WorkspacePicker"],"fullName":"WorkspacePicker treats flow cancellation as a silent no-op","status":"passed","title":"treats flow cancellation as a silent no-op","duration":176.99009999999544,"failureMessages":[],"meta":{},"tags":[]},{"ancestorTitles":["WorkspacePicker"],"fullName":"WorkspacePicker reports a non-Error adoption failure in the folder-error surface","status":"passed","title":"reports a non-Error adoption failure in the folder-error surface","duration":627.5676000000021,"failureMessages":[],"meta":{},"tags":[]},{"ancestorTitles":["WorkspacePicker"],"fullName":"WorkspacePicker disables every menu action from flow open through adoption, and reports busy to the flow","status":"passed","title":"disables every menu action from flow open through adoption, and reports busy to the flow","duration":609.6170999999958,"failureMessages":[],"meta":{},"tags":[]},{"ancestorTitles":["WorkspacePicker"],"fullName":"WorkspacePicker shows the flow-reported failure in the folder-error surface","status":"passed","title":"shows the flow-reported failure in the folder-error surface","duration":335.0926000000036,"failureMessages":[],"meta":{},"tags":[]},{"ancestorTitles":["WorkspacePicker"],"fullName":"WorkspacePicker closes the folder-error surface when the user cancels","status":"passed","title":"closes the folder-error surface when the user cancels","duration":631.5000999999975,"failureMessages":[],"meta":{},"tags":[]},{"ancestorTitles":["WorkspacePicker"],"fullName":"WorkspacePicker waits to show its menu until an optional anchor is available","status":"passed","title":"waits to show its menu until an optional anchor is available","duration":54.890699999996286,"failureMessages":[],"meta":{},"tags":[]},{"ancestorTitles":["WorkspacePicker"],"fullName":"WorkspacePicker keeps the menu up while the list baseline is still in flight","status":"passed","title":"keeps the menu up while the list baseline is still in flight","duration":157.22370000000228,"failureMessages":[],"meta":{},"tags":[]},{"ancestorTitles":["WorkspacePicker"],"fullName":"WorkspacePicker shows no popover at all when nothing is listed and nothing can be added","status":"passed","title":"shows no popover at all when nothing is listed and nothing can be added","duration":34.5083999999988,"failureMessages":[],"meta":{},"tags":[]},{"ancestorTitles":["WorkspacePicker"],"fullName":"WorkspacePicker holds the anchor gesture while an adoption is still settling","status":"passed","title":"holds the anchor gesture while an adoption is still settling","duration":369.38180000000284,"failureMessages":[],"meta":{},"tags":[]},{"ancestorTitles":["WorkspacePicker"],"fullName":"WorkspacePicker hides the add entry while the directory-flow hole is empty","status":"passed","title":"hides the add entry while the directory-flow hole is empty","duration":115.88690000000497,"failureMessages":[],"meta":{},"tags":[]},{"ancestorTitles":["WorkspacePicker"],"fullName":"WorkspacePicker shows the add entry when a flow package activates after the first paint","status":"passed","title":"shows the add entry when a flow package activates after the first paint","duration":270.9392999999982,"failureMessages":[],"meta":{},"tags":[]},{"ancestorTitles":["WorkspacePicker"],"fullName":"WorkspacePicker keeps Choose again inert while the flow occupant is gone, and snaps back a flow opened over an empty hole","status":"passed","title":"keeps Choose again inert while the flow occupant is gone, and snaps back a flow opened over an empty hole","duration":568.0436000000045,"failureMessages":[],"meta":{},"tags":[]},{"ancestorTitles":["WorkspacePicker"],"fullName":"WorkspacePicker withdraws an open flow when its occupant unloads, re-enabling the menu actions","status":"passed","title":"withdraws an open flow when its occupant unloads, re-enabling the menu actions","duration":215.10229999999865,"failureMessages":[],"meta":{},"tags":[]}],"startTime":1789702277570,"endTime":1789702284711.1023,"status":"passed","message":"","name":"D:/code/维小智/deepseek-harness/packages/client/ui-workspace/tests/workspace-picker.client.spec.tsx"},{"assertionResults":[{"ancestorTitles":["UiWorkspaceService"],"fullName":"UiWorkspaceService retains an explicit main target before revealing its Conversation","status":"passed","title":"retains an explicit main target before revealing its Conversation","duration":47.65540000000328,"failureMessages":[],"meta":{},"tags":[]},{"ancestorTitles":["UiWorkspaceService"],"fullName":"UiWorkspaceService keeps the current panel when retaining the target fails","status":"passed","title":"keeps the current panel when retaining the target fails","duration":15.628599999996368,"failureMessages":[],"meta":{},"tags":[]},{"ancestorTitles":["UiWorkspaceService"],"fullName":"UiWorkspaceService releases a newly retained target when Workspace preparation throws","status":"passed","title":"releases a newly retained target when Workspace preparation throws","duration":25.349499999996624,"failureMessages":[],"meta":{},"tags":[]},{"ancestorTitles":["UiWorkspaceService"],"fullName":"UiWorkspaceService opens only the latest Workspace when creation finishes out of order","status":"passed","title":"opens only the latest Workspace when creation finishes out of order","duration":9.934699999997974,"failureMessages":[],"meta":{},"tags":[]},{"ancestorTitles":["UiWorkspaceService"],"fullName":"UiWorkspaceService does not reopen a Workspace after a later panel or Session navigation","status":"passed","title":"does not reopen a Workspace after a later panel or Session navigation","duration":11.966599999999744,"failureMessages":[],"meta":{},"tags":[]},{"ancestorTitles":["UiWorkspaceService"],"fullName":"UiWorkspaceService does not deliver pending Workspace and fork targets after disposal","status":"passed","title":"does not deliver pending Workspace and fork targets after disposal","duration":16.012699999992037,"failureMessages":[],"meta":{},"tags":[]},{"ancestorTitles":["UiWorkspaceService"],"fullName":"UiWorkspaceService ignores a rejected startup selection and stale catalog callbacks after disposal","status":"passed","title":"ignores a rejected startup selection and stale catalog callbacks after disposal","duration":10.125499999994645,"failureMessages":[],"meta":{},"tags":[]},{"ancestorTitles":["UiWorkspaceService"],"fullName":"UiWorkspaceService does not run startup selection after a main Session was chosen while catalogs loaded","status":"passed","title":"does not run startup selection after a main Session was chosen while catalogs loaded","duration":6.184500000003027,"failureMessages":[],"meta":{},"tags":[]},{"ancestorTitles":["UiWorkspaceService"],"fullName":"UiWorkspaceService forwards fork policy and rejects a failed fork","status":"passed","title":"forwards fork policy and rejects a failed fork","duration":7.9429999999993015,"failureMessages":[],"meta":{},"tags":[]},{"ancestorTitles":["UiWorkspaceService"],"fullName":"UiWorkspaceService reuses only an unarchived member blank and coalesces concurrent creation","status":"passed","title":"reuses only an unarchived member blank and coalesces concurrent creation","duration":10.713400000007823,"failureMessages":[],"meta":{},"tags":[]},{"ancestorTitles":["UiWorkspaceService"],"fullName":"UiWorkspaceService uses only an explicit Workspace or the recent-Workspace policy for new Sessions","status":"passed","title":"uses only an explicit Workspace or the recent-Workspace policy for new Sessions","duration":267.81840000000375,"failureMessages":[],"meta":{},"tags":[]},{"ancestorTitles":["UiWorkspaceService"],"fullName":"UiWorkspaceService releases a prepared Workspace target when synchronous preparation supersedes it","status":"passed","title":"releases a prepared Workspace target when synchronous preparation supersedes it","duration":6.66030000000319,"failureMessages":[],"meta":{},"tags":[]},{"ancestorTitles":["UiWorkspaceService"],"fullName":"UiWorkspaceService opens the most recent Workspace after both startup catalogs become ready","status":"passed","title":"opens the most recent Workspace after both startup catalogs become ready","duration":72.22299999999814,"failureMessages":[],"meta":{},"tags":[]},{"ancestorTitles":["UiWorkspaceService"],"fullName":"UiWorkspaceService does not let a pending startup Workspace replace a manual Session selection","status":"passed","title":"does not let a pending startup Workspace replace a manual Session selection","duration":10.357799999997951,"failureMessages":[],"meta":{},"tags":[]},{"ancestorTitles":["UiWorkspaceService"],"fullName":"UiWorkspaceService restores a persisted subagent address without a parent catalog","status":"passed","title":"restores a persisted subagent address without a parent catalog","duration":15.493799999996554,"failureMessages":[],"meta":{},"tags":[]},{"ancestorTitles":["UiWorkspaceService"],"fullName":"UiWorkspaceService persists a catalog-resolved address after string subagent navigation","status":"passed","title":"persists a catalog-resolved address after string subagent navigation","duration":7.942399999999907,"failureMessages":[],"meta":{},"tags":[]},{"ancestorTitles":["UiWorkspaceService"],"fullName":"UiWorkspaceService reports and retries a failed persisted Session restoration","status":"passed","title":"reports and retries a failed persisted Session restoration","duration":10.576799999995274,"failureMessages":[],"meta":{},"tags":[]},{"ancestorTitles":["UiWorkspaceService"],"fullName":"UiWorkspaceService clears a selected Session when an external archive snapshot arrives","status":"passed","title":"clears a selected Session when an external archive snapshot arrives","duration":10.502999999996973,"failureMessages":[],"meta":{},"tags":[]},{"ancestorTitles":["UiWorkspaceService"],"fullName":"UiWorkspaceService clears a selected Session after archiving it without an intervening snapshot","status":"passed","title":"clears a selected Session after archiving it without an intervening snapshot","duration":8.679900000002817,"failureMessages":[],"meta":{},"tags":[]},{"ancestorTitles":["UiWorkspaceService"],"fullName":"UiWorkspaceService forwards archive commands and preserves failures","status":"passed","title":"forwards archive commands and preserves failures","duration":9.637599999987287,"failureMessages":[],"meta":{},"tags":[]},{"ancestorTitles":["UiWorkspaceService"],"fullName":"UiWorkspaceService forwards unarchive commands and preserves failures","status":"passed","title":"forwards unarchive commands and preserves failures","duration":11.038699999990058,"failureMessages":[],"meta":{},"tags":[]},{"ancestorTitles":["UiWorkspaceService"],"fullName":"UiWorkspaceService passes directory operations to the Host and preserves structured browse failures","status":"passed","title":"passes directory operations to the Host and preserves structured browse failures","duration":14.71600000000035,"failureMessages":[],"meta":{},"tags":[]}],"startTime":1789702411586,"endTime":1789702412194.716,"status":"passed","message":"","name":"D:/code/维小智/deepseek-harness/packages/client/ui-workspace/tests/workspaces-service.client.spec.ts"}]}